Project Informationc:\users\administrator\onedrive - mytccd.edu\experimentreport\computerorganization\curriculumdesign\dingel-cpu\controm.rpt

MAX+plus II Compiler Report File
Version 10.0 9/14/2000
Compiled: 09/10/2020 13:27:15

Copyright (C) 1988-2000 Altera Corporation
Any megafunction design, and related net list (encrypted or decrypted),
support information, device programming or simulation file, and any other
associated documentation or information provided by Altera or a partner
under Altera's Megafunction Partnership Program may be used only to
program PLD devices (but not masked PLD devices) from Altera.  Any other
use of such megafunction design, net list, support information, device
programming or simulation file, or any other related documentation or
information is prohibited for any other purpose, including, but not
limited to modification, reverse engineering, de-compiling, or use with
any other silicon devices, unless such use is explicitly licensed under
a separate agreement with Altera or a megafunction partner.  Title to
the intellectual property, including patents, copyrights, trademarks,
trade secrets, or maskworks, embodied in any such megafunction design,
net list, support information, device programming or simulation file, or
any other related documentation or information provided by Altera or a
megafunction partner, remains with Altera, the megafunction partner, or
their respective licensors.  No other licenses, including any licenses
needed under any third party's intellectual property, are provided herein.



***** Project compilation was successful


CONTROM


** DEVICE SUMMARY **

Chip/                     Input Output Bidir  Memory  Memory  			 LCs
POF       Device          Pins  Pins   Pins   Bits % Utilized  LCs  % Utilized

controm   EP1K10TC100-1    6      26     0    0         0  %    63       10 %

User Pins:                 6      26     0  



Project Informationc:\users\administrator\onedrive - mytccd.edu\experimentreport\computerorganization\curriculumdesign\dingel-cpu\controm.rpt

** PROJECT TIMING MESSAGES **

Warning: Timing characteristics of device EP1K10TC100-1 are preliminary


Device-Specific Information:c:\users\administrator\onedrive - mytccd.edu\experimentreport\computerorganization\curriculumdesign\dingel-cpu\controm.rpt
controm

***** Logic for device 'controm' compiled without errors.




Device: EP1K10TC100-1

ACEX 1K Configuration Scheme: Passive Serial

Device Options:
    User-Supplied Start-Up Clock               = OFF
    Auto-Restart Configuration on Frame Error  = OFF
    Release Clears Before Tri-States           = OFF
    Enable Chip_Wide Reset                     = OFF
    Enable Chip-Wide Output Enable             = OFF
    Enable INIT_DONE Output                    = OFF
    JTAG User Code                             = 7f
    MultiVolt I/O                              = OFF
    Enable Lock Output                         = OFF

                                                                   
                                                                   
                  R R R R   R R             R                 R    
                  E E E E   E E             E                 E    
                  S S S S   S S V           S                 S ^  
                  E E E E   E E C A A A     E     V           E D  
                # R R R R   R R C D D D     R     C           R A  
                T V V V V G V V I D D D G   V   U C       O O V T  
                C E E E E N E E N R R R N O E O A I O O O 1 1 E A  
                K D D D D D D D T 4 1 5 D 4 D 9 3 O 3 2 8 4 6 D 0  
              ----------------------------------------------------_ 
             / 100  98  96  94  92  90  88  86  84  82  80  78  76   |_ 
            /     99  97  95  93  91  89  87  85  83  81  79  77    | 
^CONF_DONE |  1                                                    75 | ^DCLK 
     ^nCEO |  2                                                    74 | ^nCE 
      #TDO |  3                                                    73 | #TDI 
     VCCIO |  4                                                    72 | VCCINT 
  RESERVED |  5                                                    71 | O7 
       O10 |  6                                                    70 | O17 
       O15 |  7                                                    69 | O19 
       UA2 |  8                                                    68 | O1 
       O12 |  9                                                    67 | VCCIO 
       O11 | 10                                                    66 | GND 
       GND | 11                                                    65 | RESERVED 
    VCCINT | 12                                                    64 | RESERVED 
       UA0 | 13                   EP1K10TC100-1                    63 | RESERVED 
  RESERVED | 14                                                    62 | RESERVED 
  RESERVED | 15                                                    61 | RESERVED 
  RESERVED | 16                                                    60 | VCCINT 
     VCCIO | 17                                                    59 | GND 
       GND | 18                                                    58 | RESERVED 
  RESERVED | 19                                                    57 | UA4 
        O6 | 20                                                    56 | RESERVED 
       UA5 | 21                                                    55 | O13 
  RESERVED | 22                                                    54 | ^MSEL0 
  RESERVED | 23                                                    53 | ^MSEL1 
      #TMS | 24                                                    52 | VCCINT 
  ^nSTATUS | 25                                                    51 | ^nCONFIG 
           |      27  29  31  33  35  37  39  41  43  45  47  49  _| 
            \   26  28  30  32  34  36  38  40  42  44  46  48  50   | 
             \----------------------------------------------------- 
                R R R R R R R O R V G V A A A G G R V O R R R O U  
                E E E E E E E 5 E C N C D D D N N E C 0 E E E 1 A  
                S S S S S S S   S C D C D D D D D S C   S S S 8 1  
                E E E E E E E   E I   _ R R R _   E I   E E E      
                R R R R R R R   R N   C 3 0 2 C   R O   R R R      
                V V V V V V V   V T   K       K   V     V V V      
                E E E E E E E   E     L       L   E     E E E      
                D D D D D D D   D     K       K   D     D D D      
                                                                   
                                                                   


N.C. = No Connect. This pin has no internal connection to the device.
VCCINT = Dedicated power pin, which MUST be connected to VCC (2.5 volts).
VCCIO = Dedicated power pin, which MUST be connected to VCC (2.5 volts).
GND = Dedicated ground pin or unused dedicated input, which MUST be connected to GND.
RESERVED = Unused I/O pin, which MUST be left unconnected.

^ = Dedicated configuration pin.
+ = Reserved configuration pin, which is tri-stated during user mode.
* = Reserved configuration pin, which drives out in user mode.
PDn = Power Down pin. 
@ = Special-purpose pin. 
# = JTAG Boundary-Scan Testing/In-System Programming or Configuration Pin. The JTAG inputs TMS and TDI should be tied to VCC and TCK should be tied to GND when not in use.
& = JTAG pin used for I/O. When used as user I/O, JTAG pins must be kept stable before and during configuration.  JTAG pin stability prevents accidental loading of JTAG instructions.
$ = Pin has PCI I/O option enabled. Pin is neither '5.0 V'- nor '3.3 V'-tolerant. 


Device-Specific Information:c:\users\administrator\onedrive - mytccd.edu\experimentreport\computerorganization\curriculumdesign\dingel-cpu\controm.rpt
controm

** RESOURCE USAGE **

Logic                Column       Row                                   
Array                Interconnect Interconnect         Clears/     External  
Block   Logic Cells  Driven       Driven       Clocks  Presets   Interconnect
A1       8/ 8(100%)   2/ 8( 25%)   6/ 8( 75%)    0/2    0/2       5/22( 22%)   
A2       8/ 8(100%)   1/ 8( 12%)   7/ 8( 87%)    0/2    0/2       7/22( 31%)   
A4       8/ 8(100%)   3/ 8( 37%)   0/ 8(  0%)    0/2    0/2      13/22( 59%)   
A6       8/ 8(100%)   3/ 8( 37%)   5/ 8( 62%)    0/2    0/2      11/22( 50%)   
A8       8/ 8(100%)   1/ 8( 12%)   1/ 8( 12%)    0/2    0/2      17/22( 77%)   
A9       7/ 8( 87%)   1/ 8( 12%)   7/ 8( 87%)    0/2    0/2       7/22( 31%)   
A10      8/ 8(100%)   0/ 8(  0%)   3/ 8( 37%)    0/2    0/2      14/22( 63%)   
A12      8/ 8(100%)   2/ 8( 25%)   6/ 8( 75%)    0/2    0/2       8/22( 36%)   


Embedded             Column       Row                                   
Array     Embedded   Interconnect Interconnect         Read/      External  
Block     Cells      Driven       Driven       Clocks  Write    Interconnect


Total dedicated input pins used:                 6/6      (100%)
Total I/O pins used:                            26/60     ( 43%)
Total logic cells used:                         63/576    ( 10%)
Total embedded cells used:                       0/48     (  0%)
Total EABs used:                                 0/3      (  0%)
Average fan-in:                                 3.34/4    ( 83%)
Total fan-in:                                 211/2304    (  9%)

Total input pins required:                       6
Total input I/O cell registers required:         0
Total output pins required:                     26
Total output I/O cell registers required:        0
Total buried I/O cell registers required:        0
Total bidirectional pins required:               0
Total reserved pins required                     0
Total logic cells required:                     63
Total flipflops required:                        0
Total packed registers required:                 0
Total logic cells in carry chains:               0
Total number of carry chains:                    0
Total logic cells in cascade chains:             0
Total number of cascade chains:                  0
Total single-pin Clock Enables required:         0
Total single-pin Output Enables required:        0

Synthesized logic cells:                        22/ 576   (  3%)

Logic Cell and Embedded Cell Counts

Column:  01  02  03  04  05  06  07  08  09  10  11  12  EA  13  14  15  16  17  18  19  20  21  22  23  24  Total(LC/EC)
 A:      8   8   0   8   0   8   0   8   7   8   0   8   0   0   0   0   0   0   0   0   0   0   0   0   0     63/0  
 B:      0   0   0   0   0   0   0   0   0   0   0   0   0   0   0   0   0   0   0   0   0   0   0   0   0      0/0  
 C:      0   0   0   0   0   0   0   0   0   0   0   0   0   0   0   0   0   0   0   0   0   0   0   0   0      0/0  

Total:   8   8   0   8   0   8   0   8   7   8   0   8   0   0   0   0   0   0   0   0   0   0   0   0   0     63/0  



Device-Specific Information:c:\users\administrator\onedrive - mytccd.edu\experimentreport\computerorganization\curriculumdesign\dingel-cpu\controm.rpt
controm

** INPUTS **

                                                    Fan-In    Fan-Out
 Pin     LC     EC   Row  Col  Primitive    Code      INP  FBK  OUT  FBK  Name
  39      -     -    -    --      INPUT             ^    0    0    0    4  ADDR0
  90      -     -    -    --      INPUT             ^    0    0    0    4  ADDR1
  40      -     -    -    --      INPUT             ^    0    0    0   21  ADDR2
  38      -     -    -    --      INPUT             ^    0    0    0   21  ADDR3
  91      -     -    -    --      INPUT             ^    0    0    0    4  ADDR4
  89      -     -    -    --      INPUT             ^    0    0    0    4  ADDR5


Code:

s = Synthesized pin or logic cell
+ = Synchronous flipflop
/ = Slow slew-rate output
! = NOT gate push-back
r = Fitter-inserted logic cell
^ = Increased input delay
* = PCI I/O is enabled
@ = Uses single-pin Clock Enable
& = Uses single-pin Output Enable


Device-Specific Information:c:\users\administrator\onedrive - mytccd.edu\experimentreport\computerorganization\curriculumdesign\dingel-cpu\controm.rpt
controm

** OUTPUTS **

       Fed By Fed By                                Fan-In    Fan-Out
 Pin     LC     EC   Row  Col  Primitive    Code      INP  FBK  OUT  FBK  Name
  45      -     -    -    11     OUTPUT                 0    1    0    0  O0
  68      -     -    A    --     OUTPUT                 0    1    0    0  O1
  81      -     -    -    03     OUTPUT                 0    1    0    0  O2
  82      -     -    -    04     OUTPUT                 0    1    0    0  O3
  87      -     -    -    12     OUTPUT                 0    1    0    0  O4
  33      -     -    -    15     OUTPUT                 0    0    0    0  O5
  20      -     -    C    --     OUTPUT                 0    1    0    0  O6
  71      -     -    A    --     OUTPUT                 0    1    0    0  O7
  80      -     -    -    03     OUTPUT                 0    1    0    0  O8
  85      -     -    -    08     OUTPUT                 0    1    0    0  O9
   6      -     -    A    --     OUTPUT                 0    1    0    0  O10
  10      -     -    A    --     OUTPUT                 0    1    0    0  O11
   9      -     -    A    --     OUTPUT                 0    1    0    0  O12
  55      -     -    C    --     OUTPUT                 0    1    0    0  O13
  79      -     -    -    02     OUTPUT                 0    1    0    0  O14
   7      -     -    A    --     OUTPUT                 0    1    0    0  O15
  78      -     -    -    01     OUTPUT                 0    1    0    0  O16
  70      -     -    A    --     OUTPUT                 0    1    0    0  O17
  49      -     -    -    06     OUTPUT                 0    1    0    0  O18
  69      -     -    A    --     OUTPUT                 0    1    0    0  O19
  13      -     -    B    --     OUTPUT                 0    0    0    0  UA0
  50      -     -    -    02     OUTPUT                 0    1    0    0  UA1
   8      -     -    A    --     OUTPUT                 0    1    0    0  UA2
  84      -     -    -    05     OUTPUT                 0    1    0    0  UA3
  57      -     -    C    --     OUTPUT                 0    0    0    0  UA4
  21      -     -    C    --     OUTPUT                 0    0    0    0  UA5


Code:

s = Synthesized pin or logic cell
+ = Synchronous flipflop
/ = Slow slew-rate output
! = NOT gate push-back
r = Fitter-inserted logic cell
^ = Increased input delay
* = PCI I/O is enabled
@ = Uses single-pin Clock Enable
& = Uses single-pin Output Enable


Device-Specific Information:c:\users\administrator\onedrive - mytccd.edu\experimentreport\computerorganization\curriculumdesign\dingel-cpu\controm.rpt
controm

** BURIED LOGIC **

                                                    Fan-In    Fan-Out
 IOC     LC     EC   Row  Col  Primitive    Code      INP  FBK  OUT  FBK  Name
   -      1     -    A    02       AND2                2    1    0    5  :1540
   -      2     -    A    09        OR2        !       2    1    1    6  :1556
   -      4     -    A    09       AND2    s           4    0    0    6  ~1572~1
   -      5     -    A    01       AND2    s           2    1    1    0  ~1572~2
   -      7     -    A    01       AND2                2    1    1    4  :1572
   -      1     -    A    01       AND2                2    1    0    4  :1588
   -      1     -    A    09        OR2        !       2    1    1    5  :1620
   -      4     -    A    01       AND2                2    1    0    4  :1636
   -      8     -    A    01       AND2                2    1    0    4  :1652
   -      3     -    A    09        OR2    s           4    0    0    6  ~1668~1
   -      8     -    A    02        OR2        !       2    1    1    4  :1668
   -      5     -    A    09       AND2    s   !       4    0    0    5  ~1684~1
   -      4     -    A    08        OR2        !       2    1    0    1  :1684
   -      7     -    A    09        OR2    s           4    0    0    5  ~1716~1
   -      4     -    A    02        OR2        !       2    1    0    4  :1716
   -      5     -    A    02        OR2        !       2    1    0    4  :1732
   -      7     -    A    12        OR2        !       2    1    0    4  :1748
   -      2     -    A    12        OR2        !       2    1    0    4  :1764
   -      2     -    A    01        OR2    s   !       2    1    1    0  ~1780~1
   -      6     -    A    02        OR2        !       2    1    1    7  :1780
   -      1     -    A    06       AND2        !       0    2    1    4  :1834
   -      7     -    A    08        OR2                0    4    0    1  :1960
   -      8     -    A    08       AND2                0    4    0    1  :1980
   -      2     -    A    08        OR2                0    4    1    0  :1989
   -      5     -    A    06        OR2                0    4    0    1  :2014
   -      4     -    A    12       AND2    s           0    2    0    5  ~2040~1
   -      3     -    A    02        OR2                0    4    1    0  :2040
   -      6     -    A    06        OR2    s   !       2    2    0    4  ~2064~1
   -      7     -    A    06        OR2                0    4    1    0  :2089
   -      6     -    A    09        OR2    s           2    2    0    2  ~2184~1
   -      7     -    A    10        OR2    s           0    4    0    1  ~2184~2
   -      8     -    A    10        OR2                0    4    1    0  :2193
   -      2     -    A    04        OR2        !       0    2    0    1  :2205
   -      6     -    A    10        OR2                0    3    0    1  :2218
   -      5     -    A    10        OR2    s           0    4    0    1  ~2220~1
   -      2     -    A    10        OR2                0    4    1    0  :2244
   -      3     -    A    08        OR2                0    4    0    1  :2271
   -      5     -    A    08        OR2                0    4    0    1  :2280
   -      6     -    A    08        OR2    s           2    2    0    1  ~2281~1
   -      5     -    A    12       AND2    s   !       0    2    0    4  ~2293~1
   -      1     -    A    08        OR2                0    4    1    0  :2293
   -      8     -    A    04        OR2                0    3    0    2  :2335
   -      4     -    A    04        OR2                0    4    1    0  :2344
   -      1     -    A    10        OR2                0    4    0    1  :2517
   -      6     -    A    01        OR2    s           0    2    0    4  ~2539~1
   -      2     -    A    02        OR2    s           0    2    0    5  ~2539~2
   -      3     -    A    10        OR2    s           0    2    0    2  ~2539~3
   -      4     -    A    10        OR2                0    4    0    1  :2539
   -      8     -    A    12        OR2                0    4    1    0  :2548
   -      1     -    A    04        OR2                0    3    1    0  :2601
   -      4     -    A    06        OR2    s           0    2    0    3  ~2626~1
   -      3     -    A    04        OR2                0    4    0    2  :2626
   -      7     -    A    02       AND2    s   !       0    2    0    7  ~2644~1
   -      7     -    A    04        OR2                0    4    0    1  :2644
   -      6     -    A    04        OR2                0    3    1    0  :2650
   -      3     -    A    12        OR2                2    2    0    4  :2737
   -      6     -    A    12       AND2                0    3    1    0  :2754
   -      3     -    A    01        OR2                2    2    0    5  :2872
   -      5     -    A    04        OR2    s   !       0    2    0    1  ~2907~1
   -      1     -    A    12        OR2    s   !       0    4    0    4  ~2907~2
   -      8     -    A    06       AND2    s           0    4    1    0  ~2907~3
   -      3     -    A    06       AND2    s           0    4    1    0  ~2907~4
   -      2     -    A    06       AND2                0    4    1    0  :2907


Code:

s = Synthesized pin or logic cell
+ = Synchronous flipflop
/ = Slow slew-rate output
! = NOT gate push-back
r = Fitter-inserted logic cell
^ = Increased input delay
* = PCI I/O is enabled
p = Packed register


Device-Specific Information:c:\users\administrator\onedrive - mytccd.edu\experimentreport\computerorganization\curriculumdesign\dingel-cpu\controm.rpt
controm

** FASTTRACK INTERCONNECT UTILIZATION **

Row FastTrack Interconnect:

          Global         Left Half-      Right Half-
         FastTrack       FastTrack       FastTrack 
Row     Interconnect    Interconnect    Interconnect    Input Pins     Output Pins     Bidir Pins
A:       6/ 96(  6%)    29/ 48( 60%)     0/ 48(  0%)    0/16(  0%)      9/16( 56%)     0/16(  0%)
B:       0/ 96(  0%)     0/ 48(  0%)     0/ 48(  0%)    0/16(  0%)      1/16(  6%)     0/16(  0%)
C:       1/ 96(  1%)     1/ 48(  2%)     0/ 48(  0%)    0/16(  0%)      4/16( 25%)     0/16(  0%)


Column FastTrack Interconnect:

         FastTrack                                 
Column  Interconnect    Input Pins     Output Pins     Bidir Pins
01:      1/24(  4%)     0/4(  0%)      1/4( 25%)       0/4(  0%)
02:      2/24(  8%)     0/4(  0%)      2/4( 50%)       0/4(  0%)
03:      2/24(  8%)     0/4(  0%)      2/4( 50%)       0/4(  0%)
04:      1/24(  4%)     0/4(  0%)      1/4( 25%)       0/4(  0%)
05:      1/24(  4%)     0/4(  0%)      1/4( 25%)       0/4(  0%)
06:      2/24(  8%)     0/4(  0%)      1/4( 25%)       0/4(  0%)
07:      0/24(  0%)     0/4(  0%)      0/4(  0%)       0/4(  0%)
08:      1/24(  4%)     0/4(  0%)      1/4( 25%)       0/4(  0%)
09:      1/24(  4%)     0/4(  0%)      0/4(  0%)       0/4(  0%)
10:      0/24(  0%)     0/4(  0%)      0/4(  0%)       0/4(  0%)
11:      1/24(  4%)     0/4(  0%)      1/4( 25%)       0/4(  0%)
12:      1/24(  4%)     0/4(  0%)      1/4( 25%)       0/4(  0%)
13:      0/24(  0%)     0/4(  0%)      0/4(  0%)       0/4(  0%)
14:      0/24(  0%)     0/4(  0%)      0/4(  0%)       0/4(  0%)
15:      0/24(  0%)     0/4(  0%)      1/4( 25%)       0/4(  0%)
16:      0/24(  0%)     0/4(  0%)      0/4(  0%)       0/4(  0%)
17:      0/24(  0%)     0/4(  0%)      0/4(  0%)       0/4(  0%)
18:      0/24(  0%)     0/4(  0%)      0/4(  0%)       0/4(  0%)
19:      0/24(  0%)     0/4(  0%)      0/4(  0%)       0/4(  0%)
20:      0/24(  0%)     0/4(  0%)      0/4(  0%)       0/4(  0%)
21:      0/24(  0%)     0/4(  0%)      0/4(  0%)       0/4(  0%)
22:      0/24(  0%)     0/4(  0%)      0/4(  0%)       0/4(  0%)
23:      0/24(  0%)     0/4(  0%)      0/4(  0%)       0/4(  0%)
24:      0/24(  0%)     0/4(  0%)      0/4(  0%)       0/4(  0%)
EA:      0/24(  0%)     0/4(  0%)      0/4(  0%)       0/4(  0%)


Device-Specific Information:c:\users\administrator\onedrive - mytccd.edu\experimentreport\computerorganization\curriculumdesign\dingel-cpu\controm.rpt
controm

** EQUATIONS **

ADDR0    : INPUT;
ADDR1    : INPUT;
ADDR2    : INPUT;
ADDR3    : INPUT;
ADDR4    : INPUT;
ADDR5    : INPUT;

-- Node name is 'O0' 
-- Equation name is 'O0', type is output 
O0       =  _LC6_A12;

-- Node name is 'O1' 
-- Equation name is 'O1', type is output 
O1       =  _LC6_A2;

-- Node name is 'O2' 
-- Equation name is 'O2', type is output 
O2       =  _LC6_A4;

-- Node name is 'O3' 
-- Equation name is 'O3', type is output 
O3       =  _LC1_A4;

-- Node name is 'O4' 
-- Equation name is 'O4', type is output 
O4       =  _LC8_A12;

-- Node name is 'O5' 
-- Equation name is 'O5', type is output 
O5       =  VCC;

-- Node name is 'O6' 
-- Equation name is 'O6', type is output 
O6       = !_LC2_A9;

-- Node name is 'O7' 
-- Equation name is 'O7', type is output 
O7       = !_LC1_A9;

-- Node name is 'O8' 
-- Equation name is 'O8', type is output 
O8       =  _LC4_A4;

-- Node name is 'O9' 
-- Equation name is 'O9', type is output 
O9       =  _LC1_A8;

-- Node name is 'O10' 
-- Equation name is 'O10', type is output 
O10      =  _LC2_A10;

-- Node name is 'O11' 
-- Equation name is 'O11', type is output 
O11      =  _LC8_A10;

-- Node name is 'O12' 
-- Equation name is 'O12', type is output 
O12      =  _LC7_A1;

-- Node name is 'O13' 
-- Equation name is 'O13', type is output 
O13      =  _LC7_A6;

-- Node name is 'O14' 
-- Equation name is 'O14', type is output 
O14      =  _LC3_A2;

-- Node name is 'O15' 
-- Equation name is 'O15', type is output 
O15      =  _LC2_A8;

-- Node name is 'O16' 
-- Equation name is 'O16', type is output 
O16      =  _LC2_A1;

-- Node name is 'O17' 
-- Equation name is 'O17', type is output 
O17      =  _LC2_A6;

-- Node name is 'O18' 
-- Equation name is 'O18', type is output 
O18      =  _LC1_A6;

-- Node name is 'O19' 
-- Equation name is 'O19', type is output 
O19      = !_LC8_A2;

-- Node name is 'UA0' 
-- Equation name is 'UA0', type is output 
UA0      =  GND;

-- Node name is 'UA1' 
-- Equation name is 'UA1', type is output 
UA1      =  _LC5_A1;

-- Node name is 'UA2' 
-- Equation name is 'UA2', type is output 
UA2      =  _LC8_A6;

-- Node name is 'UA3' 
-- Equation name is 'UA3', type is output 
UA3      =  _LC3_A6;

-- Node name is 'UA4' 
-- Equation name is 'UA4', type is output 
UA4      =  GND;

-- Node name is 'UA5' 
-- Equation name is 'UA5', type is output 
UA5      =  GND;

-- Node name is ':1540' 
-- Equation name is '_LC1_A2', type is buried 
_LC1_A2  = LCELL( _EQ001);
  _EQ001 =  ADDR2 &  ADDR3 & !_LC3_A9;

-- Node name is ':1556' 
-- Equation name is '_LC2_A9', type is buried 
!_LC2_A9 = _LC2_A9~NOT;
_LC2_A9~NOT = LCELL( _EQ002);
  _EQ002 = !ADDR3
         # !ADDR2
         #  _LC5_A9;

-- Node name is '~1572~1' 
-- Equation name is '~1572~1', location is LC4_A9, type is buried.
-- synthesized logic cell 
_LC4_A9  = LCELL( _EQ003);
  _EQ003 =  ADDR0 & !ADDR1 & !ADDR4 & !ADDR5;

-- Node name is '~1572~2' 
-- Equation name is '~1572~2', location is LC5_A1, type is buried.
-- synthesized logic cell 
_LC5_A1  = LCELL( _EQ004);
  _EQ004 =  ADDR2 &  ADDR3 &  _LC4_A9;

-- Node name is ':1572' 
-- Equation name is '_LC7_A1', type is buried 
_LC7_A1  = LCELL( _EQ005);
  _EQ005 =  ADDR2 &  ADDR3 &  _LC4_A9;

-- Node name is ':1588' 
-- Equation name is '_LC1_A1', type is buried 
_LC1_A1  = LCELL( _EQ006);
  _EQ006 =  ADDR2 &  ADDR3 & !_LC7_A9;

-- Node name is ':1620' 
-- Equation name is '_LC1_A9', type is buried 
!_LC1_A9 = _LC1_A9~NOT;
_LC1_A9~NOT = LCELL( _EQ007);
  _EQ007 = !ADDR3
         #  ADDR2
         #  _LC5_A9;

-- Node name is ':1636' 
-- Equation name is '_LC4_A1', type is buried 
_LC4_A1  = LCELL( _EQ008);
  _EQ008 = !ADDR2 &  ADDR3 &  _LC4_A9;

-- Node name is ':1652' 
-- Equation name is '_LC8_A1', type is buried 
_LC8_A1  = LCELL( _EQ009);
  _EQ009 = !ADDR2 &  ADDR3 & !_LC7_A9;

-- Node name is '~1668~1' 
-- Equation name is '~1668~1', location is LC3_A9, type is buried.
-- synthesized logic cell 
_LC3_A9  = LCELL( _EQ010);
  _EQ010 =  ADDR5
         #  ADDR4
         # !ADDR0
         # !ADDR1;

-- Node name is ':1668' 
-- Equation name is '_LC8_A2', type is buried 
!_LC8_A2 = _LC8_A2~NOT;
_LC8_A2~NOT = LCELL( _EQ011);
  _EQ011 =  ADDR3
         # !ADDR2
         #  _LC3_A9;

-- Node name is '~1684~1' 
-- Equation name is '~1684~1', location is LC5_A9, type is buried.
-- synthesized logic cell 
!_LC5_A9 = _LC5_A9~NOT;
_LC5_A9~NOT = LCELL( _EQ012);
  _EQ012 = !ADDR0 &  ADDR1 & !ADDR4 & !ADDR5;

-- Node name is ':1684' 
-- Equation name is '_LC4_A8', type is buried 
!_LC4_A8 = _LC4_A8~NOT;
_LC4_A8~NOT = LCELL( _EQ013);
  _EQ013 =  ADDR3
         # !ADDR2
         #  _LC5_A9;

-- Node name is '~1716~1' 
-- Equation name is '~1716~1', location is LC7_A9, type is buried.
-- synthesized logic cell 
_LC7_A9  = LCELL( _EQ014);
  _EQ014 =  ADDR5
         #  ADDR4
         #  ADDR0
         #  ADDR1;

-- Node name is ':1716' 
-- Equation name is '_LC4_A2', type is buried 
!_LC4_A2 = _LC4_A2~NOT;
_LC4_A2~NOT = LCELL( _EQ015);
  _EQ015 =  _LC7_A9
         #  ADDR3
         # !ADDR2;

-- Node name is ':1732' 
-- Equation name is '_LC5_A2', type is buried 
!_LC5_A2 = _LC5_A2~NOT;
_LC5_A2~NOT = LCELL( _EQ016);
  _EQ016 =  _LC3_A9
         #  ADDR3
         #  ADDR2;

-- Node name is ':1748' 
-- Equation name is '_LC7_A12', type is buried 
!_LC7_A12 = _LC7_A12~NOT;
_LC7_A12~NOT = LCELL( _EQ017);
  _EQ017 =  ADDR3
         #  ADDR2
         #  _LC5_A9;

-- Node name is ':1764' 
-- Equation name is '_LC2_A12', type is buried 
!_LC2_A12 = _LC2_A12~NOT;
_LC2_A12~NOT = LCELL( _EQ018);
  _EQ018 =  ADDR3
         #  ADDR2
         # !_LC4_A9;

-- Node name is '~1780~1' 
-- Equation name is '~1780~1', location is LC2_A1, type is buried.
-- synthesized logic cell 
!_LC2_A1 = _LC2_A1~NOT;
_LC2_A1~NOT = LCELL( _EQ019);
  _EQ019 =  ADDR3
         #  ADDR2
         #  _LC7_A9;

-- Node name is ':1780' 
-- Equation name is '_LC6_A2', type is buried 
!_LC6_A2 = _LC6_A2~NOT;
_LC6_A2~NOT = LCELL( _EQ020);
  _EQ020 =  ADDR3
         #  ADDR2
         #  _LC7_A9;

-- Node name is ':1834' 
-- Equation name is '_LC1_A6', type is buried 
!_LC1_A6 = _LC1_A6~NOT;
_LC1_A6~NOT = LCELL( _EQ021);
  _EQ021 = !_LC6_A2 & !_LC8_A2;

-- Node name is ':1960' 
-- Equation name is '_LC7_A8', type is buried 
_LC7_A8  = LCELL( _EQ022);
  _EQ022 =  _LC1_A1 &  _LC6_A6
         #  _LC1_A2 &  _LC6_A6
         #  _LC4_A1;

-- Node name is ':1980' 
-- Equation name is '_LC8_A8', type is buried 
_LC8_A8  = LCELL( _EQ023);
  _EQ023 = !_LC2_A2 & !_LC4_A2 &  _LC7_A8 & !_LC8_A1;

-- Node name is ':1989' 
-- Equation name is '_LC2_A8', type is buried 
_LC2_A8  = LCELL( _EQ024);
  _EQ024 = !_LC6_A2 &  _LC8_A8
         #  _LC5_A12 & !_LC6_A2
         #  _LC5_A2 & !_LC6_A2;

-- Node name is ':2014' 
-- Equation name is '_LC5_A6', type is buried 
_LC5_A6  = LCELL( _EQ025);
  _EQ025 = !_LC2_A9 & !_LC3_A1 & !_LC4_A6
         #  _LC6_A1;

-- Node name is '~2040~1' 
-- Equation name is '~2040~1', location is LC4_A12, type is buried.
-- synthesized logic cell 
_LC4_A12 = LCELL( _EQ026);
  _EQ026 = !_LC5_A12 & !_LC6_A2;

-- Node name is ':2040' 
-- Equation name is '_LC3_A2', type is buried 
_LC3_A2  = LCELL( _EQ027);
  _EQ027 = !_LC2_A2 &  _LC4_A12 &  _LC5_A6
         #  _LC4_A12 &  _LC7_A2;

-- Node name is '~2064~1' 
-- Equation name is '~2064~1', location is LC6_A6, type is buried.
-- synthesized logic cell 
!_LC6_A6 = _LC6_A6~NOT;
_LC6_A6~NOT = LCELL( _EQ028);
  _EQ028 = !ADDR2 &  ADDR3 & !_LC3_A9
         #  _LC1_A9;

-- Node name is ':2089' 
-- Equation name is '_LC7_A6', type is buried 
_LC7_A6  = LCELL( _EQ029);
  _EQ029 =  _LC1_A6
         # !_LC1_A12
         # !_LC2_A9 &  _LC6_A6;

-- Node name is '~2184~1' 
-- Equation name is '~2184~1', location is LC6_A9, type is buried.
-- synthesized logic cell 
_LC6_A9  = LCELL( _EQ030);
  _EQ030 = !ADDR3 & !_LC4_A6
         #  ADDR2 & !_LC4_A6
         #  _LC3_A9 & !_LC4_A6;

-- Node name is '~2184~2' 
-- Equation name is '~2184~2', location is LC7_A10, type is buried.
-- synthesized logic cell 
_LC7_A10 = LCELL( _EQ031);
  _EQ031 = !_LC3_A10 & !_LC4_A2 &  _LC7_A1
         #  _LC1_A2 & !_LC3_A10 & !_LC4_A2;

-- Node name is ':2193' 
-- Equation name is '_LC8_A10', type is buried 
_LC8_A10 = LCELL( _EQ032);
  _EQ032 =  _LC4_A12 &  _LC6_A9 &  _LC7_A10
         #  _LC4_A12 &  _LC5_A2;

-- Node name is ':2205' 
-- Equation name is '_LC2_A4', type is buried 
!_LC2_A4 = _LC2_A4~NOT;
_LC2_A4~NOT = LCELL( _EQ033);
  _EQ033 =  _LC1_A2
         #  _LC2_A9;

-- Node name is ':2218' 
-- Equation name is '_LC6_A10', type is buried 
_LC6_A10 = LCELL( _EQ034);
  _EQ034 =  _LC5_A10 &  _LC6_A9
         #  _LC8_A1;

-- Node name is '~2220~1' 
-- Equation name is '~2220~1', location is LC5_A10, type is buried.
-- synthesized logic cell 
_LC5_A10 = LCELL( _EQ035);
  _EQ035 = !_LC1_A2 & !_LC2_A9 & !_LC4_A1
         # !_LC4_A1 &  _LC7_A1;

-- Node name is ':2244' 
-- Equation name is '_LC2_A10', type is buried 
_LC2_A10 = LCELL( _EQ036);
  _EQ036 = !_LC2_A2 &  _LC4_A12 &  _LC6_A10
         #  _LC4_A12 &  _LC7_A2;

-- Node name is ':2271' 
-- Equation name is '_LC3_A8', type is buried 
_LC3_A8  = LCELL( _EQ037);
  _EQ037 = !_LC4_A1 & !_LC6_A6
         #  _LC2_A9 & !_LC4_A1
         #  _LC1_A1 & !_LC4_A1;

-- Node name is ':2280' 
-- Equation name is '_LC5_A8', type is buried 
_LC5_A8  = LCELL( _EQ038);
  _EQ038 =  _LC3_A8 & !_LC4_A8
         # !_LC4_A8 &  _LC8_A2
         # !_LC4_A8 &  _LC8_A1;

-- Node name is '~2281~1' 
-- Equation name is '~2281~1', location is LC6_A8, type is buried.
-- synthesized logic cell 
_LC6_A8  = LCELL( _EQ039);
  _EQ039 =  ADDR2 & !ADDR3 &  _LC4_A9
         #  _LC4_A2;

-- Node name is '~2293~1' 
-- Equation name is '~2293~1', location is LC5_A12, type is buried.
-- synthesized logic cell 
!_LC5_A12 = _LC5_A12~NOT;
_LC5_A12~NOT = LCELL( _EQ040);
  _EQ040 = !_LC2_A12 & !_LC7_A12;

-- Node name is ':2293' 
-- Equation name is '_LC1_A8', type is buried 
_LC1_A8  = LCELL( _EQ041);
  _EQ041 = !_LC5_A2 &  _LC5_A8
         # !_LC5_A2 &  _LC6_A8
         # !_LC4_A12;

-- Node name is ':2335' 
-- Equation name is '_LC8_A4', type is buried 
_LC8_A4  = LCELL( _EQ042);
  _EQ042 =  _LC2_A2
         #  _LC7_A2
         #  _LC3_A4;

-- Node name is ':2344' 
-- Equation name is '_LC4_A4', type is buried 
_LC4_A4  = LCELL( _EQ043);
  _EQ043 = !_LC7_A12 &  _LC8_A4
         #  _LC6_A2
         #  _LC2_A12;

-- Node name is ':2517' 
-- Equation name is '_LC1_A10', type is buried 
_LC1_A10 = LCELL( _EQ044);
  _EQ044 = !_LC1_A1 &  _LC1_A2
         # !_LC1_A1 &  _LC2_A9
         # !_LC1_A1 &  _LC7_A1;

-- Node name is '~2539~1' 
-- Equation name is '~2539~1', location is LC6_A1, type is buried.
-- synthesized logic cell 
_LC6_A1  = LCELL( _EQ045);
  _EQ045 =  _LC8_A1
         #  _LC4_A1;

-- Node name is '~2539~2' 
-- Equation name is '~2539~2', location is LC2_A2, type is buried.
-- synthesized logic cell 
_LC2_A2  = LCELL( _EQ046);
  _EQ046 =  _LC8_A2
         #  _LC3_A12;

-- Node name is '~2539~3' 
-- Equation name is '~2539~3', location is LC3_A10, type is buried.
-- synthesized logic cell 
_LC3_A10 = LCELL( _EQ047);
  _EQ047 =  _LC2_A2
         #  _LC6_A1;

-- Node name is ':2539' 
-- Equation name is '_LC4_A10', type is buried 
_LC4_A10 = LCELL( _EQ048);
  _EQ048 =  _LC1_A10
         # !_LC6_A6
         #  _LC3_A10
         #  _LC7_A2;

-- Node name is ':2548' 
-- Equation name is '_LC8_A12', type is buried 
_LC8_A12 = LCELL( _EQ049);
  _EQ049 =  _LC6_A2
         #  _LC2_A12
         #  _LC4_A10 & !_LC7_A12;

-- Node name is ':2601' 
-- Equation name is '_LC1_A4', type is buried 
_LC1_A4  = LCELL( _EQ050);
  _EQ050 = !_LC6_A2 &  _LC8_A4
         #  _LC5_A12 & !_LC6_A2;

-- Node name is '~2626~1' 
-- Equation name is '~2626~1', location is LC4_A6, type is buried.
-- synthesized logic cell 
_LC4_A6  = LCELL( _EQ051);
  _EQ051 =  _LC1_A9
         #  _LC1_A1;

-- Node name is ':2626' 
-- Equation name is '_LC3_A4', type is buried 
_LC3_A4  = LCELL( _EQ052);
  _EQ052 =  _LC3_A1
         #  _LC4_A6
         #  _LC6_A1
         # !_LC2_A4;

-- Node name is '~2644~1' 
-- Equation name is '~2644~1', location is LC7_A2, type is buried.
-- synthesized logic cell 
!_LC7_A2 = _LC7_A2~NOT;
_LC7_A2~NOT = LCELL( _EQ053);
  _EQ053 = !_LC4_A2 & !_LC5_A2;

-- Node name is ':2644' 
-- Equation name is '_LC7_A4', type is buried 
_LC7_A4  = LCELL( _EQ054);
  _EQ054 =  _LC3_A4 & !_LC8_A2
         # !_LC5_A4
         #  _LC7_A12;

-- Node name is ':2650' 
-- Equation name is '_LC6_A4', type is buried 
_LC6_A4  = LCELL( _EQ055);
  _EQ055 = !_LC2_A12 &  _LC7_A4
         #  _LC6_A2;

-- Node name is ':2737' 
-- Equation name is '_LC3_A12', type is buried 
_LC3_A12 = LCELL( _EQ056);
  _EQ056 =  ADDR2 & !ADDR3 &  _LC4_A9
         #  ADDR2 & !ADDR3 & !_LC5_A9;

-- Node name is ':2754' 
-- Equation name is '_LC6_A12', type is buried 
_LC6_A12 = LCELL( _EQ057);
  _EQ057 =  _LC3_A12 &  _LC4_A12 & !_LC7_A2;

-- Node name is ':2872' 
-- Equation name is '_LC3_A1', type is buried 
_LC3_A1  = LCELL( _EQ058);
  _EQ058 = !ADDR2 &  ADDR3 & !_LC3_A9
         #  _LC7_A1;

-- Node name is '~2907~1' 
-- Equation name is '~2907~1', location is LC5_A4, type is buried.
-- synthesized logic cell 
!_LC5_A4 = _LC5_A4~NOT;
_LC5_A4~NOT = LCELL( _EQ059);
  _EQ059 =  _LC7_A2
         #  _LC3_A12;

-- Node name is '~2907~2' 
-- Equation name is '~2907~2', location is LC1_A12, type is buried.
-- synthesized logic cell 
!_LC1_A12 = _LC1_A12~NOT;
_LC1_A12~NOT = LCELL( _EQ060);
  _EQ060 =  _LC6_A1
         #  _LC5_A12
         #  _LC7_A2
         #  _LC3_A12;

-- Node name is '~2907~3' 
-- Equation name is '~2907~3', location is LC8_A6, type is buried.
-- synthesized logic cell 
_LC8_A6  = LCELL( _EQ061);
  _EQ061 = !_LC1_A6 & !_LC1_A9 &  _LC1_A12 &  _LC3_A1;

-- Node name is '~2907~4' 
-- Equation name is '~2907~4', location is LC3_A6, type is buried.
-- synthesized logic cell 
_LC3_A6  = LCELL( _EQ062);
  _EQ062 = !_LC1_A6 & !_LC1_A9 &  _LC1_A12 &  _LC3_A1;

-- Node name is ':2907' 
-- Equation name is '_LC2_A6', type is buried 
_LC2_A6  = LCELL( _EQ063);
  _EQ063 = !_LC1_A6 & !_LC1_A9 &  _LC1_A12 &  _LC3_A1;



Project Informationc:\users\administrator\onedrive - mytccd.edu\experimentreport\computerorganization\curriculumdesign\dingel-cpu\controm.rpt

** COMPILATION SETTINGS & TIMES **

Processing Menu Commands
------------------------

Design Doctor                             = off

Logic Synthesis:

   Synthesis Type Used                    = Multi-Level

   Default Synthesis Style                = NORMAL

      Logic option settings in 'NORMAL' style for 'ACEX1K' family

      CARRY_CHAIN                         = ignore
      CARRY_CHAIN_LENGTH                  = 32
      CASCADE_CHAIN                       = ignore
      CASCADE_CHAIN_LENGTH                = 2
      DECOMPOSE_GATES                     = on
      DUPLICATE_LOGIC_EXTRACTION          = on
      MINIMIZATION                        = full
      MULTI_LEVEL_FACTORING               = on
      NOT_GATE_PUSH_BACK                  = on
      REDUCE_LOGIC                        = on
      REFACTORIZATION                     = on
      REGISTER_OPTIMIZATION               = on
      RESYNTHESIZE_NETWORK                = on
      SLOW_SLEW_RATE                      = off
      SUBFACTOR_EXTRACTION                = on
      IGNORE_SOFT_BUFFERS                 = on
      USE_LPM_FOR_AHDL_OPERATORS          = off

   Other logic synthesis settings:

      Automatic Global Clock              = on
      Automatic Global Clear              = on
      Automatic Global Preset             = on
      Automatic Global Output Enable      = on
      Automatic Fast I/O                  = off
      Automatic Register Packing          = off
      Automatic Open-Drain Pins           = on
      Automatic Implement in EAB          = off
      Optimize                            = 5

Default Timing Specifications: None

Cut All Bidir Feedback Timing Paths       = on
Cut All Clear & Preset Timing Paths       = on

Ignore Timing Assignments                 = off

Functional SNF Extractor                  = off

Linked SNF Extractor                      = off
Timing SNF Extractor                      = on
Optimize Timing SNF                       = off
Generate AHDL TDO File                    = off
Fitter Settings                           = NORMAL
Use Quartus Fitter                        = on
Smart Recompile                           = off
Total Recompile                           = off

Interfaces Menu Commands
------------------------

EDIF Netlist Writer                       = off
Verilog Netlist Writer                    = off
VHDL Netlist Writer                       = off

Compilation Times
-----------------

   Compiler Netlist Extractor             00:00:00
   Database Builder                       00:00:00
   Logic Synthesizer                      00:00:00
   Partitioner                            00:00:00
   Fitter                                 00:00:00
   Timing SNF Extractor                   00:00:00
   Assembler                              00:00:00
   --------------------------             --------
   Total Time                             00:00:00


Memory Allocated
-----------------

Peak memory allocated during compilation  = 18,932K
