Project Informationd:\lesson\theory\principles of computer composition\curriculum design\project\design\dingel-cpu\fen2.rpt

MAX+plus II Compiler Report File
Version 10.0 9/14/2000
Compiled: 08/28/2020 17:00:24

Copyright (C) 1988-2000 Altera Corporation
Any megafunction design, and related net list (encrypted or decrypted),
support information, device programming or simulation file, and any other
associated documentation or information provided by Altera or a partner
under Altera's Megafunction Partnership Program may be used only to
program PLD devices (but not masked PLD devices) from Altera.  Any other
use of such megafunction design, net list, support information, device
programming or simulation file, or any other related documentation or
information is prohibited for any other purpose, including, but not
limited to modification, reverse engineering, de-compiling, or use with
any other silicon devices, unless such use is explicitly licensed under
a separate agreement with Altera or a megafunction partner.  Title to
the intellectual property, including patents, copyrights, trademarks,
trade secrets, or maskworks, embodied in any such megafunction design,
net list, support information, device programming or simulation file, or
any other related documentation or information provided by Altera or a
megafunction partner, remains with Altera, the megafunction partner, or
their respective licensors.  No other licenses, including any licenses
needed under any third party's intellectual property, are provided herein.



***** Project compilation was successful


FEN2


** DEVICE SUMMARY **

Chip/                     Input Output Bidir  Memory  Memory  			 LCs
POF       Device          Pins  Pins   Pins   Bits % Utilized  LCs  % Utilized

fen2      EP1K10TC100-1    9      16     0    0         0  %    16       2  %

User Pins:                 9      16     0  



Project Informationd:\lesson\theory\principles of computer composition\curriculum design\project\design\dingel-cpu\fen2.rpt

** PROJECT TIMING MESSAGES **

Warning: Timing characteristics of device EP1K10TC100-1 are preliminary


Device-Specific Information:d:\lesson\theory\principles of computer composition\curriculum design\project\design\dingel-cpu\fen2.rpt
fen2

***** Logic for device 'fen2' compiled without errors.




Device: EP1K10TC100-1

ACEX 1K Configuration Scheme: Passive Serial

Device Options:
    User-Supplied Start-Up Clock               = OFF
    Auto-Restart Configuration on Frame Error  = OFF
    Release Clears Before Tri-States           = OFF
    Enable Chip_Wide Reset                     = OFF
    Enable Chip-Wide Output Enable             = OFF
    Enable INIT_DONE Output                    = OFF
    JTAG User Code                             = 7f
    MultiVolt I/O                              = OFF
    Enable Lock Output                         = OFF

                                                                   
                                                                   
                  R R R     R R           R R R R   R R R R R R    
                  E E E     E E           E E E E   E E E E E E    
                  S S S     S S V         S S S S   S S S S S S ^  
                  E E E     E E C         E E E E V E E E E E E D  
                # R R R     R R C         R R R R C R R R R R R A  
                T V V V W G V V I       G V V V V C V V V V V V T  
                C E E E 1 N E E N X X X N E E E E I E E E E E E A  
                K D D D 5 D D D T 2 4 1 D D D D D O D D D D D D 0  
              ----------------------------------------------------_ 
             / 100  98  96  94  92  90  88  86  84  82  80  78  76   |_ 
            /     99  97  95  93  91  89  87  85  83  81  79  77    | 
^CONF_DONE |  1                                                    75 | ^DCLK 
     ^nCEO |  2                                                    74 | ^nCE 
      #TDO |  3                                                    73 | #TDI 
     VCCIO |  4                                                    72 | VCCINT 
        X6 |  5                                                    71 | W24 
  RESERVED |  6                                                    70 | RESERVED 
       W27 |  7                                                    69 | X5 
       W16 |  8                                                    68 | X7 
       W14 |  9                                                    67 | VCCIO 
       W26 | 10                                                    66 | GND 
       GND | 11                                                    65 | RESERVED 
    VCCINT | 12                                                    64 | RESERVED 
  RESERVED | 13                   EP1K10TC100-1                    63 | RESERVED 
  RESERVED | 14                                                    62 | W17 
  RESERVED | 15                                                    61 | RESERVED 
  RESERVED | 16                                                    60 | VCCINT 
     VCCIO | 17                                                    59 | GND 
       GND | 18                                                    58 | RESERVED 
       W20 | 19                                                    57 | W10 
       W23 | 20                                                    56 | W21 
       W11 | 21                                                    55 | RESERVED 
  RESERVED | 22                                                    54 | ^MSEL0 
       W22 | 23                                                    53 | ^MSEL1 
      #TMS | 24                                                    52 | VCCINT 
  ^nSTATUS | 25                                                    51 | ^nCONFIG 
           |      27  29  31  33  35  37  39  41  43  45  47  49  _| 
            \   26  28  30  32  34  36  38  40  42  44  46  48  50   | 
             \----------------------------------------------------- 
                R W R R W W R R R V G V L X X G G R V R R R R R R  
                E 2 E E 1 1 E E E C N C E 3 0 N N E C E E E E E E  
                S 5 S S 3 2 S S S C D C D     D D S C S S S S S S  
                E   E E     E E E I   _ _     _   E I E E E E E E  
                R   R R     R R R N   C B     C   R O R R R R R R  
                V   V V     V V V T   K       K   V   V V V V V V  
                E   E E     E E E     L       L   E   E E E E E E  
                D   D D     D D D     K       K   D   D D D D D D  
                                                                   
                                                                   


N.C. = No Connect. This pin has no internal connection to the device.
VCCINT = Dedicated power pin, which MUST be connected to VCC (2.5 volts).
VCCIO = Dedicated power pin, which MUST be connected to VCC (2.5 volts).
GND = Dedicated ground pin or unused dedicated input, which MUST be connected to GND.
RESERVED = Unused I/O pin, which MUST be left unconnected.

^ = Dedicated configuration pin.
+ = Reserved configuration pin, which is tri-stated during user mode.
* = Reserved configuration pin, which drives out in user mode.
PDn = Power Down pin. 
@ = Special-purpose pin. 
# = JTAG Boundary-Scan Testing/In-System Programming or Configuration Pin. The JTAG inputs TMS and TDI should be tied to VCC and TCK should be tied to GND when not in use.
& = JTAG pin used for I/O. When used as user I/O, JTAG pins must be kept stable before and during configuration.  JTAG pin stability prevents accidental loading of JTAG instructions.
$ = Pin has PCI I/O option enabled. Pin is neither '5.0 V'- nor '3.3 V'-tolerant. 


Device-Specific Information:d:\lesson\theory\principles of computer composition\curriculum design\project\design\dingel-cpu\fen2.rpt
fen2

** RESOURCE USAGE **

Logic                Column       Row                                   
Array                Interconnect Interconnect         Clears/     External  
Block   Logic Cells  Driven       Driven       Clocks  Presets   Interconnect
A22      8/ 8(100%)   3/ 8( 37%)   5/ 8( 62%)    0/2    0/2       5/22( 22%)   
C17      8/ 8(100%)   2/ 8( 25%)   6/ 8( 75%)    0/2    0/2       5/22( 22%)   


Embedded             Column       Row                                   
Array     Embedded   Interconnect Interconnect         Read/      External  
Block     Cells      Driven       Driven       Clocks  Write    Interconnect


Total dedicated input pins used:                 6/6      (100%)
Total I/O pins used:                            19/60     ( 31%)
Total logic cells used:                         16/576    (  2%)
Total embedded cells used:                       0/48     (  0%)
Total EABs used:                                 0/3      (  0%)
Average fan-in:                                 3.00/4    ( 75%)
Total fan-in:                                  48/2304    (  2%)

Total input pins required:                       9
Total input I/O cell registers required:         0
Total output pins required:                     16
Total output I/O cell registers required:        0
Total buried I/O cell registers required:        0
Total bidirectional pins required:               0
Total reserved pins required                     0
Total logic cells required:                     16
Total flipflops required:                        0
Total packed registers required:                 0
Total logic cells in carry chains:               0
Total number of carry chains:                    0
Total logic cells in cascade chains:             0
Total number of cascade chains:                  0
Total single-pin Clock Enables required:         0
Total single-pin Output Enables required:        0

Synthesized logic cells:                         0/ 576   (  0%)

Logic Cell and Embedded Cell Counts

Column:  01  02  03  04  05  06  07  08  09  10  11  12  EA  13  14  15  16  17  18  19  20  21  22  23  24  Total(LC/EC)
 A:      0   0   0   0   0   0   0   0   0   0   0   0   0   0   0   0   0   0   0   0   0   0   8   0   0      8/0  
 B:      0   0   0   0   0   0   0   0   0   0   0   0   0   0   0   0   0   0   0   0   0   0   0   0   0      0/0  
 C:      0   0   0   0   0   0   0   0   0   0   0   0   0   0   0   0   0   8   0   0   0   0   0   0   0      8/0  

Total:   0   0   0   0   0   0   0   0   0   0   0   0   0   0   0   0   0   8   0   0   0   0   8   0   0     16/0  



Device-Specific Information:d:\lesson\theory\principles of computer composition\curriculum design\project\design\dingel-cpu\fen2.rpt
fen2

** INPUTS **

                                                    Fan-In    Fan-Out
 Pin     LC     EC   Row  Col  Primitive    Code      INP  FBK  OUT  FBK  Name
  38      -     -    -    --      INPUT             ^    0    0    0   16  LED_B
  40      -     -    -    --      INPUT             ^    0    0    0    2  X0
  89      -     -    -    --      INPUT             ^    0    0    0    2  X1
  91      -     -    -    --      INPUT             ^    0    0    0    2  X2
  39      -     -    -    --      INPUT             ^    0    0    0    2  X3
  90      -     -    -    --      INPUT             ^    0    0    0    2  X4
  69      -     -    A    --      INPUT             ^    0    0    0    2  X5
   5      -     -    A    --      INPUT             ^    0    0    0    2  X6
  68      -     -    A    --      INPUT             ^    0    0    0    2  X7


Code:

s = Synthesized pin or logic cell
+ = Synchronous flipflop
/ = Slow slew-rate output
! = NOT gate push-back
r = Fitter-inserted logic cell
^ = Increased input delay
* = PCI I/O is enabled
@ = Uses single-pin Clock Enable
& = Uses single-pin Output Enable


Device-Specific Information:d:\lesson\theory\principles of computer composition\curriculum design\project\design\dingel-cpu\fen2.rpt
fen2

** OUTPUTS **

       Fed By Fed By                                Fan-In    Fan-Out
 Pin     LC     EC   Row  Col  Primitive    Code      INP  FBK  OUT  FBK  Name
  57      -     -    C    --     OUTPUT                 0    1    0    0  W10
  21      -     -    C    --     OUTPUT                 0    1    0    0  W11
  31      -     -    -    17     OUTPUT                 0    1    0    0  W12
  30      -     -    -    18     OUTPUT                 0    1    0    0  W13
   9      -     -    A    --     OUTPUT                 0    1    0    0  W14
  96      -     -    -    22     OUTPUT                 0    1    0    0  W15
   8      -     -    A    --     OUTPUT                 0    1    0    0  W16
  62      -     -    B    --     OUTPUT                 0    1    0    0  W17
  19      -     -    C    --     OUTPUT                 0    1    0    0  W20
  56      -     -    C    --     OUTPUT                 0    1    0    0  W21
  23      -     -    C    --     OUTPUT                 0    1    0    0  W22
  20      -     -    C    --     OUTPUT                 0    1    0    0  W23
  71      -     -    A    --     OUTPUT                 0    1    0    0  W24
  27      -     -    -    21     OUTPUT                 0    1    0    0  W25
  10      -     -    A    --     OUTPUT                 0    1    0    0  W26
   7      -     -    A    --     OUTPUT                 0    1    0    0  W27


Code:

s = Synthesized pin or logic cell
+ = Synchronous flipflop
/ = Slow slew-rate output
! = NOT gate push-back
r = Fitter-inserted logic cell
^ = Increased input delay
* = PCI I/O is enabled
@ = Uses single-pin Clock Enable
& = Uses single-pin Output Enable


Device-Specific Information:d:\lesson\theory\principles of computer composition\curriculum design\project\design\dingel-cpu\fen2.rpt
fen2

** BURIED LOGIC **

                                                    Fan-In    Fan-Out
 IOC     LC     EC   Row  Col  Primitive    Code      INP  FBK  OUT  FBK  Name
   -      5     -    A    22        OR2                2    0    1    0  :103
   -      8     -    A    22        OR2                2    0    1    0  :109
   -      3     -    A    22        OR2                2    0    1    0  :115
   -      6     -    A    22        OR2                2    0    1    0  :121
   -      6     -    C    17        OR2                2    0    1    0  :127
   -      8     -    C    17        OR2                2    0    1    0  :133
   -      4     -    C    17        OR2                2    0    1    0  :139
   -      3     -    C    17        OR2                2    0    1    0  :145
   -      2     -    A    22        OR2                2    0    1    0  :151
   -      7     -    A    22        OR2                2    0    1    0  :157
   -      4     -    A    22        OR2                2    0    1    0  :163
   -      1     -    A    22        OR2                2    0    1    0  :169
   -      2     -    C    17        OR2                2    0    1    0  :175
   -      7     -    C    17        OR2                2    0    1    0  :181
   -      5     -    C    17        OR2                2    0    1    0  :187
   -      1     -    C    17        OR2                2    0    1    0  :193


Code:

s = Synthesized pin or logic cell
+ = Synchronous flipflop
/ = Slow slew-rate output
! = NOT gate push-back
r = Fitter-inserted logic cell
^ = Increased input delay
* = PCI I/O is enabled
p = Packed register


Device-Specific Information:d:\lesson\theory\principles of computer composition\curriculum design\project\design\dingel-cpu\fen2.rpt
fen2

** FASTTRACK INTERCONNECT UTILIZATION **

Row FastTrack Interconnect:

          Global         Left Half-      Right Half-
         FastTrack       FastTrack       FastTrack 
Row     Interconnect    Interconnect    Interconnect    Input Pins     Output Pins     Bidir Pins
A:       6/ 96(  6%)     0/ 48(  0%)     2/ 48(  4%)    3/16( 18%)      5/16( 31%)     0/16(  0%)
B:       1/ 96(  1%)     0/ 48(  0%)     0/ 48(  0%)    0/16(  0%)      1/16(  6%)     0/16(  0%)
C:       3/ 96(  3%)     0/ 48(  0%)     3/ 48(  6%)    0/16(  0%)      6/16( 37%)     0/16(  0%)


Column FastTrack Interconnect:

         FastTrack                                 
Column  Interconnect    Input Pins     Output Pins     Bidir Pins
01:      0/24(  0%)     0/4(  0%)      0/4(  0%)       0/4(  0%)
02:      0/24(  0%)     0/4(  0%)      0/4(  0%)       0/4(  0%)
03:      0/24(  0%)     0/4(  0%)      0/4(  0%)       0/4(  0%)
04:      0/24(  0%)     0/4(  0%)      0/4(  0%)       0/4(  0%)
05:      0/24(  0%)     0/4(  0%)      0/4(  0%)       0/4(  0%)
06:      0/24(  0%)     0/4(  0%)      0/4(  0%)       0/4(  0%)
07:      0/24(  0%)     0/4(  0%)      0/4(  0%)       0/4(  0%)
08:      0/24(  0%)     0/4(  0%)      0/4(  0%)       0/4(  0%)
09:      0/24(  0%)     0/4(  0%)      0/4(  0%)       0/4(  0%)
10:      0/24(  0%)     0/4(  0%)      0/4(  0%)       0/4(  0%)
11:      0/24(  0%)     0/4(  0%)      0/4(  0%)       0/4(  0%)
12:      0/24(  0%)     0/4(  0%)      0/4(  0%)       0/4(  0%)
13:      0/24(  0%)     0/4(  0%)      0/4(  0%)       0/4(  0%)
14:      0/24(  0%)     0/4(  0%)      0/4(  0%)       0/4(  0%)
15:      0/24(  0%)     0/4(  0%)      0/4(  0%)       0/4(  0%)
16:      0/24(  0%)     0/4(  0%)      0/4(  0%)       0/4(  0%)
17:      1/24(  4%)     0/4(  0%)      1/4( 25%)       0/4(  0%)
18:      1/24(  4%)     0/4(  0%)      1/4( 25%)       0/4(  0%)
19:      0/24(  0%)     0/4(  0%)      0/4(  0%)       0/4(  0%)
20:      0/24(  0%)     0/4(  0%)      0/4(  0%)       0/4(  0%)
21:      2/24(  8%)     0/4(  0%)      1/4( 25%)       0/4(  0%)
22:      1/24(  4%)     0/4(  0%)      1/4( 25%)       0/4(  0%)
23:      0/24(  0%)     0/4(  0%)      0/4(  0%)       0/4(  0%)
24:      0/24(  0%)     0/4(  0%)      0/4(  0%)       0/4(  0%)
EA:      0/24(  0%)     0/4(  0%)      0/4(  0%)       0/4(  0%)


Device-Specific Information:d:\lesson\theory\principles of computer composition\curriculum design\project\design\dingel-cpu\fen2.rpt
fen2

** EQUATIONS **

LED_B    : INPUT;
X0       : INPUT;
X1       : INPUT;
X2       : INPUT;
X3       : INPUT;
X4       : INPUT;
X5       : INPUT;
X6       : INPUT;
X7       : INPUT;

-- Node name is 'W10' 
-- Equation name is 'W10', type is output 
W10      =  _LC3_C17;

-- Node name is 'W11' 
-- Equation name is 'W11', type is output 
W11      =  _LC4_C17;

-- Node name is 'W12' 
-- Equation name is 'W12', type is output 
W12      =  _LC8_C17;

-- Node name is 'W13' 
-- Equation name is 'W13', type is output 
W13      =  _LC6_C17;

-- Node name is 'W14' 
-- Equation name is 'W14', type is output 
W14      =  _LC6_A22;

-- Node name is 'W15' 
-- Equation name is 'W15', type is output 
W15      =  _LC3_A22;

-- Node name is 'W16' 
-- Equation name is 'W16', type is output 
W16      =  _LC8_A22;

-- Node name is 'W17' 
-- Equation name is 'W17', type is output 
W17      =  _LC5_A22;

-- Node name is 'W20' 
-- Equation name is 'W20', type is output 
W20      =  _LC1_C17;

-- Node name is 'W21' 
-- Equation name is 'W21', type is output 
W21      =  _LC5_C17;

-- Node name is 'W22' 
-- Equation name is 'W22', type is output 
W22      =  _LC7_C17;

-- Node name is 'W23' 
-- Equation name is 'W23', type is output 
W23      =  _LC2_C17;

-- Node name is 'W24' 
-- Equation name is 'W24', type is output 
W24      =  _LC1_A22;

-- Node name is 'W25' 
-- Equation name is 'W25', type is output 
W25      =  _LC4_A22;

-- Node name is 'W26' 
-- Equation name is 'W26', type is output 
W26      =  _LC7_A22;

-- Node name is 'W27' 
-- Equation name is 'W27', type is output 
W27      =  _LC2_A22;

-- Node name is ':103' 
-- Equation name is '_LC5_A22', type is buried 
_LC5_A22 = LCELL( _EQ001);
  _EQ001 =  _LC5_A22 & !LED_B
         #  LED_B &  X7;

-- Node name is ':109' 
-- Equation name is '_LC8_A22', type is buried 
_LC8_A22 = LCELL( _EQ002);
  _EQ002 =  _LC8_A22 & !LED_B
         #  LED_B &  X6;

-- Node name is ':115' 
-- Equation name is '_LC3_A22', type is buried 
_LC3_A22 = LCELL( _EQ003);
  _EQ003 =  _LC3_A22 & !LED_B
         #  LED_B &  X5;

-- Node name is ':121' 
-- Equation name is '_LC6_A22', type is buried 
_LC6_A22 = LCELL( _EQ004);
  _EQ004 =  _LC6_A22 & !LED_B
         #  LED_B &  X4;

-- Node name is ':127' 
-- Equation name is '_LC6_C17', type is buried 
_LC6_C17 = LCELL( _EQ005);
  _EQ005 =  _LC6_C17 & !LED_B
         #  LED_B &  X3;

-- Node name is ':133' 
-- Equation name is '_LC8_C17', type is buried 
_LC8_C17 = LCELL( _EQ006);
  _EQ006 =  _LC8_C17 & !LED_B
         #  LED_B &  X2;

-- Node name is ':139' 
-- Equation name is '_LC4_C17', type is buried 
_LC4_C17 = LCELL( _EQ007);
  _EQ007 =  _LC4_C17 & !LED_B
         #  LED_B &  X1;

-- Node name is ':145' 
-- Equation name is '_LC3_C17', type is buried 
_LC3_C17 = LCELL( _EQ008);
  _EQ008 =  _LC3_C17 & !LED_B
         #  LED_B &  X0;

-- Node name is ':151' 
-- Equation name is '_LC2_A22', type is buried 
_LC2_A22 = LCELL( _EQ009);
  _EQ009 =  _LC2_A22 &  LED_B
         # !LED_B &  X7;

-- Node name is ':157' 
-- Equation name is '_LC7_A22', type is buried 
_LC7_A22 = LCELL( _EQ010);
  _EQ010 =  _LC7_A22 &  LED_B
         # !LED_B &  X6;

-- Node name is ':163' 
-- Equation name is '_LC4_A22', type is buried 
_LC4_A22 = LCELL( _EQ011);
  _EQ011 =  _LC4_A22 &  LED_B
         # !LED_B &  X5;

-- Node name is ':169' 
-- Equation name is '_LC1_A22', type is buried 
_LC1_A22 = LCELL( _EQ012);
  _EQ012 =  _LC1_A22 &  LED_B
         # !LED_B &  X4;

-- Node name is ':175' 
-- Equation name is '_LC2_C17', type is buried 
_LC2_C17 = LCELL( _EQ013);
  _EQ013 =  _LC2_C17 &  LED_B
         # !LED_B &  X3;

-- Node name is ':181' 
-- Equation name is '_LC7_C17', type is buried 
_LC7_C17 = LCELL( _EQ014);
  _EQ014 =  _LC7_C17 &  LED_B
         # !LED_B &  X2;

-- Node name is ':187' 
-- Equation name is '_LC5_C17', type is buried 
_LC5_C17 = LCELL( _EQ015);
  _EQ015 =  _LC5_C17 &  LED_B
         # !LED_B &  X1;

-- Node name is ':193' 
-- Equation name is '_LC1_C17', type is buried 
_LC1_C17 = LCELL( _EQ016);
  _EQ016 =  _LC1_C17 &  LED_B
         # !LED_B &  X0;



Project Informationd:\lesson\theory\principles of computer composition\curriculum design\project\design\dingel-cpu\fen2.rpt

** COMPILATION SETTINGS & TIMES **

Processing Menu Commands
------------------------

Design Doctor                             = off

Logic Synthesis:

   Synthesis Type Used                    = Multi-Level

   Default Synthesis Style                = NORMAL

      Logic option settings in 'NORMAL' style for 'ACEX1K' family

      CARRY_CHAIN                         = ignore
      CARRY_CHAIN_LENGTH                  = 32
      CASCADE_CHAIN                       = ignore
      CASCADE_CHAIN_LENGTH                = 2
      DECOMPOSE_GATES                     = on
      DUPLICATE_LOGIC_EXTRACTION          = on
      MINIMIZATION                        = full
      MULTI_LEVEL_FACTORING               = on
      NOT_GATE_PUSH_BACK                  = on
      REDUCE_LOGIC                        = on
      REFACTORIZATION                     = on
      REGISTER_OPTIMIZATION               = on
      RESYNTHESIZE_NETWORK                = on
      SLOW_SLEW_RATE                      = off
      SUBFACTOR_EXTRACTION                = on
      IGNORE_SOFT_BUFFERS                 = on
      USE_LPM_FOR_AHDL_OPERATORS          = off

   Other logic synthesis settings:

      Automatic Global Clock              = on
      Automatic Global Clear              = on
      Automatic Global Preset             = on
      Automatic Global Output Enable      = on
      Automatic Fast I/O                  = off
      Automatic Register Packing          = off
      Automatic Open-Drain Pins           = on
      Automatic Implement in EAB          = off
      Optimize                            = 5

Default Timing Specifications: None

Cut All Bidir Feedback Timing Paths       = on
Cut All Clear & Preset Timing Paths       = on

Ignore Timing Assignments                 = off

Functional SNF Extractor                  = off

Linked SNF Extractor                      = off
Timing SNF Extractor                      = on
Optimize Timing SNF                       = off
Generate AHDL TDO File                    = off
Fitter Settings                           = NORMAL
Use Quartus Fitter                        = on
Smart Recompile                           = off
Total Recompile                           = off

Interfaces Menu Commands
------------------------

EDIF Netlist Writer                       = off
Verilog Netlist Writer                    = off
VHDL Netlist Writer                       = off

Compilation Times
-----------------

   Compiler Netlist Extractor             00:00:00
   Database Builder                       00:00:00
   Logic Synthesizer                      00:00:00
   Partitioner                            00:00:00
   Fitter                                 00:00:01
   Timing SNF Extractor                   00:00:00
   Assembler                              00:00:00
   --------------------------             --------
   Total Time                             00:00:01


Memory Allocated
-----------------

Peak memory allocated during compilation  = 16,198K
