Project Informationc:\users\administrator\onedrive - mytccd.edu\experimentreport\computerorganization\curriculumdesign\dingel-cpu\mux3.rpt

MAX+plus II Compiler Report File
Version 10.0 9/14/2000
Compiled: 09/09/2020 23:09:20

Copyright (C) 1988-2000 Altera Corporation
Any megafunction design, and related net list (encrypted or decrypted),
support information, device programming or simulation file, and any other
associated documentation or information provided by Altera or a partner
under Altera's Megafunction Partnership Program may be used only to
program PLD devices (but not masked PLD devices) from Altera.  Any other
use of such megafunction design, net list, support information, device
programming or simulation file, or any other related documentation or
information is prohibited for any other purpose, including, but not
limited to modification, reverse engineering, de-compiling, or use with
any other silicon devices, unless such use is explicitly licensed under
a separate agreement with Altera or a megafunction partner.  Title to
the intellectual property, including patents, copyrights, trademarks,
trade secrets, or maskworks, embodied in any such megafunction design,
net list, support information, device programming or simulation file, or
any other related documentation or information provided by Altera or a
megafunction partner, remains with Altera, the megafunction partner, or
their respective licensors.  No other licenses, including any licenses
needed under any third party's intellectual property, are provided herein.



***** Project compilation was successful


MUX3


** DEVICE SUMMARY **

Chip/                     Input Output Bidir  Memory  Memory  			 LCs
POF       Device          Pins  Pins   Pins   Bits % Utilized  LCs  % Utilized

mux3      EP1K10TC100-1    26     8      0    0         0  %    16       2  %

User Pins:                 26     8      0  



Project Informationc:\users\administrator\onedrive - mytccd.edu\experimentreport\computerorganization\curriculumdesign\dingel-cpu\mux3.rpt

** PROJECT TIMING MESSAGES **

Warning: Timing characteristics of device EP1K10TC100-1 are preliminary


Device-Specific Information:c:\users\administrator\onedrive - mytccd.edu\experimentreport\computerorganization\curriculumdesign\dingel-cpu\mux3.rpt
mux3

***** Logic for device 'mux3' compiled without errors.




Device: EP1K10TC100-1

ACEX 1K Configuration Scheme: Passive Serial

Device Options:
    User-Supplied Start-Up Clock               = OFF
    Auto-Restart Configuration on Frame Error  = OFF
    Release Clears Before Tri-States           = OFF
    Enable Chip_Wide Reset                     = OFF
    Enable Chip-Wide Output Enable             = OFF
    Enable INIT_DONE Output                    = OFF
    JTAG User Code                             = 7f
    MultiVolt I/O                              = OFF
    Enable Lock Output                         = OFF

                                                                   
                                                                   
                  R R R R   R R   F       R R R R     R R   F R    
                  E E E E   E E   E R R   E E E E     E E R E E    
                  S S S S   S S V N A A   S S S S   I S S A N S ^  
                  E E E E   E E C 2 M M   E E E E V N E E M 2 E D  
                # R R R R   R R C O O O   R R R R C B R R O O R A  
                T V V V V G V V I U U U G V V V V C U V V U U V T  
                C E E E E N E E N T T T N E E E E I S E E T T E A  
                K D D D D D D D T 0 1 0 D D D D D O 7 D D 7 4 D 0  
              ----------------------------------------------------_ 
             / 100  98  96  94  92  90  88  86  84  82  80  78  76   |_ 
            /     99  97  95  93  91  89  87  85  83  81  79  77    | 
^CONF_DONE |  1                                                    75 | ^DCLK 
     ^nCEO |  2                                                    74 | ^nCE 
      #TDO |  3                                                    73 | #TDI 
     VCCIO |  4                                                    72 | VCCINT 
    INBUS2 |  5                                                    71 | RAMOUT3 
     DBUS1 |  6                                                    70 | FEN2OUT3 
     DBUS3 |  7                                                    69 | FEN2OUT1 
  FEN2OUT2 |  8                                                    68 | INBUS3 
     DBUS0 |  9                                                    67 | VCCIO 
     DBUS2 | 10                                                    66 | GND 
       GND | 11                                                    65 | DBUS6 
    VCCINT | 12                                                    64 | RAMOUT6 
    INBUS5 | 13                   EP1K10TC100-1                    63 | DBUS5 
    INBUS6 | 14                                                    62 | DBUS7 
    INBUS4 | 15                                                    61 | FEN2OUT7 
   RAMOUT5 | 16                                                    60 | VCCINT 
     VCCIO | 17                                                    59 | GND 
       GND | 18                                                    58 | RESERVED 
  RESERVED | 19                                                    57 | RESERVED 
  RESERVED | 20                                                    56 | RESERVED 
  RESERVED | 21                                                    55 | RESERVED 
  RESERVED | 22                                                    54 | ^MSEL0 
  RESERVED | 23                                                    53 | ^MSEL1 
      #TMS | 24                                                    52 | VCCINT 
  ^nSTATUS | 25                                                    51 | ^nCONFIG 
           |      27  29  31  33  35  37  39  41  43  45  47  49  _| 
            \   26  28  30  32  34  36  38  40  42  44  46  48  50   | 
             \----------------------------------------------------- 
                R R R I R R R R R V G V R I S G G F V D R R R F R  
                E E A N E E E E E C N C A N W N N E C B E E E E A  
                S S M B S S S S S C D C M B _ D D N C U S S S N M  
                E E O U E E E E E I   _ _ U B _   2 I S E E E 2 O  
                R R U S R R R R R N   C B S   C   O O 4 R R R O U  
                V V T 1 V V V V V T   K   0   K   U     V V V U T  
                E E 2   E E E E E     L       L   T     E E E T 4  
                D D     D D D D D     K       K   5     D D D 6    
                                                                   
                                                                   


N.C. = No Connect. This pin has no internal connection to the device.
VCCINT = Dedicated power pin, which MUST be connected to VCC (2.5 volts).
VCCIO = Dedicated power pin, which MUST be connected to VCC (2.5 volts).
GND = Dedicated ground pin or unused dedicated input, which MUST be connected to GND.
RESERVED = Unused I/O pin, which MUST be left unconnected.

^ = Dedicated configuration pin.
+ = Reserved configuration pin, which is tri-stated during user mode.
* = Reserved configuration pin, which drives out in user mode.
PDn = Power Down pin. 
@ = Special-purpose pin. 
# = JTAG Boundary-Scan Testing/In-System Programming or Configuration Pin. The JTAG inputs TMS and TDI should be tied to VCC and TCK should be tied to GND when not in use.
& = JTAG pin used for I/O. When used as user I/O, JTAG pins must be kept stable before and during configuration.  JTAG pin stability prevents accidental loading of JTAG instructions.
$ = Pin has PCI I/O option enabled. Pin is neither '5.0 V'- nor '3.3 V'-tolerant. 


Device-Specific Information:c:\users\administrator\onedrive - mytccd.edu\experimentreport\computerorganization\curriculumdesign\dingel-cpu\mux3.rpt
mux3

** RESOURCE USAGE **

Logic                Column       Row                                   
Array                Interconnect Interconnect         Clears/     External  
Block   Logic Cells  Driven       Driven       Clocks  Presets   Interconnect
A14      8/ 8(100%)   0/ 8(  0%)   4/ 8( 50%)    0/2    0/2      14/22( 63%)   
B11      8/ 8(100%)   1/ 8( 12%)   3/ 8( 37%)    0/2    0/2      14/22( 63%)   


Embedded             Column       Row                                   
Array     Embedded   Interconnect Interconnect         Read/      External  
Block     Cells      Driven       Driven       Clocks  Write    Interconnect


Total dedicated input pins used:                 6/6      (100%)
Total I/O pins used:                            28/60     ( 46%)
Total logic cells used:                         16/576    (  2%)
Total embedded cells used:                       0/48     (  0%)
Total EABs used:                                 0/3      (  0%)
Average fan-in:                                 3.00/4    ( 75%)
Total fan-in:                                  48/2304    (  2%)

Total input pins required:                      26
Total input I/O cell registers required:         0
Total output pins required:                      8
Total output I/O cell registers required:        0
Total buried I/O cell registers required:        0
Total bidirectional pins required:               0
Total reserved pins required                     0
Total logic cells required:                     16
Total flipflops required:                        0
Total packed registers required:                 0
Total logic cells in carry chains:               0
Total number of carry chains:                    0
Total logic cells in cascade chains:             0
Total number of cascade chains:                  0
Total single-pin Clock Enables required:         0
Total single-pin Output Enables required:        0

Synthesized logic cells:                         0/ 576   (  0%)

Logic Cell and Embedded Cell Counts

Column:  01  02  03  04  05  06  07  08  09  10  11  12  EA  13  14  15  16  17  18  19  20  21  22  23  24  Total(LC/EC)
 A:      0   0   0   0   0   0   0   0   0   0   0   0   0   0   8   0   0   0   0   0   0   0   0   0   0      8/0  
 B:      0   0   0   0   0   0   0   0   0   0   8   0   0   0   0   0   0   0   0   0   0   0   0   0   0      8/0  
 C:      0   0   0   0   0   0   0   0   0   0   0   0   0   0   0   0   0   0   0   0   0   0   0   0   0      0/0  

Total:   0   0   0   0   0   0   0   0   0   0   8   0   0   0   8   0   0   0   0   0   0   0   0   0   0     16/0  



Device-Specific Information:c:\users\administrator\onedrive - mytccd.edu\experimentreport\computerorganization\curriculumdesign\dingel-cpu\mux3.rpt
mux3

** INPUTS **

                                                    Fan-In    Fan-Out
 Pin     LC     EC   Row  Col  Primitive    Code      INP  FBK  OUT  FBK  Name
  91      -     -    -    --      INPUT             ^    0    0    0    1  FEN2OUT0
  69      -     -    A    --      INPUT             ^    0    0    0    1  FEN2OUT1
   8      -     -    A    --      INPUT             ^    0    0    0    1  FEN2OUT2
  70      -     -    A    --      INPUT             ^    0    0    0    1  FEN2OUT3
  78      -     -    -    01      INPUT             ^    0    0    0    1  FEN2OUT4
  43      -     -    -    12      INPUT             ^    0    0    0    1  FEN2OUT5
  49      -     -    -    06      INPUT             ^    0    0    0    1  FEN2OUT6
  61      -     -    B    --      INPUT             ^    0    0    0    1  FEN2OUT7
  39      -     -    -    --      INPUT             ^    0    0    0    1  INBUS0
  29      -     -    -    19      INPUT             ^    0    0    0    1  INBUS1
   5      -     -    A    --      INPUT             ^    0    0    0    1  INBUS2
  68      -     -    A    --      INPUT             ^    0    0    0    1  INBUS3
  15      -     -    B    --      INPUT             ^    0    0    0    1  INBUS4
  13      -     -    B    --      INPUT             ^    0    0    0    1  INBUS5
  14      -     -    B    --      INPUT             ^    0    0    0    1  INBUS6
  82      -     -    -    04      INPUT             ^    0    0    0    1  INBUS7
  38      -     -    -    --      INPUT             ^    0    0    0    8  RAM_B
  89      -     -    -    --      INPUT             ^    0    0    0    1  RAMOUT0
  90      -     -    -    --      INPUT             ^    0    0    0    1  RAMOUT1
  28      -     -    -    20      INPUT             ^    0    0    0    1  RAMOUT2
  71      -     -    A    --      INPUT             ^    0    0    0    1  RAMOUT3
  50      -     -    -    02      INPUT             ^    0    0    0    1  RAMOUT4
  16      -     -    B    --      INPUT             ^    0    0    0    1  RAMOUT5
  64      -     -    B    --      INPUT             ^    0    0    0    1  RAMOUT6
  79      -     -    -    02      INPUT             ^    0    0    0    1  RAMOUT7
  40      -     -    -    --      INPUT             ^    0    0    0    8  SW_B


Code:

s = Synthesized pin or logic cell
+ = Synchronous flipflop
/ = Slow slew-rate output
! = NOT gate push-back
r = Fitter-inserted logic cell
^ = Increased input delay
* = PCI I/O is enabled
@ = Uses single-pin Clock Enable
& = Uses single-pin Output Enable


Device-Specific Information:c:\users\administrator\onedrive - mytccd.edu\experimentreport\computerorganization\curriculumdesign\dingel-cpu\mux3.rpt
mux3

** OUTPUTS **

       Fed By Fed By                                Fan-In    Fan-Out
 Pin     LC     EC   Row  Col  Primitive    Code      INP  FBK  OUT  FBK  Name
   9      -     -    A    --     OUTPUT                 0    1    0    0  DBUS0
   6      -     -    A    --     OUTPUT                 0    1    0    0  DBUS1
  10      -     -    A    --     OUTPUT                 0    1    0    0  DBUS2
   7      -     -    A    --     OUTPUT                 0    1    0    0  DBUS3
  45      -     -    -    11     OUTPUT                 0    1    0    0  DBUS4
  63      -     -    B    --     OUTPUT                 0    1    0    0  DBUS5
  65      -     -    B    --     OUTPUT                 0    1    0    0  DBUS6
  62      -     -    B    --     OUTPUT                 0    1    0    0  DBUS7


Code:

s = Synthesized pin or logic cell
+ = Synchronous flipflop
/ = Slow slew-rate output
! = NOT gate push-back
r = Fitter-inserted logic cell
^ = Increased input delay
* = PCI I/O is enabled
@ = Uses single-pin Clock Enable
& = Uses single-pin Output Enable


Device-Specific Information:c:\users\administrator\onedrive - mytccd.edu\experimentreport\computerorganization\curriculumdesign\dingel-cpu\mux3.rpt
mux3

** BURIED LOGIC **

                                                    Fan-In    Fan-Out
 IOC     LC     EC   Row  Col  Primitive    Code      INP  FBK  OUT  FBK  Name
   -      8     -    B    11        OR2                3    0    0    1  :177
   -      6     -    B    11        OR2                2    1    1    0  :183
   -      7     -    B    11        OR2                3    0    0    1  :189
   -      1     -    B    11        OR2                2    1    1    0  :192
   -      5     -    B    11        OR2                3    0    0    1  :198
   -      4     -    B    11        OR2                2    1    1    0  :201
   -      3     -    B    11        OR2                3    0    0    1  :207
   -      2     -    B    11        OR2                2    1    1    0  :210
   -      6     -    A    14        OR2                3    0    0    1  :216
   -      2     -    A    14        OR2                2    1    1    0  :219
   -      5     -    A    14        OR2                3    0    0    1  :225
   -      8     -    A    14        OR2                2    1    1    0  :228
   -      4     -    A    14        OR2                3    0    0    1  :234
   -      1     -    A    14        OR2                2    1    1    0  :237
   -      3     -    A    14        OR2                3    0    0    1  :243
   -      7     -    A    14        OR2                2    1    1    0  :246


Code:

s = Synthesized pin or logic cell
+ = Synchronous flipflop
/ = Slow slew-rate output
! = NOT gate push-back
r = Fitter-inserted logic cell
^ = Increased input delay
* = PCI I/O is enabled
p = Packed register


Device-Specific Information:c:\users\administrator\onedrive - mytccd.edu\experimentreport\computerorganization\curriculumdesign\dingel-cpu\mux3.rpt
mux3

** FASTTRACK INTERCONNECT UTILIZATION **

Row FastTrack Interconnect:

          Global         Left Half-      Right Half-
         FastTrack       FastTrack       FastTrack 
Row     Interconnect    Interconnect    Interconnect    Input Pins     Output Pins     Bidir Pins
A:       6/ 96(  6%)     0/ 48(  0%)     6/ 48( 12%)    6/16( 37%)      4/16( 25%)     0/16(  0%)
B:       7/ 96(  7%)     8/ 48( 16%)     0/ 48(  0%)    6/16( 37%)      3/16( 18%)     0/16(  0%)
C:       0/ 96(  0%)     0/ 48(  0%)     0/ 48(  0%)    0/16(  0%)      0/16(  0%)     0/16(  0%)


Column FastTrack Interconnect:

         FastTrack                                 
Column  Interconnect    Input Pins     Output Pins     Bidir Pins
01:      1/24(  4%)     1/4( 25%)      0/4(  0%)       0/4(  0%)
02:      2/24(  8%)     2/4( 50%)      0/4(  0%)       0/4(  0%)
03:      0/24(  0%)     0/4(  0%)      0/4(  0%)       0/4(  0%)
04:      1/24(  4%)     1/4( 25%)      0/4(  0%)       0/4(  0%)
05:      0/24(  0%)     0/4(  0%)      0/4(  0%)       0/4(  0%)
06:      1/24(  4%)     1/4( 25%)      0/4(  0%)       0/4(  0%)
07:      0/24(  0%)     0/4(  0%)      0/4(  0%)       0/4(  0%)
08:      0/24(  0%)     0/4(  0%)      0/4(  0%)       0/4(  0%)
09:      0/24(  0%)     0/4(  0%)      0/4(  0%)       0/4(  0%)
10:      0/24(  0%)     0/4(  0%)      0/4(  0%)       0/4(  0%)
11:      1/24(  4%)     0/4(  0%)      1/4( 25%)       0/4(  0%)
12:      1/24(  4%)     1/4( 25%)      0/4(  0%)       0/4(  0%)
13:      0/24(  0%)     0/4(  0%)      0/4(  0%)       0/4(  0%)
14:      0/24(  0%)     0/4(  0%)      0/4(  0%)       0/4(  0%)
15:      0/24(  0%)     0/4(  0%)      0/4(  0%)       0/4(  0%)
16:      0/24(  0%)     0/4(  0%)      0/4(  0%)       0/4(  0%)
17:      0/24(  0%)     0/4(  0%)      0/4(  0%)       0/4(  0%)
18:      0/24(  0%)     0/4(  0%)      0/4(  0%)       0/4(  0%)
19:      1/24(  4%)     1/4( 25%)      0/4(  0%)       0/4(  0%)
20:      1/24(  4%)     1/4( 25%)      0/4(  0%)       0/4(  0%)
21:      0/24(  0%)     0/4(  0%)      0/4(  0%)       0/4(  0%)
22:      0/24(  0%)     0/4(  0%)      0/4(  0%)       0/4(  0%)
23:      0/24(  0%)     0/4(  0%)      0/4(  0%)       0/4(  0%)
24:      0/24(  0%)     0/4(  0%)      0/4(  0%)       0/4(  0%)
EA:      0/24(  0%)     0/4(  0%)      0/4(  0%)       0/4(  0%)


Device-Specific Information:c:\users\administrator\onedrive - mytccd.edu\experimentreport\computerorganization\curriculumdesign\dingel-cpu\mux3.rpt
mux3

** EQUATIONS **

FEN2OUT0 : INPUT;
FEN2OUT1 : INPUT;
FEN2OUT2 : INPUT;
FEN2OUT3 : INPUT;
FEN2OUT4 : INPUT;
FEN2OUT5 : INPUT;
FEN2OUT6 : INPUT;
FEN2OUT7 : INPUT;
INBUS0   : INPUT;
INBUS1   : INPUT;
INBUS2   : INPUT;
INBUS3   : INPUT;
INBUS4   : INPUT;
INBUS5   : INPUT;
INBUS6   : INPUT;
INBUS7   : INPUT;
RAM_B    : INPUT;
RAMOUT0  : INPUT;
RAMOUT1  : INPUT;
RAMOUT2  : INPUT;
RAMOUT3  : INPUT;
RAMOUT4  : INPUT;
RAMOUT5  : INPUT;
RAMOUT6  : INPUT;
RAMOUT7  : INPUT;
SW_B     : INPUT;

-- Node name is 'DBUS0' 
-- Equation name is 'DBUS0', type is output 
DBUS0    =  _LC7_A14;

-- Node name is 'DBUS1' 
-- Equation name is 'DBUS1', type is output 
DBUS1    =  _LC1_A14;

-- Node name is 'DBUS2' 
-- Equation name is 'DBUS2', type is output 
DBUS2    =  _LC8_A14;

-- Node name is 'DBUS3' 
-- Equation name is 'DBUS3', type is output 
DBUS3    =  _LC2_A14;

-- Node name is 'DBUS4' 
-- Equation name is 'DBUS4', type is output 
DBUS4    =  _LC2_B11;

-- Node name is 'DBUS5' 
-- Equation name is 'DBUS5', type is output 
DBUS5    =  _LC4_B11;

-- Node name is 'DBUS6' 
-- Equation name is 'DBUS6', type is output 
DBUS6    =  _LC1_B11;

-- Node name is 'DBUS7' 
-- Equation name is 'DBUS7', type is output 
DBUS7    =  _LC6_B11;

-- Node name is ':177' 
-- Equation name is '_LC8_B11', type is buried 
_LC8_B11 = LCELL( _EQ001);
  _EQ001 = !RAM_B &  RAMOUT7
         #  FEN2OUT7 &  RAM_B;

-- Node name is ':183' 
-- Equation name is '_LC6_B11', type is buried 
_LC6_B11 = LCELL( _EQ002);
  _EQ002 =  _LC8_B11 &  SW_B
         #  INBUS7 & !SW_B;

-- Node name is ':189' 
-- Equation name is '_LC7_B11', type is buried 
_LC7_B11 = LCELL( _EQ003);
  _EQ003 = !RAM_B &  RAMOUT6
         #  FEN2OUT6 &  RAM_B;

-- Node name is ':192' 
-- Equation name is '_LC1_B11', type is buried 
_LC1_B11 = LCELL( _EQ004);
  _EQ004 =  _LC7_B11 &  SW_B
         #  INBUS6 & !SW_B;

-- Node name is ':198' 
-- Equation name is '_LC5_B11', type is buried 
_LC5_B11 = LCELL( _EQ005);
  _EQ005 = !RAM_B &  RAMOUT5
         #  FEN2OUT5 &  RAM_B;

-- Node name is ':201' 
-- Equation name is '_LC4_B11', type is buried 
_LC4_B11 = LCELL( _EQ006);
  _EQ006 =  _LC5_B11 &  SW_B
         #  INBUS5 & !SW_B;

-- Node name is ':207' 
-- Equation name is '_LC3_B11', type is buried 
_LC3_B11 = LCELL( _EQ007);
  _EQ007 = !RAM_B &  RAMOUT4
         #  FEN2OUT4 &  RAM_B;

-- Node name is ':210' 
-- Equation name is '_LC2_B11', type is buried 
_LC2_B11 = LCELL( _EQ008);
  _EQ008 =  _LC3_B11 &  SW_B
         #  INBUS4 & !SW_B;

-- Node name is ':216' 
-- Equation name is '_LC6_A14', type is buried 
_LC6_A14 = LCELL( _EQ009);
  _EQ009 = !RAM_B &  RAMOUT3
         #  FEN2OUT3 &  RAM_B;

-- Node name is ':219' 
-- Equation name is '_LC2_A14', type is buried 
_LC2_A14 = LCELL( _EQ010);
  _EQ010 =  _LC6_A14 &  SW_B
         #  INBUS3 & !SW_B;

-- Node name is ':225' 
-- Equation name is '_LC5_A14', type is buried 
_LC5_A14 = LCELL( _EQ011);
  _EQ011 = !RAM_B &  RAMOUT2
         #  FEN2OUT2 &  RAM_B;

-- Node name is ':228' 
-- Equation name is '_LC8_A14', type is buried 
_LC8_A14 = LCELL( _EQ012);
  _EQ012 =  _LC5_A14 &  SW_B
         #  INBUS2 & !SW_B;

-- Node name is ':234' 
-- Equation name is '_LC4_A14', type is buried 
_LC4_A14 = LCELL( _EQ013);
  _EQ013 = !RAM_B &  RAMOUT1
         #  FEN2OUT1 &  RAM_B;

-- Node name is ':237' 
-- Equation name is '_LC1_A14', type is buried 
_LC1_A14 = LCELL( _EQ014);
  _EQ014 =  _LC4_A14 &  SW_B
         #  INBUS1 & !SW_B;

-- Node name is ':243' 
-- Equation name is '_LC3_A14', type is buried 
_LC3_A14 = LCELL( _EQ015);
  _EQ015 = !RAM_B &  RAMOUT0
         #  FEN2OUT0 &  RAM_B;

-- Node name is ':246' 
-- Equation name is '_LC7_A14', type is buried 
_LC7_A14 = LCELL( _EQ016);
  _EQ016 =  _LC3_A14 &  SW_B
         #  INBUS0 & !SW_B;



Project Informationc:\users\administrator\onedrive - mytccd.edu\experimentreport\computerorganization\curriculumdesign\dingel-cpu\mux3.rpt

** COMPILATION SETTINGS & TIMES **

Processing Menu Commands
------------------------

Design Doctor                             = off

Logic Synthesis:

   Synthesis Type Used                    = Multi-Level

   Default Synthesis Style                = NORMAL

      Logic option settings in 'NORMAL' style for 'ACEX1K' family

      CARRY_CHAIN                         = ignore
      CARRY_CHAIN_LENGTH                  = 32
      CASCADE_CHAIN                       = ignore
      CASCADE_CHAIN_LENGTH                = 2
      DECOMPOSE_GATES                     = on
      DUPLICATE_LOGIC_EXTRACTION          = on
      MINIMIZATION                        = full
      MULTI_LEVEL_FACTORING               = on
      NOT_GATE_PUSH_BACK                  = on
      REDUCE_LOGIC                        = on
      REFACTORIZATION                     = on
      REGISTER_OPTIMIZATION               = on
      RESYNTHESIZE_NETWORK                = on
      SLOW_SLEW_RATE                      = off
      SUBFACTOR_EXTRACTION                = on
      IGNORE_SOFT_BUFFERS                 = on
      USE_LPM_FOR_AHDL_OPERATORS          = off

   Other logic synthesis settings:

      Automatic Global Clock              = on
      Automatic Global Clear              = on
      Automatic Global Preset             = on
      Automatic Global Output Enable      = on
      Automatic Fast I/O                  = off
      Automatic Register Packing          = off
      Automatic Open-Drain Pins           = on
      Automatic Implement in EAB          = off
      Optimize                            = 5

Default Timing Specifications: None

Cut All Bidir Feedback Timing Paths       = on
Cut All Clear & Preset Timing Paths       = on

Ignore Timing Assignments                 = off

Functional SNF Extractor                  = off

Linked SNF Extractor                      = off
Timing SNF Extractor                      = on
Optimize Timing SNF                       = off
Generate AHDL TDO File                    = off
Fitter Settings                           = NORMAL
Use Quartus Fitter                        = on
Smart Recompile                           = off
Total Recompile                           = off

Interfaces Menu Commands
------------------------

EDIF Netlist Writer                       = off
Verilog Netlist Writer                    = off
VHDL Netlist Writer                       = off

Compilation Times
-----------------

   Compiler Netlist Extractor             00:00:00
   Database Builder                       00:00:00
   Logic Synthesizer                      00:00:00
   Partitioner                            00:00:00
   Fitter                                 00:00:00
   Timing SNF Extractor                   00:00:00
   Assembler                              00:00:00
   --------------------------             --------
   Total Time                             00:00:00


Memory Allocated
-----------------

Peak memory allocated during compilation  = 17,577K
