Project Informationc:\users\administrator\onedrive - mytccd.edu\experimentreport\computerorganization\curriculumdesign\dingel-cpu\rom.rpt

MAX+plus II Compiler Report File
Version 10.0 9/14/2000
Compiled: 08/29/2020 13:23:27

Copyright (C) 1988-2000 Altera Corporation
Any megafunction design, and related net list (encrypted or decrypted),
support information, device programming or simulation file, and any other
associated documentation or information provided by Altera or a partner
under Altera's Megafunction Partnership Program may be used only to
program PLD devices (but not masked PLD devices) from Altera.  Any other
use of such megafunction design, net list, support information, device
programming or simulation file, or any other related documentation or
information is prohibited for any other purpose, including, but not
limited to modification, reverse engineering, de-compiling, or use with
any other silicon devices, unless such use is explicitly licensed under
a separate agreement with Altera or a megafunction partner.  Title to
the intellectual property, including patents, copyrights, trademarks,
trade secrets, or maskworks, embodied in any such megafunction design,
net list, support information, device programming or simulation file, or
any other related documentation or information provided by Altera or a
megafunction partner, remains with Altera, the megafunction partner, or
their respective licensors.  No other licenses, including any licenses
needed under any third party's intellectual property, are provided herein.



***** Project compilation was successful


ROM


** DEVICE SUMMARY **

Chip/                     Input Output Bidir  Memory  Memory  			 LCs
POF       Device          Pins  Pins   Pins   Bits % Utilized  LCs  % Utilized

rom       EP1K10TC100-1    9      16     0    0         0  %    8        1  %

User Pins:                 9      16     0  



Project Informationc:\users\administrator\onedrive - mytccd.edu\experimentreport\computerorganization\curriculumdesign\dingel-cpu\rom.rpt

** PROJECT TIMING MESSAGES **

Warning: Timing characteristics of device EP1K10TC100-1 are preliminary


Device-Specific Information:c:\users\administrator\onedrive - mytccd.edu\experimentreport\computerorganization\curriculumdesign\dingel-cpu\rom.rpt
rom

***** Logic for device 'rom' compiled without errors.




Device: EP1K10TC100-1

ACEX 1K Configuration Scheme: Passive Serial

Device Options:
    User-Supplied Start-Up Clock               = OFF
    Auto-Restart Configuration on Frame Error  = OFF
    Release Clears Before Tri-States           = OFF
    Enable Chip_Wide Reset                     = OFF
    Enable Chip-Wide Output Enable             = OFF
    Enable INIT_DONE Output                    = OFF
    JTAG User Code                             = 7f
    MultiVolt I/O                              = OFF
    Enable Lock Output                         = OFF

                                                                   
                                                                   
                  R     R   R R             R R R   R R   R R      
                  E     E   E E             E E E   E E   E E      
                  S D D S   S S V           S S S   S S   S S   ^  
                  E O O E   E E C A A A   D E E E V E E D E E D D  
                # R U U R   R R C D D D   O R R R C R R O R R O A  
                T V T T V G V V I D D D G U V V V C V V U V V U T  
                C E 1 1 E N E E N R R R N T E E E I E E T E E T A  
                K D 1 0 D D D D T 3 5 2 D 7 D D D O D D 3 D D 6 0  
              ----------------------------------------------------_ 
             / 100  98  96  94  92  90  88  86  84  82  80  78  76   |_ 
            /     99  97  95  93  91  89  87  85  83  81  79  77    | 
^CONF_DONE |  1                                                    75 | ^DCLK 
     ^nCEO |  2                                                    74 | ^nCE 
      #TDO |  3                                                    73 | #TDI 
     VCCIO |  4                                                    72 | VCCINT 
  RESERVED |  5                                                    71 | RESERVED 
  RESERVED |  6                                                    70 | DOUT5 
  RESERVED |  7                                                    69 | RESERVED 
  RESERVED |  8                                                    68 | DOUT15 
  RESERVED |  9                                                    67 | VCCIO 
  RESERVED | 10                                                    66 | GND 
       GND | 11                                                    65 | ADDR0 
    VCCINT | 12                                                    64 | ADDR7 
     DOUT2 | 13                   EP1K10TC100-1                    63 | DOUT1 
    DOUT12 | 14                                                    62 | ADDR6 
     DOUT0 | 15                                                    61 | DOUT8 
     DOUT9 | 16                                                    60 | VCCINT 
     VCCIO | 17                                                    59 | GND 
       GND | 18                                                    58 | DOUT14 
    DOUT13 | 19                                                    57 | RESERVED 
  RESERVED | 20                                                    56 | RESERVED 
  RESERVED | 21                                                    55 | RESERVED 
  RESERVED | 22                                                    54 | ^MSEL0 
  RESERVED | 23                                                    53 | ^MSEL1 
      #TMS | 24                                                    52 | VCCINT 
  ^nSTATUS | 25                                                    51 | ^nCONFIG 
           |      27  29  31  33  35  37  39  41  43  45  47  49  _| 
            \   26  28  30  32  34  36  38  40  42  44  46  48  50   | 
             \----------------------------------------------------- 
                R R R R R R R D R V G V A A C G G R V R R R R R R  
                E E E E E E E O E C N C D D S N N E C E E E E E E  
                S S S S S S S U S C D C D D _ D D S C S S S S S S  
                E E E E E E E T E I   _ R R I _   E I E E E E E E  
                R R R R R R R 4 R N   C 1 4   C   R O R R R R R R  
                V V V V V V V   V T   K       K   V   V V V V V V  
                E E E E E E E   E     L       L   E   E E E E E E  
                D D D D D D D   D     K       K   D   D D D D D D  
                                                                   
                                                                   


N.C. = No Connect. This pin has no internal connection to the device.
VCCINT = Dedicated power pin, which MUST be connected to VCC (2.5 volts).
VCCIO = Dedicated power pin, which MUST be connected to VCC (2.5 volts).
GND = Dedicated ground pin or unused dedicated input, which MUST be connected to GND.
RESERVED = Unused I/O pin, which MUST be left unconnected.

^ = Dedicated configuration pin.
+ = Reserved configuration pin, which is tri-stated during user mode.
* = Reserved configuration pin, which drives out in user mode.
PDn = Power Down pin. 
@ = Special-purpose pin. 
# = JTAG Boundary-Scan Testing/In-System Programming or Configuration Pin. The JTAG inputs TMS and TDI should be tied to VCC and TCK should be tied to GND when not in use.
& = JTAG pin used for I/O. When used as user I/O, JTAG pins must be kept stable before and during configuration.  JTAG pin stability prevents accidental loading of JTAG instructions.
$ = Pin has PCI I/O option enabled. Pin is neither '5.0 V'- nor '3.3 V'-tolerant. 


Device-Specific Information:c:\users\administrator\onedrive - mytccd.edu\experimentreport\computerorganization\curriculumdesign\dingel-cpu\rom.rpt
rom

** RESOURCE USAGE **

Logic                Column       Row                                   
Array                Interconnect Interconnect         Clears/     External  
Block   Logic Cells  Driven       Driven       Clocks  Presets   Interconnect
B17      8/ 8(100%)   0/ 8(  0%)   6/ 8( 75%)    0/2    0/2       9/22( 40%)   


Embedded             Column       Row                                   
Array     Embedded   Interconnect Interconnect         Read/      External  
Block     Cells      Driven       Driven       Clocks  Write    Interconnect


Total dedicated input pins used:                 6/6      (100%)
Total I/O pins used:                            19/60     ( 31%)
Total logic cells used:                          8/576    (  1%)
Total embedded cells used:                       0/48     (  0%)
Total EABs used:                                 0/3      (  0%)
Average fan-in:                                 2.50/4    ( 62%)
Total fan-in:                                  20/2304    (  0%)

Total input pins required:                       9
Total input I/O cell registers required:         0
Total output pins required:                     16
Total output I/O cell registers required:        0
Total buried I/O cell registers required:        0
Total bidirectional pins required:               0
Total reserved pins required                     0
Total logic cells required:                      8
Total flipflops required:                        0
Total packed registers required:                 0
Total logic cells in carry chains:               0
Total number of carry chains:                    0
Total logic cells in cascade chains:             0
Total number of cascade chains:                  0
Total single-pin Clock Enables required:         0
Total single-pin Output Enables required:        0

Synthesized logic cells:                         3/ 576   (  0%)

Logic Cell and Embedded Cell Counts

Column:  01  02  03  04  05  06  07  08  09  10  11  12  EA  13  14  15  16  17  18  19  20  21  22  23  24  Total(LC/EC)
 A:      0   0   0   0   0   0   0   0   0   0   0   0   0   0   0   0   0   0   0   0   0   0   0   0   0      0/0  
 B:      0   0   0   0   0   0   0   0   0   0   0   0   0   0   0   0   0   8   0   0   0   0   0   0   0      8/0  
 C:      0   0   0   0   0   0   0   0   0   0   0   0   0   0   0   0   0   0   0   0   0   0   0   0   0      0/0  

Total:   0   0   0   0   0   0   0   0   0   0   0   0   0   0   0   0   0   8   0   0   0   0   0   0   0      8/0  



Device-Specific Information:c:\users\administrator\onedrive - mytccd.edu\experimentreport\computerorganization\curriculumdesign\dingel-cpu\rom.rpt
rom

** INPUTS **

                                                    Fan-In    Fan-Out
 Pin     LC     EC   Row  Col  Primitive    Code      INP  FBK  OUT  FBK  Name
  65      -     -    B    --      INPUT             ^    0    0    0    3  ADDR0
  38      -     -    -    --      INPUT             ^    0    0    0    3  ADDR1
  89      -     -    -    --      INPUT             ^    0    0    0    1  ADDR2
  91      -     -    -    --      INPUT             ^    0    0    0    1  ADDR3
  39      -     -    -    --      INPUT             ^    0    0    0    1  ADDR4
  90      -     -    -    --      INPUT             ^    0    0    0    1  ADDR5
  62      -     -    B    --      INPUT             ^    0    0    0    1  ADDR6
  64      -     -    B    --      INPUT             ^    0    0    0    1  ADDR7
  40      -     -    -    --      INPUT             ^    0    0    0    1  CS_I


Code:

s = Synthesized pin or logic cell
+ = Synchronous flipflop
/ = Slow slew-rate output
! = NOT gate push-back
r = Fitter-inserted logic cell
^ = Increased input delay
* = PCI I/O is enabled
@ = Uses single-pin Clock Enable
& = Uses single-pin Output Enable


Device-Specific Information:c:\users\administrator\onedrive - mytccd.edu\experimentreport\computerorganization\curriculumdesign\dingel-cpu\rom.rpt
rom

** OUTPUTS **

       Fed By Fed By                                Fan-In    Fan-Out
 Pin     LC     EC   Row  Col  Primitive    Code      INP  FBK  OUT  FBK  Name
  15      -     -    B    --     OUTPUT                 0    1    0    0  DOUT0
  63      -     -    B    --     OUTPUT                 0    1    0    0  DOUT1
  13      -     -    B    --     OUTPUT                 0    1    0    0  DOUT2
  80      -     -    -    03     OUTPUT                 0    0    0    0  DOUT3
  33      -     -    -    15     OUTPUT                 0    0    0    0  DOUT4
  70      -     -    A    --     OUTPUT                 0    0    0    0  DOUT5
  77      -     -    -    01     OUTPUT                 0    0    0    0  DOUT6
  87      -     -    -    12     OUTPUT                 0    0    0    0  DOUT7
  61      -     -    B    --     OUTPUT                 0    1    0    0  DOUT8
  16      -     -    B    --     OUTPUT                 0    1    0    0  DOUT9
  97      -     -    -    23     OUTPUT                 0    0    0    0  DOUT10
  98      -     -    -    24     OUTPUT                 0    0    0    0  DOUT11
  14      -     -    B    --     OUTPUT                 0    1    0    0  DOUT12
  19      -     -    C    --     OUTPUT                 0    0    0    0  DOUT13
  58      -     -    C    --     OUTPUT                 0    0    0    0  DOUT14
  68      -     -    A    --     OUTPUT                 0    0    0    0  DOUT15


Code:

s = Synthesized pin or logic cell
+ = Synchronous flipflop
/ = Slow slew-rate output
! = NOT gate push-back
r = Fitter-inserted logic cell
^ = Increased input delay
* = PCI I/O is enabled
@ = Uses single-pin Clock Enable
& = Uses single-pin Output Enable


Device-Specific Information:c:\users\administrator\onedrive - mytccd.edu\experimentreport\computerorganization\curriculumdesign\dingel-cpu\rom.rpt
rom

** BURIED LOGIC **

                                                    Fan-In    Fan-Out
 IOC     LC     EC   Row  Col  Primitive    Code      INP  FBK  OUT  FBK  Name
   -      2     -    B    17       AND2    s           4    0    0    1  ~59~1
   -      6     -    B    17       AND2    s           3    1    0    6  ~59~2
   -      3     -    B    17       AND2                0    1    1    0  :154
   -      7     -    B    17        OR2    s           2    1    1    0  ~201~1
   -      1     -    B    17        OR2                2    1    1    0  :201
   -      8     -    B    17       AND2                1    1    1    0  :214
   -      4     -    B    17       AND2                0    1    1    0  :319
   -      5     -    B    17       AND2                1    1    1    0  :336


Code:

s = Synthesized pin or logic cell
+ = Synchronous flipflop
/ = Slow slew-rate output
! = NOT gate push-back
r = Fitter-inserted logic cell
^ = Increased input delay
* = PCI I/O is enabled
p = Packed register


Device-Specific Information:c:\users\administrator\onedrive - mytccd.edu\experimentreport\computerorganization\curriculumdesign\dingel-cpu\rom.rpt
rom

** FASTTRACK INTERCONNECT UTILIZATION **

Row FastTrack Interconnect:

          Global         Left Half-      Right Half-
         FastTrack       FastTrack       FastTrack 
Row     Interconnect    Interconnect    Interconnect    Input Pins     Output Pins     Bidir Pins
A:       0/ 96(  0%)     0/ 48(  0%)     0/ 48(  0%)    0/16(  0%)      2/16( 12%)     0/16(  0%)
B:       6/ 96(  6%)     0/ 48(  0%)     3/ 48(  6%)    3/16( 18%)      6/16( 37%)     0/16(  0%)
C:       0/ 96(  0%)     0/ 48(  0%)     0/ 48(  0%)    0/16(  0%)      2/16( 12%)     0/16(  0%)


Column FastTrack Interconnect:

         FastTrack                                 
Column  Interconnect    Input Pins     Output Pins     Bidir Pins
01:      0/24(  0%)     0/4(  0%)      1/4( 25%)       0/4(  0%)
02:      0/24(  0%)     0/4(  0%)      0/4(  0%)       0/4(  0%)
03:      0/24(  0%)     0/4(  0%)      1/4( 25%)       0/4(  0%)
04:      0/24(  0%)     0/4(  0%)      0/4(  0%)       0/4(  0%)
05:      0/24(  0%)     0/4(  0%)      0/4(  0%)       0/4(  0%)
06:      0/24(  0%)     0/4(  0%)      0/4(  0%)       0/4(  0%)
07:      0/24(  0%)     0/4(  0%)      0/4(  0%)       0/4(  0%)
08:      0/24(  0%)     0/4(  0%)      0/4(  0%)       0/4(  0%)
09:      0/24(  0%)     0/4(  0%)      0/4(  0%)       0/4(  0%)
10:      0/24(  0%)     0/4(  0%)      0/4(  0%)       0/4(  0%)
11:      0/24(  0%)     0/4(  0%)      0/4(  0%)       0/4(  0%)
12:      0/24(  0%)     0/4(  0%)      1/4( 25%)       0/4(  0%)
13:      0/24(  0%)     0/4(  0%)      0/4(  0%)       0/4(  0%)
14:      0/24(  0%)     0/4(  0%)      0/4(  0%)       0/4(  0%)
15:      0/24(  0%)     0/4(  0%)      1/4( 25%)       0/4(  0%)
16:      0/24(  0%)     0/4(  0%)      0/4(  0%)       0/4(  0%)
17:      0/24(  0%)     0/4(  0%)      0/4(  0%)       0/4(  0%)
18:      0/24(  0%)     0/4(  0%)      0/4(  0%)       0/4(  0%)
19:      0/24(  0%)     0/4(  0%)      0/4(  0%)       0/4(  0%)
20:      0/24(  0%)     0/4(  0%)      0/4(  0%)       0/4(  0%)
21:      0/24(  0%)     0/4(  0%)      0/4(  0%)       0/4(  0%)
22:      0/24(  0%)     0/4(  0%)      0/4(  0%)       0/4(  0%)
23:      0/24(  0%)     0/4(  0%)      1/4( 25%)       0/4(  0%)
24:      0/24(  0%)     0/4(  0%)      1/4( 25%)       0/4(  0%)
EA:      0/24(  0%)     0/4(  0%)      0/4(  0%)       0/4(  0%)


Device-Specific Information:c:\users\administrator\onedrive - mytccd.edu\experimentreport\computerorganization\curriculumdesign\dingel-cpu\rom.rpt
rom

** EQUATIONS **

ADDR0    : INPUT;
ADDR1    : INPUT;
ADDR2    : INPUT;
ADDR3    : INPUT;
ADDR4    : INPUT;
ADDR5    : INPUT;
ADDR6    : INPUT;
ADDR7    : INPUT;
CS_I     : INPUT;

-- Node name is 'DOUT0' 
-- Equation name is 'DOUT0', type is output 
DOUT0    =  _LC5_B17;

-- Node name is 'DOUT1' 
-- Equation name is 'DOUT1', type is output 
DOUT1    =  _LC4_B17;

-- Node name is 'DOUT2' 
-- Equation name is 'DOUT2', type is output 
DOUT2    =  _LC1_B17;

-- Node name is 'DOUT3' 
-- Equation name is 'DOUT3', type is output 
DOUT3    =  GND;

-- Node name is 'DOUT4' 
-- Equation name is 'DOUT4', type is output 
DOUT4    =  GND;

-- Node name is 'DOUT5' 
-- Equation name is 'DOUT5', type is output 
DOUT5    =  GND;

-- Node name is 'DOUT6' 
-- Equation name is 'DOUT6', type is output 
DOUT6    =  GND;

-- Node name is 'DOUT7' 
-- Equation name is 'DOUT7', type is output 
DOUT7    =  GND;

-- Node name is 'DOUT8' 
-- Equation name is 'DOUT8', type is output 
DOUT8    =  _LC8_B17;

-- Node name is 'DOUT9' 
-- Equation name is 'DOUT9', type is output 
DOUT9    =  _LC7_B17;

-- Node name is 'DOUT10' 
-- Equation name is 'DOUT10', type is output 
DOUT10   =  GND;

-- Node name is 'DOUT11' 
-- Equation name is 'DOUT11', type is output 
DOUT11   =  GND;

-- Node name is 'DOUT12' 
-- Equation name is 'DOUT12', type is output 
DOUT12   =  _LC3_B17;

-- Node name is 'DOUT13' 
-- Equation name is 'DOUT13', type is output 
DOUT13   =  GND;

-- Node name is 'DOUT14' 
-- Equation name is 'DOUT14', type is output 
DOUT14   =  GND;

-- Node name is 'DOUT15' 
-- Equation name is 'DOUT15', type is output 
DOUT15   =  GND;

-- Node name is '~59~1' 
-- Equation name is '~59~1', location is LC2_B17, type is buried.
-- synthesized logic cell 
_LC2_B17 = LCELL( _EQ001);
  _EQ001 = !ADDR2 & !ADDR3 & !ADDR4 & !CS_I;

-- Node name is '~59~2' 
-- Equation name is '~59~2', location is LC6_B17, type is buried.
-- synthesized logic cell 
_LC6_B17 = LCELL( _EQ002);
  _EQ002 = !ADDR5 & !ADDR6 & !ADDR7 &  _LC2_B17;

-- Node name is ':154' 
-- Equation name is '_LC3_B17', type is buried 
_LC3_B17 = LCELL( _LC6_B17);

-- Node name is '~201~1' 
-- Equation name is '~201~1', location is LC7_B17, type is buried.
-- synthesized logic cell 
_LC7_B17 = LCELL( _EQ003);
  _EQ003 =  ADDR0 & !ADDR1 &  _LC6_B17
         # !ADDR0 &  ADDR1 &  _LC6_B17;

-- Node name is ':201' 
-- Equation name is '_LC1_B17', type is buried 
_LC1_B17 = LCELL( _EQ004);
  _EQ004 =  ADDR0 & !ADDR1 &  _LC6_B17
         # !ADDR0 &  ADDR1 &  _LC6_B17;

-- Node name is ':214' 
-- Equation name is '_LC8_B17', type is buried 
_LC8_B17 = LCELL( _EQ005);
  _EQ005 = !ADDR0 &  _LC6_B17;

-- Node name is ':319' 
-- Equation name is '_LC4_B17', type is buried 
_LC4_B17 = LCELL( _LC6_B17);

-- Node name is ':336' 
-- Equation name is '_LC5_B17', type is buried 
_LC5_B17 = LCELL( _EQ006);
  _EQ006 =  ADDR1 &  _LC6_B17;



Project Informationc:\users\administrator\onedrive - mytccd.edu\experimentreport\computerorganization\curriculumdesign\dingel-cpu\rom.rpt

** COMPILATION SETTINGS & TIMES **

Processing Menu Commands
------------------------

Design Doctor                             = off

Logic Synthesis:

   Synthesis Type Used                    = Multi-Level

   Default Synthesis Style                = NORMAL

      Logic option settings in 'NORMAL' style for 'ACEX1K' family

      CARRY_CHAIN                         = ignore
      CARRY_CHAIN_LENGTH                  = 32
      CASCADE_CHAIN                       = ignore
      CASCADE_CHAIN_LENGTH                = 2
      DECOMPOSE_GATES                     = on
      DUPLICATE_LOGIC_EXTRACTION          = on
      MINIMIZATION                        = full
      MULTI_LEVEL_FACTORING               = on
      NOT_GATE_PUSH_BACK                  = on
      REDUCE_LOGIC                        = on
      REFACTORIZATION                     = on
      REGISTER_OPTIMIZATION               = on
      RESYNTHESIZE_NETWORK                = on
      SLOW_SLEW_RATE                      = off
      SUBFACTOR_EXTRACTION                = on
      IGNORE_SOFT_BUFFERS                 = on
      USE_LPM_FOR_AHDL_OPERATORS          = off

   Other logic synthesis settings:

      Automatic Global Clock              = on
      Automatic Global Clear              = on
      Automatic Global Preset             = on
      Automatic Global Output Enable      = on
      Automatic Fast I/O                  = off
      Automatic Register Packing          = off
      Automatic Open-Drain Pins           = on
      Automatic Implement in EAB          = off
      Optimize                            = 5

Default Timing Specifications: None

Cut All Bidir Feedback Timing Paths       = on
Cut All Clear & Preset Timing Paths       = on

Ignore Timing Assignments                 = off

Functional SNF Extractor                  = off

Linked SNF Extractor                      = off
Timing SNF Extractor                      = on
Optimize Timing SNF                       = off
Generate AHDL TDO File                    = off
Fitter Settings                           = NORMAL
Use Quartus Fitter                        = on
Smart Recompile                           = off
Total Recompile                           = off

Interfaces Menu Commands
------------------------

EDIF Netlist Writer                       = off
Verilog Netlist Writer                    = off
VHDL Netlist Writer                       = off

Compilation Times
-----------------

   Compiler Netlist Extractor             00:00:00
   Database Builder                       00:00:00
   Logic Synthesizer                      00:00:00
   Partitioner                            00:00:01
   Fitter                                 00:00:00
   Timing SNF Extractor                   00:00:00
   Assembler                              00:00:00
   --------------------------             --------
   Total Time                             00:00:01


Memory Allocated
-----------------

Peak memory allocated during compilation  = 20,757K
