Project Informationc:\users\administrator\onedrive - mytccd.edu\experimentreport\computerorganization\curriculumdesign\dingel-cpu\top.rpt

MAX+plus II Compiler Report File
Version 10.0 9/14/2000
Compiled: 09/09/2020 14:25:53

Copyright (C) 1988-2000 Altera Corporation
Any megafunction design, and related net list (encrypted or decrypted),
support information, device programming or simulation file, and any other
associated documentation or information provided by Altera or a partner
under Altera's Megafunction Partnership Program may be used only to
program PLD devices (but not masked PLD devices) from Altera.  Any other
use of such megafunction design, net list, support information, device
programming or simulation file, or any other related documentation or
information is prohibited for any other purpose, including, but not
limited to modification, reverse engineering, de-compiling, or use with
any other silicon devices, unless such use is explicitly licensed under
a separate agreement with Altera or a megafunction partner.  Title to
the intellectual property, including patents, copyrights, trademarks,
trade secrets, or maskworks, embodied in any such megafunction design,
net list, support information, device programming or simulation file, or
any other related documentation or information provided by Altera or a
megafunction partner, remains with Altera, the megafunction partner, or
their respective licensors.  No other licenses, including any licenses
needed under any third party's intellectual property, are provided herein.



***** Project compilation was successful




** DEVICE SUMMARY **

Chip/                     Input Output Bidir  Memory  Memory  			 LCs
POF       Device          Pins  Pins   Pins   Bits % Utilized  LCs  % Utilized

top       EP1K10TC100-1    10     26     0    0         0  %    146      25 %

User Pins:                 10     26     0  



Project Informationc:\users\administrator\onedrive - mytccd.edu\experimentreport\computerorganization\curriculumdesign\dingel-cpu\top.rpt

** PROJECT COMPILATION MESSAGES **

Warning: Flipflop '|crom:2|MCOMMAND:7|:46' stuck at GND
Warning: Flipflop '|IR:27|:18' stuck at GND
Warning: Flipflop '|IR:27|:20' stuck at GND
Warning: Flipflop '|IR:27|:22' stuck at GND
Warning: Flipflop '|IR:27|:26' stuck at GND
Warning: Flipflop '|IR:27|:28' stuck at GND
Warning: Flipflop '|IR:27|:34' stuck at GND
Warning: Flipflop '|IR:27|:36' stuck at GND
Warning: Flipflop '|IR:27|:38' stuck at GND
Warning: Flipflop '|IR:27|:40' stuck at GND
Warning: Flipflop '|IR:27|:42' stuck at GND
Warning: Flipflop '|LS273:13|:24' stuck at GND
Warning: Flipflop '|LS273:13|:22' stuck at GND
Warning: Flipflop '|LS273:13|:20' stuck at GND
Warning: Flipflop '|LS273:13|:18' stuck at GND
Warning: Flipflop '|LS273:13|:16' stuck at GND
Warning: Flipflop '|crom:2|aa:1|MMM:5|:5' stuck at GND
Warning: Flipflop '|crom:2|aa:1|MMM:6|:5' stuck at GND
Warning: Flipflop '|crom:2|aa:1|MMM:7|:5' stuck at GND
Warning: Flipflop '|crom:2|MCOMMAND:7|:63' stuck at GND
Warning: Flipflop '|crom:2|aa:1|MMM:1|:5' stuck at GND
Warning: Flipflop '|crom:2|aa:1|MMM:4|:5' stuck at GND
Warning: Flipflop '|crom:2|MCOMMAND:7|:51' stuck at GND
Warning: Flipflop '|crom:2|MCOMMAND:7|:52' stuck at GND
Warning: Flipflop '|crom:2|MCOMMAND:7|:53' stuck at GND
Warning: Flipflop '|crom:2|MCOMMAND:7|:49' stuck at GND
Warning: Flipflop '|PSW:11|:4' stuck at GND
Warning: Flipflop '|PSW:11|:6' stuck at GND


** PROJECT TIMING MESSAGES **

Warning: Timing characteristics of device EP1K10TC100-1 are preliminary


Project Informationc:\users\administrator\onedrive - mytccd.edu\experimentreport\computerorganization\curriculumdesign\dingel-cpu\top.rpt

** FILE HIERARCHY **



|counter:1|
|counter:1|lpm_add_sub:64|
|counter:1|lpm_add_sub:64|addcore:adder|
|counter:1|lpm_add_sub:64|altshift:result_ext_latency_ffs|
|counter:1|lpm_add_sub:64|altshift:carry_ext_latency_ffs|
|counter:1|lpm_add_sub:64|altshift:oflow_ext_latency_ffs|
|crom:2|
|crom:2|aa:1|
|crom:2|aa:1|mmm:1|
|crom:2|aa:1|mmm:8|
|crom:2|aa:1|mmm:7|
|crom:2|aa:1|mmm:6|
|crom:2|aa:1|mmm:5|
|crom:2|aa:1|mmm:4|
|crom:2|f3:2|
|crom:2|f2:3|
|crom:2|f1:4|
|crom:2|addr:5|
|crom:2|controm:6|
|crom:2|mcommand:7|
|decoder:3|
|ls273:7|
|ls273:13|
|ls273:6|
|ls273:5|
|ls273:4|
|mux4:9|
|mux4:8|
|alu:10|
|alu:10|lpm_add_sub:413|
|alu:10|lpm_add_sub:413|addcore:adder|
|alu:10|lpm_add_sub:413|altshift:result_ext_latency_ffs|
|alu:10|lpm_add_sub:413|altshift:carry_ext_latency_ffs|
|alu:10|lpm_add_sub:413|altshift:oflow_ext_latency_ffs|
|alu:10|lpm_add_sub:721|
|alu:10|lpm_add_sub:721|addcore:adder|
|alu:10|lpm_add_sub:721|altshift:result_ext_latency_ffs|
|alu:10|lpm_add_sub:721|altshift:carry_ext_latency_ffs|
|alu:10|lpm_add_sub:721|altshift:oflow_ext_latency_ffs|
|alu:10|lpm_mult:902|
|alu:10|lpm_mult:902|multcore:mult_core|
|alu:10|lpm_mult:902|multcore:mult_core|csa_add:padder|
|alu:10|lpm_mult:902|multcore:mult_core|csa_add:padder|csa_cell:adder1|
|alu:10|lpm_mult:902|multcore:mult_core|csa_add:padder|csa_cell:adder0|
|alu:10|lpm_mult:902|multcore:mult_core|csa_add:padder|csa_add:sub_csa_add|
|alu:10|lpm_mult:902|multcore:mult_core|csa_add:padder|csa_add:sub_csa_add|csa_cell:adder1|
|alu:10|lpm_mult:902|multcore:mult_core|csa_add:padder|csa_add:sub_csa_add|csa_cell:adder0|
|alu:10|lpm_mult:902|multcore:mult_core|csa_add:padder|csa_add:sub_csa_add|csa_add:sub_csa_add|
|alu:10|lpm_mult:902|multcore:mult_core|csa_add:padder|csa_add:sub_csa_add|csa_add:sub_csa_add|csa_cell:adder0|
|alu:10|lpm_mult:902|multcore:mult_core|csa_add:padder|csa_add:sub_csa_add|csa_add:sub_csa_add|csa_add:sub_csa_add|
|alu:10|lpm_mult:902|multcore:mult_core|csa_add:padder|csa_add:sub_csa_add|csa_add:sub_csa_add|csa_add:sub_csa_add|csa_cell:adder0|
|alu:10|lpm_mult:902|multcore:mult_core|csa_add:padder|lpm_add_sub:cpa_adder|
|alu:10|lpm_mult:902|multcore:mult_core|csa_add:padder|lpm_add_sub:cpa_adder|addcore:adder|
|alu:10|lpm_mult:902|multcore:mult_core|csa_add:padder|lpm_add_sub:cpa_adder|altshift:result_ext_latency_ffs|
|alu:10|lpm_mult:902|multcore:mult_core|csa_add:padder|lpm_add_sub:cpa_adder|altshift:carry_ext_latency_ffs|
|alu:10|lpm_mult:902|multcore:mult_core|csa_add:padder|lpm_add_sub:cpa_adder|altshift:oflow_ext_latency_ffs|
|alu:10|lpm_mult:902|altshift:external_latency_ffs|
|psw:11|
|pc:12|
|pc:12|lpm_add_sub:132|
|pc:12|lpm_add_sub:132|addcore:adder|
|pc:12|lpm_add_sub:132|altshift:result_ext_latency_ffs|
|pc:12|lpm_add_sub:132|altshift:carry_ext_latency_ffs|
|pc:12|lpm_add_sub:132|altshift:oflow_ext_latency_ffs|
|rom:14|
|convert:15|
|fen2:16|
|mux3:24|
|ram:26|
|ir:27|
|mux3_2:34|


Device-Specific Information:c:\users\administrator\onedrive - mytccd.edu\experimentreport\computerorganization\curriculumdesign\dingel-cpu\top.rpt
top

***** Logic for device 'top' compiled without errors.




Device: EP1K10TC100-1

ACEX 1K Configuration Scheme: Passive Serial

Device Options:
    User-Supplied Start-Up Clock               = OFF
    Auto-Restart Configuration on Frame Error  = OFF
    Release Clears Before Tri-States           = OFF
    Enable Chip_Wide Reset                     = OFF
    Enable Chip-Wide Output Enable             = OFF
    Enable INIT_DONE Output                    = OFF
    JTAG User Code                             = 7f
    MultiVolt I/O                              = OFF
    Enable Lock Output                         = OFF

                                                                   
                                                                   
                  R           R           R R   R   R R R R        
                  E O   O     E           E E   E   E E E E   O    
                  S U I U     S V I I I   S S I S   S S S S   U ^  
                  E T N T     E C N N N   E E N E V E E E E   T D  
                # R B B B   I R C B B B   R R B R C R R R R I B A  
                T V U U U G R V I U U U G V V U V C V V V V R U T  
                C E S S S N 1 E N S S S N E E S E I E E E E 1 S A  
                K D 2 4 3 D 5 D T 2 0 5 D D D 1 D O D D D D 4 7 0  
              ----------------------------------------------------_ 
             / 100  98  96  94  92  90  88  86  84  82  80  78  76   |_ 
            /     99  97  95  93  91  89  87  85  83  81  79  77    | 
^CONF_DONE |  1                                                    75 | ^DCLK 
     ^nCEO |  2                                                    74 | ^nCE 
      #TDO |  3                                                    73 | #TDI 
     VCCIO |  4                                                    72 | VCCINT 
  RESERVED |  5                                                    71 | IR5 
  RESERVED |  6                                                    70 | RESERVED 
      IR13 |  7                                                    69 | RESERVED 
  RESERVED |  8                                                    68 | RESERVED 
        CF |  9                                                    67 | VCCIO 
      IR11 | 10                                                    66 | GND 
       GND | 11                                                    65 | IR1 
    VCCINT | 12                                                    64 | OUTBUS1 
       IR9 | 13                   EP1K10TC100-1                    63 | IR2 
    INBUS3 | 14                                                    62 | IR0 
   OUTBUS4 | 15                                                    61 | IR12 
       IR8 | 16                                                    60 | VCCINT 
     VCCIO | 17                                                    59 | GND 
       GND | 18                                                    58 | RESERVED 
        ZF | 19                                                    57 | RESERVED 
  RESERVED | 20                                                    56 | RESERVED 
  RESERVED | 21                                                    55 | RESERVED 
  RESERVED | 22                                                    54 | ^MSEL0 
  RESERVED | 23                                                    53 | ^MSEL1 
      #TMS | 24                                                    52 | VCCINT 
  ^nSTATUS | 25                                                    51 | ^nCONFIG 
           |      27  29  31  33  35  37  39  41  43  45  47  49  _| 
            \   26  28  30  32  34  36  38  40  42  44  46  48  50   | 
             \----------------------------------------------------- 
                R R R O O O I R R V G V C C I G G R V I I I R I I  
                E E E U U U R E E C N C L L N N N E C N R R E R R  
                S S S T T T 6 S S C D C R K B D D S C B 1 7 S 3 4  
                E E E B B B   E E I   _     U _   E I U 0   E      
                R R R U U U   R R N   C     S C   R O S     R      
                V V V S S S   V V T   K     6 K   V   7     V      
                E E E 0 5 6   E E     L       L   E         E      
                D D D         D D     K       K   D         D      
                                                                   
                                                                   


N.C. = No Connect. This pin has no internal connection to the device.
VCCINT = Dedicated power pin, which MUST be connected to VCC (2.5 volts).
VCCIO = Dedicated power pin, which MUST be connected to VCC (2.5 volts).
GND = Dedicated ground pin or unused dedicated input, which MUST be connected to GND.
RESERVED = Unused I/O pin, which MUST be left unconnected.

^ = Dedicated configuration pin.
+ = Reserved configuration pin, which is tri-stated during user mode.
* = Reserved configuration pin, which drives out in user mode.
PDn = Power Down pin. 
@ = Special-purpose pin. 
# = JTAG Boundary-Scan Testing/In-System Programming or Configuration Pin. The JTAG inputs TMS and TDI should be tied to VCC and TCK should be tied to GND when not in use.
& = JTAG pin used for I/O. When used as user I/O, JTAG pins must be kept stable before and during configuration.  JTAG pin stability prevents accidental loading of JTAG instructions.
$ = Pin has PCI I/O option enabled. Pin is neither '5.0 V'- nor '3.3 V'-tolerant. 


Device-Specific Information:c:\users\administrator\onedrive - mytccd.edu\experimentreport\computerorganization\curriculumdesign\dingel-cpu\top.rpt
top

** RESOURCE USAGE **

Logic                Column       Row                                   
Array                Interconnect Interconnect         Clears/     External  
Block   Logic Cells  Driven       Driven       Clocks  Presets   Interconnect
B1       7/ 8( 87%)   0/ 8(  0%)   7/ 8( 87%)    2/2    1/2      11/22( 50%)   
B2       2/ 8( 25%)   1/ 8( 12%)   0/ 8(  0%)    0/2    0/2       2/22(  9%)   
B3       1/ 8( 12%)   0/ 8(  0%)   1/ 8( 12%)    1/2    0/2       3/22( 13%)   
B4       6/ 8( 75%)   0/ 8(  0%)   1/ 8( 12%)    2/2    0/2       9/22( 40%)   
B5       8/ 8(100%)   0/ 8(  0%)   2/ 8( 25%)    1/2    1/2       8/22( 36%)   
B6       5/ 8( 62%)   0/ 8(  0%)   3/ 8( 37%)    2/2    0/2       6/22( 27%)   
B7       8/ 8(100%)   0/ 8(  0%)   5/ 8( 62%)    2/2    2/2       2/22(  9%)   
B8       3/ 8( 37%)   0/ 8(  0%)   3/ 8( 37%)    1/2    0/2       3/22( 13%)   
B9       8/ 8(100%)   0/ 8(  0%)   4/ 8( 50%)    1/2    1/2       6/22( 27%)   
B10      8/ 8(100%)   0/ 8(  0%)   3/ 8( 37%)    2/2    0/2      10/22( 45%)   
B11      1/ 8( 12%)   0/ 8(  0%)   1/ 8( 12%)    1/2    0/2       2/22(  9%)   
B12      8/ 8(100%)   0/ 8(  0%)   6/ 8( 75%)    2/2    1/2       9/22( 40%)   
B13      8/ 8(100%)   0/ 8(  0%)   5/ 8( 62%)    2/2    0/2      12/22( 54%)   
B14      2/ 8( 25%)   0/ 8(  0%)   2/ 8( 25%)    1/2    0/2       4/22( 18%)   
B15      8/ 8(100%)   0/ 8(  0%)   3/ 8( 37%)    2/2    0/2      10/22( 45%)   
B16      8/ 8(100%)   0/ 8(  0%)   8/ 8(100%)    2/2    0/2      11/22( 50%)   
B17      6/ 8( 75%)   2/ 8( 25%)   1/ 8( 12%)    0/2    0/2       4/22( 18%)   
B18      8/ 8(100%)   0/ 8(  0%)   4/ 8( 50%)    2/2    0/2       8/22( 36%)   
B19      8/ 8(100%)   0/ 8(  0%)   2/ 8( 25%)    2/2    0/2       9/22( 40%)   
B20      8/ 8(100%)   1/ 8( 12%)   2/ 8( 25%)    2/2    0/2      10/22( 45%)   
B21      1/ 8( 12%)   1/ 8( 12%)   0/ 8(  0%)    0/2    0/2       2/22(  9%)   
B22      8/ 8(100%)   0/ 8(  0%)   2/ 8( 25%)    2/2    0/2      10/22( 45%)   
B23      8/ 8(100%)   0/ 8(  0%)   3/ 8( 37%)    0/2    0/2       7/22( 31%)   
B24      8/ 8(100%)   1/ 8( 12%)   2/ 8( 25%)    2/2    0/2      10/22( 45%)   


Embedded             Column       Row                                   
Array     Embedded   Interconnect Interconnect         Read/      External  
Block     Cells      Driven       Driven       Clocks  Write    Interconnect


Total dedicated input pins used:                 6/6      (100%)
Total I/O pins used:                            30/60     ( 50%)
Total logic cells used:                        146/576    ( 25%)
Total embedded cells used:                       0/48     (  0%)
Total EABs used:                                 0/3      (  0%)
Average fan-in:                                 2.80/4    ( 70%)
Total fan-in:                                 410/2304    ( 17%)

Total input pins required:                      10
Total input I/O cell registers required:         0
Total output pins required:                     26
Total output I/O cell registers required:        0
Total buried I/O cell registers required:        0
Total bidirectional pins required:               0
Total reserved pins required                     0
Total logic cells required:                    146
Total flipflops required:                       55
Total packed registers required:                 0
Total logic cells in carry chains:               0
Total number of carry chains:                    0
Total logic cells in cascade chains:             0
Total number of cascade chains:                  0
Total single-pin Clock Enables required:         0
Total single-pin Output Enables required:        0

Synthesized logic cells:                         2/ 576   (  0%)

Logic Cell and Embedded Cell Counts

Column:  01  02  03  04  05  06  07  08  09  10  11  12  EA  13  14  15  16  17  18  19  20  21  22  23  24  Total(LC/EC)
 A:      0   0   0   0   0   0   0   0   0   0   0   0   0   0   0   0   0   0   0   0   0   0   0   0   0      0/0  
 B:      7   2   1   6   8   5   8   3   8   8   1   8   0   8   2   8   8   6   8   8   8   1   8   8   8    146/0  
 C:      0   0   0   0   0   0   0   0   0   0   0   0   0   0   0   0   0   0   0   0   0   0   0   0   0      0/0  

Total:   7   2   1   6   8   5   8   3   8   8   1   8   0   8   2   8   8   6   8   8   8   1   8   8   8    146/0  



Device-Specific Information:c:\users\administrator\onedrive - mytccd.edu\experimentreport\computerorganization\curriculumdesign\dingel-cpu\top.rpt
top

** INPUTS **

                                                    Fan-In    Fan-Out
 Pin     LC     EC   Row  Col  Primitive    Code      INP  FBK  OUT  FBK  Name
  39      -     -    -    --      INPUT  G          ^    0    0    0    0  CLK
  38      -     -    -    --      INPUT  G          ^    0    0    0    0  CLR
  90      -     -    -    --      INPUT             ^    0    0    0    5  INBUS0
  85      -     -    -    08      INPUT             ^    0    0    0    1  INBUS1
  91      -     -    -    --      INPUT             ^    0    0    0    5  INBUS2
  14      -     -    B    --      INPUT             ^    0    0    0    5  INBUS3
  97      -     -    -    23      INPUT             ^    0    0    0    5  INBUS4
  89      -     -    -    --      INPUT             ^    0    0    0    5  INBUS5
  40      -     -    -    --      INPUT             ^    0    0    0    5  INBUS6
  45      -     -    -    11      INPUT             ^    0    0    0    5  INBUS7


Code:

s = Synthesized pin or logic cell
+ = Synchronous flipflop
/ = Slow slew-rate output
! = NOT gate push-back
r = Fitter-inserted logic cell
^ = Increased input delay
* = PCI I/O is enabled
@ = Uses single-pin Clock Enable
& = Uses single-pin Output Enable
G = Global Source. Fan-out destinations counted here do not include destinations
that are driven using global routing resources. Refer to the Auto Global Signals,
Clock Signals, Clear Signals, Synchronous Load Signals, and Synchronous Clear Signals
Sections of this Report File for information on which signals' fan-outs are used as
Clock, Clear, Preset, Output Enable, and synchronous Load signals.


Device-Specific Information:c:\users\administrator\onedrive - mytccd.edu\experimentreport\computerorganization\curriculumdesign\dingel-cpu\top.rpt
top

** OUTPUTS **

       Fed By Fed By                                Fan-In    Fan-Out
 Pin     LC     EC   Row  Col  Primitive    Code      INP  FBK  OUT  FBK  Name
   9      -     -    A    --     OUTPUT                 0    0    0    0  CF
  62      -     -    B    --     OUTPUT                 0    1    0    0  IR0
  65      -     -    B    --     OUTPUT                 0    1    0    0  IR1
  63      -     -    B    --     OUTPUT                 0    1    0    0  IR2
  49      -     -    -    06     OUTPUT                 0    0    0    0  IR3
  50      -     -    -    02     OUTPUT                 0    0    0    0  IR4
  71      -     -    A    --     OUTPUT                 0    0    0    0  IR5
  32      -     -    -    16     OUTPUT                 0    0    0    0  IR6
  47      -     -    -    09     OUTPUT                 0    0    0    0  IR7
  16      -     -    B    --     OUTPUT                 0    1    0    0  IR8
  13      -     -    B    --     OUTPUT                 0    1    0    0  IR9
  46      -     -    -    10     OUTPUT                 0    0    0    0  IR10
  10      -     -    A    --     OUTPUT                 0    0    0    0  IR11
  61      -     -    B    --     OUTPUT                 0    1    0    0  IR12
   7      -     -    A    --     OUTPUT                 0    0    0    0  IR13
  78      -     -    -    01     OUTPUT                 0    0    0    0  IR14
  94      -     -    -    19     OUTPUT                 0    0    0    0  IR15
  29      -     -    -    19     OUTPUT                 0    1    0    0  OUTBUS0
  64      -     -    B    --     OUTPUT                 0    1    0    0  OUTBUS1
  98      -     -    -    24     OUTPUT                 0    1    0    0  OUTBUS2
  96      -     -    -    22     OUTPUT                 0    1    0    0  OUTBUS3
  15      -     -    B    --     OUTPUT                 0    1    0    0  OUTBUS4
  30      -     -    -    18     OUTPUT                 0    1    0    0  OUTBUS5
  31      -     -    -    17     OUTPUT                 0    1    0    0  OUTBUS6
  77      -     -    -    01     OUTPUT                 0    1    0    0  OUTBUS7
  19      -     -    C    --     OUTPUT                 0    0    0    0  ZF


Code:

s = Synthesized pin or logic cell
+ = Synchronous flipflop
/ = Slow slew-rate output
! = NOT gate push-back
r = Fitter-inserted logic cell
^ = Increased input delay
* = PCI I/O is enabled
@ = Uses single-pin Clock Enable
& = Uses single-pin Output Enable


Device-Specific Information:c:\users\administrator\onedrive - mytccd.edu\experimentreport\computerorganization\curriculumdesign\dingel-cpu\top.rpt
top

** BURIED LOGIC **

                                                    Fan-In    Fan-Out
 IOC     LC     EC   Row  Col  Primitive    Code      INP  FBK  OUT  FBK  Name
   -      5     -    B    19        OR2                0    4    0    2  |ALU:10|LPM_ADD_SUB:413|addcore:adder|pcarry1
   -      4     -    B    23        OR2                0    3    0    2  |ALU:10|LPM_ADD_SUB:413|addcore:adder|pcarry2
   -      5     -    B    23        OR2                0    3    0    2  |ALU:10|LPM_ADD_SUB:413|addcore:adder|pcarry3
   -      1     -    B    22        OR2                0    3    0    2  |ALU:10|LPM_ADD_SUB:413|addcore:adder|pcarry4
   -      1     -    B    15        OR2                0    3    0    2  |ALU:10|LPM_ADD_SUB:413|addcore:adder|pcarry5
   -      1     -    B    10        OR2                0    3    0    1  |ALU:10|LPM_ADD_SUB:413|addcore:adder|pcarry6
   -      3     -    B    04       AND2                0    1    0    1  |ALU:10|:1366
   -      4     -    B    01       AND2                0    1    0    2  |ALU:10|:1384
   -      1     -    B    14       AND2                0    1    0    2  |ALU:10|:1402
   -      3     -    B    22       AND2                0    1    0    2  |ALU:10|:1420
   -      6     -    B    23       AND2                0    1    0    2  |ALU:10|:1438
   -      1     -    B    23       AND2                0    1    0    2  |ALU:10|:1456
   -      8     -    B    19       AND2                0    1    0    2  |ALU:10|:1474
   -      1     -    B    13       AND2                0    1    0    3  |ALU:10|:1492
   -      6     -    B    04        OR2                0    4    0    1  |ALU:10|:1528
   -      8     -    B    10        OR2                0    4    0    2  |ALU:10|:1546
   -      8     -    B    15        OR2                0    4    0    2  |ALU:10|:1564
   -      8     -    B    22        OR2                0    4    0    2  |ALU:10|:1582
   -      6     -    B    18        OR2                0    4    0    2  |ALU:10|:1600
   -      3     -    B    23        OR2                0    4    0    2  |ALU:10|:1618
   -      7     -    B    19        OR2                0    4    0    2  |ALU:10|:1636
   -      8     -    B    13        OR2                0    4    0    3  |ALU:10|:1654
   -      1     -    B    04        OR2                0    3    0    1  |ALU:10|:1690
   -      4     -    B    10        OR2                0    3    0    1  |ALU:10|:1708
   -      2     -    B    15        OR2                0    3    0    1  |ALU:10|:1726
   -      4     -    B    22        OR2                0    3    0    1  |ALU:10|:1744
   -      7     -    B    23        OR2                0    3    0    1  |ALU:10|:1762
   -      8     -    B    23        OR2                0    3    0    1  |ALU:10|:1780
   -      2     -    B    19        OR2                0    4    0    1  |ALU:10|:1798
   -      7     -    B    20        OR2                0    2    0    1  |ALU:10|:1816
   -      1     -    B    02       AND2                0    1    0    1  |ALU:10|:1834
   -      4     -    B    17       AND2                0    1    0    1  |ALU:10|:1852
   -      3     -    B    17       AND2                0    1    0    1  |ALU:10|:1870
   -      1     -    B    17       AND2                0    1    0    1  |ALU:10|:1888
   -      2     -    B    23       AND2                0    1    0    1  |ALU:10|:1906
   -      7     -    B    24       AND2                0    1    0    1  |ALU:10|:1924
   -      7     -    B    09       AND2                0    1    0    1  |ALU:10|:1942
   -      8     -    B    20       AND2                0    1    0    1  |ALU:10|:1960
   -      7     -    B    07       DFFE   +            0    2    0    4  |COUNTER:1|:3
   -      8     -    B    09       DFFE   +            0    2    0    1  |COUNTER:1|:5
   -      2     -    B    07       DFFE   +            0    2    0    6  |COUNTER:1|:7
   -      1     -    B    07       DFFE   +            0    1    0    3  |COUNTER:1|X1 (|COUNTER:1|:9)
   -      4     -    B    09       DFFE   +            0    0    0    4  |COUNTER:1|X0 (|COUNTER:1|:10)
   -      6     -    B    07       DFFE                0    2    0    2  |crom:2|aa:1|MMM:8|:5
   -      5     -    B    07        OR2        !       0    3    0    1  |crom:2|ADDR:5|:44
   -      8     -    B    07       DFFE                0    2    0    5  |crom:2|MCOMMAND:7|DATAOUT15 (|crom:2|MCOMMAND:7|:48)
   -      4     -    B    07       DFFE                0    1    0   58  |crom:2|MCOMMAND:7|DATAOUT6 (|crom:2|MCOMMAND:7|:57)
   -      3     -    B    07       DFFE                0    2    0    6  |crom:2|MCOMMAND:7|DATAOUT2 (|crom:2|MCOMMAND:7|:61)
   -      7     -    B    01       AND2                0    2    0    8  |crom:2|MCOMMAND:7|:874
   -      3     -    B    09       AND2                0    2    0    6  |crom:2|MCOMMAND:7|:922
   -      2     -    B    06       AND2                0    1    0    5  |FEN2:16|:103
   -      2     -    B    10       AND2                0    1    0    4  |FEN2:16|:109
   -      4     -    B    15       AND2                0    1    0    4  |FEN2:16|:115
   -      8     -    B    16       AND2                0    1    0    5  |FEN2:16|:121
   -      7     -    B    18       AND2                0    1    0    4  |FEN2:16|:127
   -      8     -    B    24        OR2                0    2    0    4  |FEN2:16|:133
   -      6     -    B    09        OR2                0    2    0    1  |FEN2:16|:139
   -      2     -    B    20        OR2                0    2    0    4  |FEN2:16|:145
   -      2     -    B    02        OR2                0    2    1    0  |FEN2:16|:151
   -      2     -    B    17        OR2                0    2    1    0  |FEN2:16|:157
   -      7     -    B    17        OR2                0    2    1    0  |FEN2:16|:163
   -      5     -    B    17        OR2                0    2    1    0  |FEN2:16|:169
   -      1     -    B    21        OR2                0    2    1    0  |FEN2:16|:175
   -      1     -    B    24        OR2                0    2    1    0  |FEN2:16|:181
   -      2     -    B    09        OR2                0    2    1    0  |FEN2:16|:187
   -      5     -    B    20        OR2                0    2    1    0  |FEN2:16|:193
   -      8     -    B    08       DFFE                0    2    1    1  |IR:27|:24
   -      1     -    B    12       DFFE                0    4    1   28  |IR:27|:30
   -      7     -    B    03       DFFE                0    3    1   28  |IR:27|:32
   -      4     -    B    12       DFFE                0    4    1    1  |IR:27|:44
   -      1     -    B    08       DFFE                0    2    1    1  |IR:27|:46
   -      6     -    B    08       DFFE                0    3    1    1  |IR:27|:48
   -      2     -    B    04       DFFE                1    3    0    2  |LS273:4|:10
   -      6     -    B    01       DFFE                1    3    0    2  |LS273:4|:12
   -      4     -    B    14       DFFE                1    3    0    2  |LS273:4|:14
   -      2     -    B    22       DFFE                1    3    0    2  |LS273:4|:16
   -      2     -    B    13       DFFE                1    3    0    2  |LS273:4|:18
   -      4     -    B    13       DFFE                1    3    0    2  |LS273:4|:20
   -      6     -    B    19       DFFE                0    2    0    2  |LS273:4|:22
   -      5     -    B    13       DFFE                1    3    0    2  |LS273:4|:24
   -      4     -    B    04       DFFE                1    3    0    1  |LS273:5|:10
   -      1     -    B    16       DFFE                1    3    0    1  |LS273:5|:12
   -      4     -    B    16       DFFE                1    3    0    1  |LS273:5|:14
   -      6     -    B    16       DFFE                1    3    0    1  |LS273:5|:16
   -      3     -    B    13       DFFE                1    3    0    1  |LS273:5|:18
   -      5     -    B    16       DFFE                1    3    0    1  |LS273:5|:20
   -      2     -    B    16       DFFE                0    2    0    1  |LS273:5|:22
   -      6     -    B    13       DFFE                1    3    0    1  |LS273:5|:24
   -      4     -    B    06       DFFE                1    3    0    1  |LS273:6|:10
   -      3     -    B    10       DFFE                1    3    0    1  |LS273:6|:12
   -      3     -    B    15       DFFE                1    3    0    1  |LS273:6|:14
   -      5     -    B    22       DFFE                1    3    0    1  |LS273:6|:16
   -      1     -    B    18       DFFE                1    3    0    1  |LS273:6|:18
   -      3     -    B    24       DFFE                1    3    0    1  |LS273:6|:20
   -      1     -    B    19       DFFE                0    2    0    1  |LS273:6|:22
   -      3     -    B    20       DFFE                1    3    0    1  |LS273:6|:24
   -      5     -    B    06       DFFE                1    3    0    1  |LS273:7|:10
   -      5     -    B    10       DFFE                1    3    0    1  |LS273:7|:12
   -      5     -    B    15       DFFE                1    3    0    1  |LS273:7|:14
   -      7     -    B    16       DFFE                1    3    0    1  |LS273:7|:16
   -      2     -    B    18       DFFE                1    3    0    1  |LS273:7|:18
   -      4     -    B    24       DFFE                1    3    0    1  |LS273:7|:20
   -      4     -    B    11       DFFE                0    2    0    1  |LS273:7|:22
   -      6     -    B    20       DFFE                1    3    0    1  |LS273:7|:24
   -      2     -    B    24        OR2                0    4    0    2  |MUX3_2:34|:273
   -      5     -    B    09        OR2                0    4    0    2  |MUX3_2:34|:285
   -      1     -    B    20        OR2                0    4    0    2  |MUX3_2:34|:297
   -      3     -    B    06        OR2                1    2    0    1  |MUX3:24|:178
   -      3     -    B    16        OR2                1    2    0    1  |MUX3:24|:205
   -      1     -    B    09        OR2                1    2    0    5  |MUX3:24|:232
   -      5     -    B    04        OR2                0    4    0    1  |MUX4:9|:246
   -      1     -    B    06        OR2                0    4    0    1  |MUX4:9|:248
   -      7     -    B    10        OR2                0    4    0    1  |MUX4:9|:261
   -      6     -    B    10        OR2                0    4    0    1  |MUX4:9|:263
   -      7     -    B    15        OR2                0    4    0    1  |MUX4:9|:273
   -      6     -    B    15        OR2                0    4    0    1  |MUX4:9|:275
   -      7     -    B    22        OR2                0    4    0    1  |MUX4:9|:285
   -      6     -    B    22        OR2                0    4    0    1  |MUX4:9|:287
   -      8     -    B    18        OR2                0    4    0    1  |MUX4:9|:297
   -      4     -    B    18        OR2                0    4    0    1  |MUX4:9|:299
   -      6     -    B    24        OR2                0    4    0    1  |MUX4:9|:309
   -      5     -    B    24        OR2                0    4    0    1  |MUX4:9|:311
   -      4     -    B    19        OR2                0    4    0    1  |MUX4:9|:321
   -      3     -    B    19        OR2                0    4    0    1  |MUX4:9|:323
   -      7     -    B    13        OR2                0    4    0    1  |MUX4:9|:333
   -      4     -    B    20        OR2                0    4    0    1  |MUX4:9|:335
   -      2     -    B    12       AND2                0    4    0    4  |PC:12|LPM_ADD_SUB:132|addcore:adder|:129
   -      2     -    B    05       AND2                0    4    0    1  |PC:12|LPM_ADD_SUB:132|addcore:adder|:141
   -      7     -    B    12        OR2                0    3    0    1  |PC:12|LPM_ADD_SUB:132|addcore:adder|:150
   -      3     -    B    12        OR2                0    4    0    1  |PC:12|LPM_ADD_SUB:132|addcore:adder|:151
   -      6     -    B    05        OR2                0    3    0    1  |PC:12|LPM_ADD_SUB:132|addcore:adder|:153
   -      4     -    B    05        OR2                0    4    0    1  |PC:12|LPM_ADD_SUB:132|addcore:adder|:154
   -      3     -    B    05       DFFE                0    4    0    1  |PC:12|QOUT7 (|PC:12|:20)
   -      5     -    B    05       DFFE                1    3    0    3  |PC:12|QOUT6 (|PC:12|:21)
   -      7     -    B    05       DFFE                1    3    0    4  |PC:12|QOUT5 (|PC:12|:22)
   -      1     -    B    05       DFFE                0    4    0    4  |PC:12|QOUT4 (|PC:12|:23)
   -      1     -    B    01       DFFE                1    3    0    3  |PC:12|QOUT3 (|PC:12|:24)
   -      8     -    B    12       DFFE                1    3    0    4  |PC:12|QOUT2 (|PC:12|:25)
   -      6     -    B    12       DFFE                0    4    0    6  |PC:12|QOUT1 (|PC:12|:26)
   -      2     -    B    01       DFFE                1    2    0    7  |PC:12|QOUT0 (|PC:12|:27)
   -      8     -    B    05       AND2    s           0    4    0    1  |ROM:14|~59~1
   -      5     -    B    12       AND2    s           0    4    0    6  |ROM:14|~59~2
   -      3     -    B    01       AND2                0    4    0    8  :17
   -      3     -    B    18       AND2                0    4    0    8  :18
   -      5     -    B    18       AND2                0    4    0    8  :19
   -      5     -    B    01       AND2                0    4    0    8  :20


Code:

s = Synthesized pin or logic cell
+ = Synchronous flipflop
/ = Slow slew-rate output
! = NOT gate push-back
r = Fitter-inserted logic cell
^ = Increased input delay
* = PCI I/O is enabled
p = Packed register


Device-Specific Information:c:\users\administrator\onedrive - mytccd.edu\experimentreport\computerorganization\curriculumdesign\dingel-cpu\top.rpt
top

** FASTTRACK INTERCONNECT UTILIZATION **

Row FastTrack Interconnect:

          Global         Left Half-      Right Half-
         FastTrack       FastTrack       FastTrack 
Row     Interconnect    Interconnect    Interconnect    Input Pins     Output Pins     Bidir Pins
A:       0/ 96(  0%)     0/ 48(  0%)     0/ 48(  0%)    0/16(  0%)      4/16( 25%)     0/16(  0%)
B:      41/ 96( 42%)    20/ 48( 41%)    18/ 48( 37%)    1/16(  6%)      8/16( 50%)     0/16(  0%)
C:       0/ 96(  0%)     0/ 48(  0%)     0/ 48(  0%)    0/16(  0%)      1/16(  6%)     0/16(  0%)


Column FastTrack Interconnect:

         FastTrack                                 
Column  Interconnect    Input Pins     Output Pins     Bidir Pins
01:      1/24(  4%)     0/4(  0%)      2/4( 50%)       0/4(  0%)
02:      0/24(  0%)     0/4(  0%)      1/4( 25%)       0/4(  0%)
03:      0/24(  0%)     0/4(  0%)      0/4(  0%)       0/4(  0%)
04:      0/24(  0%)     0/4(  0%)      0/4(  0%)       0/4(  0%)
05:      0/24(  0%)     0/4(  0%)      0/4(  0%)       0/4(  0%)
06:      0/24(  0%)     0/4(  0%)      1/4( 25%)       0/4(  0%)
07:      0/24(  0%)     0/4(  0%)      0/4(  0%)       0/4(  0%)
08:      1/24(  4%)     1/4( 25%)      0/4(  0%)       0/4(  0%)
09:      0/24(  0%)     0/4(  0%)      1/4( 25%)       0/4(  0%)
10:      0/24(  0%)     0/4(  0%)      1/4( 25%)       0/4(  0%)
11:      1/24(  4%)     1/4( 25%)      0/4(  0%)       0/4(  0%)
12:      0/24(  0%)     0/4(  0%)      0/4(  0%)       0/4(  0%)
13:      0/24(  0%)     0/4(  0%)      0/4(  0%)       0/4(  0%)
14:      0/24(  0%)     0/4(  0%)      0/4(  0%)       0/4(  0%)
15:      0/24(  0%)     0/4(  0%)      0/4(  0%)       0/4(  0%)
16:      0/24(  0%)     0/4(  0%)      1/4( 25%)       0/4(  0%)
17:      1/24(  4%)     0/4(  0%)      1/4( 25%)       0/4(  0%)
18:      1/24(  4%)     0/4(  0%)      1/4( 25%)       0/4(  0%)
19:      1/24(  4%)     0/4(  0%)      2/4( 50%)       0/4(  0%)
20:      0/24(  0%)     0/4(  0%)      0/4(  0%)       0/4(  0%)
21:      0/24(  0%)     0/4(  0%)      0/4(  0%)       0/4(  0%)
22:      1/24(  4%)     0/4(  0%)      1/4( 25%)       0/4(  0%)
23:      1/24(  4%)     1/4( 25%)      0/4(  0%)       0/4(  0%)
24:      1/24(  4%)     0/4(  0%)      1/4( 25%)       0/4(  0%)
EA:      0/24(  0%)     0/4(  0%)      0/4(  0%)       0/4(  0%)


Device-Specific Information:c:\users\administrator\onedrive - mytccd.edu\experimentreport\computerorganization\curriculumdesign\dingel-cpu\top.rpt
top

** CLOCK SIGNALS **

Type     Fan-out       Name
LCELL        8         |crom:2|MCOMMAND:7|:874
LCELL        8         :17
LCELL        8         :18
LCELL        8         :19
LCELL        8         :20
LCELL        6         |crom:2|MCOMMAND:7|:922
INPUT        5         CLK
DFF          4         |COUNTER:1|:3


Device-Specific Information:c:\users\administrator\onedrive - mytccd.edu\experimentreport\computerorganization\curriculumdesign\dingel-cpu\top.rpt
top

** CLEAR SIGNALS **

Type     Fan-out       Name
INPUT       14         CLR


Device-Specific Information:c:\users\administrator\onedrive - mytccd.edu\experimentreport\computerorganization\curriculumdesign\dingel-cpu\top.rpt
top

** EQUATIONS **

CLK      : INPUT;
CLR      : INPUT;
INBUS0   : INPUT;
INBUS1   : INPUT;
INBUS2   : INPUT;
INBUS3   : INPUT;
INBUS4   : INPUT;
INBUS5   : INPUT;
INBUS6   : INPUT;
INBUS7   : INPUT;

-- Node name is 'CF' 
-- Equation name is 'CF', type is output 
CF       =  GND;

-- Node name is 'IR0' 
-- Equation name is 'IR0', type is output 
IR0      =  _LC6_B8;

-- Node name is 'IR1' 
-- Equation name is 'IR1', type is output 
IR1      =  _LC1_B8;

-- Node name is 'IR2' 
-- Equation name is 'IR2', type is output 
IR2      =  _LC4_B12;

-- Node name is 'IR3' 
-- Equation name is 'IR3', type is output 
IR3      =  GND;

-- Node name is 'IR4' 
-- Equation name is 'IR4', type is output 
IR4      =  GND;

-- Node name is 'IR5' 
-- Equation name is 'IR5', type is output 
IR5      =  GND;

-- Node name is 'IR6' 
-- Equation name is 'IR6', type is output 
IR6      =  GND;

-- Node name is 'IR7' 
-- Equation name is 'IR7', type is output 
IR7      =  GND;

-- Node name is 'IR8' 
-- Equation name is 'IR8', type is output 
IR8      =  _LC7_B3;

-- Node name is 'IR9' 
-- Equation name is 'IR9', type is output 
IR9      =  _LC1_B12;

-- Node name is 'IR10' 
-- Equation name is 'IR10', type is output 
IR10     =  GND;

-- Node name is 'IR11' 
-- Equation name is 'IR11', type is output 
IR11     =  GND;

-- Node name is 'IR12' 
-- Equation name is 'IR12', type is output 
IR12     =  _LC8_B8;

-- Node name is 'IR13' 
-- Equation name is 'IR13', type is output 
IR13     =  GND;

-- Node name is 'IR14' 
-- Equation name is 'IR14', type is output 
IR14     =  GND;

-- Node name is 'IR15' 
-- Equation name is 'IR15', type is output 
IR15     =  GND;

-- Node name is 'OUTBUS0' 
-- Equation name is 'OUTBUS0', type is output 
OUTBUS0  =  _LC5_B20;

-- Node name is 'OUTBUS1' 
-- Equation name is 'OUTBUS1', type is output 
OUTBUS1  =  _LC2_B9;

-- Node name is 'OUTBUS2' 
-- Equation name is 'OUTBUS2', type is output 
OUTBUS2  =  _LC1_B24;

-- Node name is 'OUTBUS3' 
-- Equation name is 'OUTBUS3', type is output 
OUTBUS3  =  _LC1_B21;

-- Node name is 'OUTBUS4' 
-- Equation name is 'OUTBUS4', type is output 
OUTBUS4  =  _LC5_B17;

-- Node name is 'OUTBUS5' 
-- Equation name is 'OUTBUS5', type is output 
OUTBUS5  =  _LC7_B17;

-- Node name is 'OUTBUS6' 
-- Equation name is 'OUTBUS6', type is output 
OUTBUS6  =  _LC2_B17;

-- Node name is 'OUTBUS7' 
-- Equation name is 'OUTBUS7', type is output 
OUTBUS7  =  _LC2_B2;

-- Node name is 'ZF' 
-- Equation name is 'ZF', type is output 
ZF       =  GND;

-- Node name is '|ALU:10|LPM_ADD_SUB:413|addcore:adder|pcarry1' from file "addcore.tdf" line 312, column 40
-- Equation name is '_LC5_B19', type is buried 
_LC5_B19 = LCELL( _EQ001);
  _EQ001 =  _LC7_B19 &  _LC8_B19
         #  _LC1_B13 &  _LC7_B19 &  _LC8_B13
         #  _LC1_B13 &  _LC8_B13 &  _LC8_B19;

-- Node name is '|ALU:10|LPM_ADD_SUB:413|addcore:adder|pcarry2' from file "addcore.tdf" line 312, column 40
-- Equation name is '_LC4_B23', type is buried 
_LC4_B23 = LCELL( _EQ002);
  _EQ002 =  _LC3_B23 &  _LC5_B19
         #  _LC1_B23 &  _LC5_B19
         #  _LC1_B23 &  _LC3_B23;

-- Node name is '|ALU:10|LPM_ADD_SUB:413|addcore:adder|pcarry3' from file "addcore.tdf" line 312, column 40
-- Equation name is '_LC5_B23', type is buried 
_LC5_B23 = LCELL( _EQ003);
  _EQ003 =  _LC4_B23 &  _LC6_B18
         #  _LC4_B23 &  _LC6_B23
         #  _LC6_B18 &  _LC6_B23;

-- Node name is '|ALU:10|LPM_ADD_SUB:413|addcore:adder|pcarry4' from file "addcore.tdf" line 312, column 40
-- Equation name is '_LC1_B22', type is buried 
_LC1_B22 = LCELL( _EQ004);
  _EQ004 =  _LC5_B23 &  _LC8_B22
         #  _LC3_B22 &  _LC5_B23
         #  _LC3_B22 &  _LC8_B22;

-- Node name is '|ALU:10|LPM_ADD_SUB:413|addcore:adder|pcarry5' from file "addcore.tdf" line 312, column 40
-- Equation name is '_LC1_B15', type is buried 
_LC1_B15 = LCELL( _EQ005);
  _EQ005 =  _LC1_B22 &  _LC8_B15
         #  _LC1_B14 &  _LC1_B22
         #  _LC1_B14 &  _LC8_B15;

-- Node name is '|ALU:10|LPM_ADD_SUB:413|addcore:adder|pcarry6' from file "addcore.tdf" line 312, column 40
-- Equation name is '_LC1_B10', type is buried 
_LC1_B10 = LCELL( _EQ006);
  _EQ006 =  _LC1_B15 &  _LC8_B10
         #  _LC1_B15 &  _LC4_B1
         #  _LC4_B1 &  _LC8_B10;

-- Node name is '|ALU:10|:1366' 
-- Equation name is '_LC3_B4', type is buried 
_LC3_B4  = LCELL( _LC2_B4);

-- Node name is '|ALU:10|:1384' 
-- Equation name is '_LC4_B1', type is buried 
_LC4_B1  = LCELL( _LC6_B1);

-- Node name is '|ALU:10|:1402' 
-- Equation name is '_LC1_B14', type is buried 
_LC1_B14 = LCELL( _LC4_B14);

-- Node name is '|ALU:10|:1420' 
-- Equation name is '_LC3_B22', type is buried 
_LC3_B22 = LCELL( _LC2_B22);

-- Node name is '|ALU:10|:1438' 
-- Equation name is '_LC6_B23', type is buried 
_LC6_B23 = LCELL( _LC2_B13);

-- Node name is '|ALU:10|:1456' 
-- Equation name is '_LC1_B23', type is buried 
_LC1_B23 = LCELL( _LC4_B13);

-- Node name is '|ALU:10|:1474' 
-- Equation name is '_LC8_B19', type is buried 
_LC8_B19 = LCELL( _LC6_B19);

-- Node name is '|ALU:10|:1492' 
-- Equation name is '_LC1_B13', type is buried 
_LC1_B13 = LCELL( _LC5_B13);

-- Node name is '|ALU:10|:1528' 
-- Equation name is '_LC6_B4', type is buried 
_LC6_B4  = LCELL( _EQ007);
  _EQ007 =  _LC1_B12 &  _LC5_B4
         #  _LC5_B4 &  _LC7_B3
         # !_LC1_B12 &  _LC2_B4 & !_LC7_B3;

-- Node name is '|ALU:10|:1546' 
-- Equation name is '_LC8_B10', type is buried 
_LC8_B10 = LCELL( _EQ008);
  _EQ008 =  _LC1_B12 &  _LC7_B10
         #  _LC7_B3 &  _LC7_B10
         # !_LC1_B12 &  _LC6_B1 & !_LC7_B3;

-- Node name is '|ALU:10|:1564' 
-- Equation name is '_LC8_B15', type is buried 
_LC8_B15 = LCELL( _EQ009);
  _EQ009 =  _LC1_B12 &  _LC7_B15
         #  _LC7_B3 &  _LC7_B15
         # !_LC1_B12 &  _LC4_B14 & !_LC7_B3;

-- Node name is '|ALU:10|:1582' 
-- Equation name is '_LC8_B22', type is buried 
_LC8_B22 = LCELL( _EQ010);
  _EQ010 =  _LC1_B12 &  _LC7_B22
         #  _LC7_B3 &  _LC7_B22
         # !_LC1_B12 &  _LC2_B22 & !_LC7_B3;

-- Node name is '|ALU:10|:1600' 
-- Equation name is '_LC6_B18', type is buried 
_LC6_B18 = LCELL( _EQ011);
  _EQ011 =  _LC1_B12 &  _LC8_B18
         #  _LC7_B3 &  _LC8_B18
         # !_LC1_B12 &  _LC2_B13 & !_LC7_B3;

-- Node name is '|ALU:10|:1618' 
-- Equation name is '_LC3_B23', type is buried 
_LC3_B23 = LCELL( _EQ012);
  _EQ012 =  _LC1_B12 &  _LC6_B24
         #  _LC6_B24 &  _LC7_B3
         # !_LC1_B12 &  _LC4_B13 & !_LC7_B3;

-- Node name is '|ALU:10|:1636' 
-- Equation name is '_LC7_B19', type is buried 
_LC7_B19 = LCELL( _EQ013);
  _EQ013 =  _LC1_B12 &  _LC4_B19
         #  _LC4_B19 &  _LC7_B3
         # !_LC1_B12 &  _LC6_B19 & !_LC7_B3;

-- Node name is '|ALU:10|:1654' 
-- Equation name is '_LC8_B13', type is buried 
_LC8_B13 = LCELL( _EQ014);
  _EQ014 =  _LC1_B12 &  _LC7_B13
         #  _LC7_B3 &  _LC7_B13
         # !_LC1_B12 &  _LC5_B13 & !_LC7_B3;

-- Node name is '|ALU:10|:1690' 
-- Equation name is '_LC1_B4', type is buried 
_LC1_B4  = LCELL( _EQ015);
  _EQ015 =  _LC1_B10 &  _LC3_B4 &  _LC6_B4
         #  _LC1_B10 & !_LC3_B4 & !_LC6_B4
         # !_LC1_B10 & !_LC3_B4 &  _LC6_B4
         # !_LC1_B10 &  _LC3_B4 & !_LC6_B4;

-- Node name is '|ALU:10|:1708' 
-- Equation name is '_LC4_B10', type is buried 
_LC4_B10 = LCELL( _EQ016);
  _EQ016 =  _LC1_B15 &  _LC4_B1 &  _LC8_B10
         #  _LC1_B15 & !_LC4_B1 & !_LC8_B10
         # !_LC1_B15 & !_LC4_B1 &  _LC8_B10
         # !_LC1_B15 &  _LC4_B1 & !_LC8_B10;

-- Node name is '|ALU:10|:1726' 
-- Equation name is '_LC2_B15', type is buried 
_LC2_B15 = LCELL( _EQ017);
  _EQ017 =  _LC1_B14 &  _LC1_B22 &  _LC8_B15
         # !_LC1_B14 &  _LC1_B22 & !_LC8_B15
         # !_LC1_B14 & !_LC1_B22 &  _LC8_B15
         #  _LC1_B14 & !_LC1_B22 & !_LC8_B15;

-- Node name is '|ALU:10|:1744' 
-- Equation name is '_LC4_B22', type is buried 
_LC4_B22 = LCELL( _EQ018);
  _EQ018 =  _LC3_B22 &  _LC5_B23 &  _LC8_B22
         # !_LC3_B22 &  _LC5_B23 & !_LC8_B22
         # !_LC3_B22 & !_LC5_B23 &  _LC8_B22
         #  _LC3_B22 & !_LC5_B23 & !_LC8_B22;

-- Node name is '|ALU:10|:1762' 
-- Equation name is '_LC7_B23', type is buried 
_LC7_B23 = LCELL( _EQ019);
  _EQ019 =  _LC4_B23 &  _LC6_B18 &  _LC6_B23
         #  _LC4_B23 & !_LC6_B18 & !_LC6_B23
         # !_LC4_B23 &  _LC6_B18 & !_LC6_B23
         # !_LC4_B23 & !_LC6_B18 &  _LC6_B23;

-- Node name is '|ALU:10|:1780' 
-- Equation name is '_LC8_B23', type is buried 
_LC8_B23 = LCELL( _EQ020);
  _EQ020 =  _LC1_B23 &  _LC3_B23 &  _LC5_B19
         # !_LC1_B23 & !_LC3_B23 &  _LC5_B19
         # !_LC1_B23 &  _LC3_B23 & !_LC5_B19
         #  _LC1_B23 & !_LC3_B23 & !_LC5_B19;

-- Node name is '|ALU:10|:1798' 
-- Equation name is '_LC2_B19', type is buried 
_LC2_B19 = LCELL( _EQ021);
  _EQ021 =  _LC1_B13 &  _LC7_B19 &  _LC8_B13 &  _LC8_B19
         #  _LC7_B19 & !_LC8_B13 & !_LC8_B19
         # !_LC1_B13 &  _LC7_B19 & !_LC8_B19
         # !_LC7_B19 & !_LC8_B13 &  _LC8_B19
         # !_LC1_B13 & !_LC7_B19 &  _LC8_B19
         #  _LC1_B13 & !_LC7_B19 &  _LC8_B13 & !_LC8_B19;

-- Node name is '|ALU:10|:1816' 
-- Equation name is '_LC7_B20', type is buried 
_LC7_B20 = LCELL( _EQ022);
  _EQ022 = !_LC1_B13 &  _LC8_B13
         #  _LC1_B13 & !_LC8_B13;

-- Node name is '|ALU:10|:1834' 
-- Equation name is '_LC1_B2', type is buried 
_LC1_B2  = LCELL( _LC1_B4);

-- Node name is '|ALU:10|:1852' 
-- Equation name is '_LC4_B17', type is buried 
_LC4_B17 = LCELL( _LC4_B10);

-- Node name is '|ALU:10|:1870' 
-- Equation name is '_LC3_B17', type is buried 
_LC3_B17 = LCELL( _LC2_B15);

-- Node name is '|ALU:10|:1888' 
-- Equation name is '_LC1_B17', type is buried 
_LC1_B17 = LCELL( _LC4_B22);

-- Node name is '|ALU:10|:1906' 
-- Equation name is '_LC2_B23', type is buried 
_LC2_B23 = LCELL( _LC7_B23);

-- Node name is '|ALU:10|:1924' 
-- Equation name is '_LC7_B24', type is buried 
_LC7_B24 = LCELL( _LC8_B23);

-- Node name is '|ALU:10|:1942' 
-- Equation name is '_LC7_B9', type is buried 
_LC7_B9  = LCELL( _LC2_B19);

-- Node name is '|ALU:10|:1960' 
-- Equation name is '_LC8_B20', type is buried 
_LC8_B20 = LCELL( _LC7_B20);

-- Node name is '|COUNTER:1|:10' = '|COUNTER:1|X0' 
-- Equation name is '_LC4_B9', type is buried 
_LC4_B9  = DFFE(!_LC4_B9, GLOBAL( CLK), GLOBAL( CLR),  VCC,  VCC);

-- Node name is '|COUNTER:1|:9' = '|COUNTER:1|X1' 
-- Equation name is '_LC1_B7', type is buried 
_LC1_B7  = DFFE( _EQ023, GLOBAL( CLK), GLOBAL( CLR),  VCC,  VCC);
  _EQ023 = !_LC1_B7 &  _LC4_B9
         #  _LC1_B7 & !_LC4_B9;

-- Node name is '|COUNTER:1|:3' 
-- Equation name is '_LC7_B7', type is buried 
_LC7_B7  = DFFE( _EQ024, GLOBAL( CLK), GLOBAL( CLR),  VCC,  VCC);
  _EQ024 = !_LC1_B7 &  _LC4_B9;

-- Node name is '|COUNTER:1|:5' 
-- Equation name is '_LC8_B9', type is buried 
_LC8_B9  = DFFE( _EQ025, GLOBAL( CLK), GLOBAL( CLR),  VCC,  VCC);
  _EQ025 =  _LC1_B7 & !_LC4_B9;

-- Node name is '|COUNTER:1|:7' 
-- Equation name is '_LC2_B7', type is buried 
_LC2_B7  = DFFE( _EQ026, GLOBAL( CLK), GLOBAL( CLR),  VCC,  VCC);
  _EQ026 =  _LC1_B7 &  _LC4_B9;

-- Node name is '|crom:2|aa:1|MMM:8|:5' 
-- Equation name is '_LC6_B7', type is buried 
_LC6_B7  = DFFE( GND,  _LC7_B7, GLOBAL( CLR), !_LC5_B7,  VCC);

-- Node name is '|crom:2|ADDR:5|:44' 
-- Equation name is '_LC5_B7', type is buried 
!_LC5_B7 = _LC5_B7~NOT;
_LC5_B7~NOT = LCELL( _EQ027);
  _EQ027 = !_LC8_B8
         # !_LC3_B7
         # !_LC2_B7;

-- Node name is '|crom:2|MCOMMAND:7|:61' = '|crom:2|MCOMMAND:7|DATAOUT2' 
-- Equation name is '_LC3_B7', type is buried 
_LC3_B7  = DFFE(!_LC6_B7,  _LC7_B7,  VCC,  VCC,  VCC);

-- Node name is '|crom:2|MCOMMAND:7|:57' = '|crom:2|MCOMMAND:7|DATAOUT6' 
-- Equation name is '_LC4_B7', type is buried 
_LC4_B7  = DFFE( VCC,  _LC7_B7,  VCC,  VCC,  VCC);

-- Node name is '|crom:2|MCOMMAND:7|:48' = '|crom:2|MCOMMAND:7|DATAOUT15' 
-- Equation name is '_LC8_B7', type is buried 
_LC8_B7  = DFFE( _LC6_B7,  _LC7_B7,  VCC,  VCC,  VCC);

-- Node name is '|crom:2|MCOMMAND:7|:874' 
-- Equation name is '_LC7_B1', type is buried 
_LC7_B1  = LCELL( _EQ028);
  _EQ028 =  _LC2_B7 &  _LC3_B7;

-- Node name is '|crom:2|MCOMMAND:7|:922' 
-- Equation name is '_LC3_B9', type is buried 
_LC3_B9  = LCELL( _EQ029);
  _EQ029 =  _LC3_B7 &  _LC8_B9;

-- Node name is '|FEN2:16|:103' 
-- Equation name is '_LC2_B6', type is buried 
_LC2_B6  = LCELL( _EQ030);
  _EQ030 =  _LC2_B6 & !_LC4_B7;

-- Node name is '|FEN2:16|:109' 
-- Equation name is '_LC2_B10', type is buried 
_LC2_B10 = LCELL( _EQ031);
  _EQ031 =  _LC2_B10 & !_LC4_B7;

-- Node name is '|FEN2:16|:115' 
-- Equation name is '_LC4_B15', type is buried 
_LC4_B15 = LCELL( _EQ032);
  _EQ032 = !_LC4_B7 &  _LC4_B15;

-- Node name is '|FEN2:16|:121' 
-- Equation name is '_LC8_B16', type is buried 
_LC8_B16 = LCELL( _EQ033);
  _EQ033 = !_LC4_B7 &  _LC8_B16;

-- Node name is '|FEN2:16|:127' 
-- Equation name is '_LC7_B18', type is buried 
_LC7_B18 = LCELL( _EQ034);
  _EQ034 = !_LC4_B7 &  _LC7_B18;

-- Node name is '|FEN2:16|:133' 
-- Equation name is '_LC8_B24', type is buried 
_LC8_B24 = LCELL( _EQ035);
  _EQ035 = !_LC4_B7 &  _LC8_B24
         #  _LC2_B24 &  _LC4_B7;

-- Node name is '|FEN2:16|:139' 
-- Equation name is '_LC6_B9', type is buried 
_LC6_B9  = LCELL( _EQ036);
  _EQ036 = !_LC4_B7 &  _LC6_B9
         #  _LC4_B7 &  _LC5_B9;

-- Node name is '|FEN2:16|:145' 
-- Equation name is '_LC2_B20', type is buried 
_LC2_B20 = LCELL( _EQ037);
  _EQ037 =  _LC2_B20 & !_LC4_B7
         #  _LC1_B20 &  _LC4_B7;

-- Node name is '|FEN2:16|:151' 
-- Equation name is '_LC2_B2', type is buried 
_LC2_B2  = LCELL( _EQ038);
  _EQ038 =  _LC2_B2 &  _LC4_B7
         #  _LC1_B2 & !_LC4_B7;

-- Node name is '|FEN2:16|:157' 
-- Equation name is '_LC2_B17', type is buried 
_LC2_B17 = LCELL( _EQ039);
  _EQ039 =  _LC2_B17 &  _LC4_B7
         # !_LC4_B7 &  _LC4_B17;

-- Node name is '|FEN2:16|:163' 
-- Equation name is '_LC7_B17', type is buried 
_LC7_B17 = LCELL( _EQ040);
  _EQ040 =  _LC4_B7 &  _LC7_B17
         #  _LC3_B17 & !_LC4_B7;

-- Node name is '|FEN2:16|:169' 
-- Equation name is '_LC5_B17', type is buried 
_LC5_B17 = LCELL( _EQ041);
  _EQ041 =  _LC4_B7 &  _LC5_B17
         #  _LC1_B17 & !_LC4_B7;

-- Node name is '|FEN2:16|:175' 
-- Equation name is '_LC1_B21', type is buried 
_LC1_B21 = LCELL( _EQ042);
  _EQ042 =  _LC1_B21 &  _LC4_B7
         #  _LC2_B23 & !_LC4_B7;

-- Node name is '|FEN2:16|:181' 
-- Equation name is '_LC1_B24', type is buried 
_LC1_B24 = LCELL( _EQ043);
  _EQ043 =  _LC1_B24 &  _LC4_B7
         #  _LC2_B24 & !_LC4_B7;

-- Node name is '|FEN2:16|:187' 
-- Equation name is '_LC2_B9', type is buried 
_LC2_B9  = LCELL( _EQ044);
  _EQ044 =  _LC2_B9 &  _LC4_B7
         # !_LC4_B7 &  _LC5_B9;

-- Node name is '|FEN2:16|:193' 
-- Equation name is '_LC5_B20', type is buried 
_LC5_B20 = LCELL( _EQ045);
  _EQ045 =  _LC4_B7 &  _LC5_B20
         #  _LC1_B20 & !_LC4_B7;

-- Node name is '|IR:27|:24' 
-- Equation name is '_LC8_B8', type is buried 
_LC8_B8  = DFFE( _LC5_B12,  _LC3_B9,  VCC,  VCC,  VCC);

-- Node name is '|IR:27|:30' 
-- Equation name is '_LC1_B12', type is buried 
_LC1_B12 = DFFE( _EQ046,  _LC3_B9,  VCC,  VCC,  VCC);
  _EQ046 =  _LC2_B1 &  _LC5_B12 & !_LC6_B12
         # !_LC2_B1 &  _LC5_B12 &  _LC6_B12;

-- Node name is '|IR:27|:32' 
-- Equation name is '_LC7_B3', type is buried 
_LC7_B3  = DFFE( _EQ047,  _LC3_B9,  VCC,  VCC,  VCC);
  _EQ047 = !_LC2_B1 &  _LC5_B12;

-- Node name is '|IR:27|:44' 
-- Equation name is '_LC4_B12', type is buried 
_LC4_B12 = DFFE( _EQ048,  _LC3_B9,  VCC,  VCC,  VCC);
  _EQ048 =  _LC2_B1 &  _LC5_B12 & !_LC6_B12
         # !_LC2_B1 &  _LC5_B12 &  _LC6_B12;

-- Node name is '|IR:27|:46' 
-- Equation name is '_LC1_B8', type is buried 
_LC1_B8  = DFFE( _LC5_B12,  _LC3_B9,  VCC,  VCC,  VCC);

-- Node name is '|IR:27|:48' 
-- Equation name is '_LC6_B8', type is buried 
_LC6_B8  = DFFE( _EQ049,  _LC3_B9,  VCC,  VCC,  VCC);
  _EQ049 =  _LC5_B12 &  _LC6_B12;

-- Node name is '|LS273:4|:10' 
-- Equation name is '_LC2_B4', type is buried 
_LC2_B4  = DFFE( _EQ050,  _LC5_B1,  VCC,  VCC,  VCC);
  _EQ050 =  _LC2_B6 &  _LC4_B7
         #  INBUS7 & !_LC4_B7;

-- Node name is '|LS273:4|:12' 
-- Equation name is '_LC6_B1', type is buried 
_LC6_B1  = DFFE( _EQ051,  _LC5_B1,  VCC,  VCC,  VCC);
  _EQ051 =  _LC2_B10 &  _LC4_B7
         #  INBUS6 & !_LC4_B7;

-- Node name is '|LS273:4|:14' 
-- Equation name is '_LC4_B14', type is buried 
_LC4_B14 = DFFE( _EQ052,  _LC5_B1,  VCC,  VCC,  VCC);
  _EQ052 =  _LC4_B7 &  _LC4_B15
         #  INBUS5 & !_LC4_B7;

-- Node name is '|LS273:4|:16' 
-- Equation name is '_LC2_B22', type is buried 
_LC2_B22 = DFFE( _EQ053,  _LC5_B1,  VCC,  VCC,  VCC);
  _EQ053 =  _LC4_B7 &  _LC8_B16
         #  INBUS4 & !_LC4_B7;

-- Node name is '|LS273:4|:18' 
-- Equation name is '_LC2_B13', type is buried 
_LC2_B13 = DFFE( _EQ054,  _LC5_B1,  VCC,  VCC,  VCC);
  _EQ054 =  _LC4_B7 &  _LC7_B18
         #  INBUS3 & !_LC4_B7;

-- Node name is '|LS273:4|:20' 
-- Equation name is '_LC4_B13', type is buried 
_LC4_B13 = DFFE( _EQ055,  _LC5_B1,  VCC,  VCC,  VCC);
  _EQ055 =  _LC4_B7 &  _LC8_B24
         #  INBUS2 & !_LC4_B7;

-- Node name is '|LS273:4|:22' 
-- Equation name is '_LC6_B19', type is buried 
_LC6_B19 = DFFE( _LC1_B9,  _LC5_B1,  VCC,  VCC,  VCC);

-- Node name is '|LS273:4|:24' 
-- Equation name is '_LC5_B13', type is buried 
_LC5_B13 = DFFE( _EQ056,  _LC5_B1,  VCC,  VCC,  VCC);
  _EQ056 =  _LC2_B20 &  _LC4_B7
         #  INBUS0 & !_LC4_B7;

-- Node name is '|LS273:5|:10' 
-- Equation name is '_LC4_B4', type is buried 
_LC4_B4  = DFFE( _EQ057,  _LC3_B1,  VCC,  VCC,  VCC);
  _EQ057 =  _LC2_B6 &  _LC4_B7
         #  INBUS7 & !_LC4_B7;

-- Node name is '|LS273:5|:12' 
-- Equation name is '_LC1_B16', type is buried 
_LC1_B16 = DFFE( _EQ058,  _LC3_B1,  VCC,  VCC,  VCC);
  _EQ058 =  _LC2_B10 &  _LC4_B7
         #  INBUS6 & !_LC4_B7;

-- Node name is '|LS273:5|:14' 
-- Equation name is '_LC4_B16', type is buried 
_LC4_B16 = DFFE( _EQ059,  _LC3_B1,  VCC,  VCC,  VCC);
  _EQ059 =  _LC4_B7 &  _LC4_B15
         #  INBUS5 & !_LC4_B7;

-- Node name is '|LS273:5|:16' 
-- Equation name is '_LC6_B16', type is buried 
_LC6_B16 = DFFE( _EQ060,  _LC3_B1,  VCC,  VCC,  VCC);
  _EQ060 =  _LC4_B7 &  _LC8_B16
         #  INBUS4 & !_LC4_B7;

-- Node name is '|LS273:5|:18' 
-- Equation name is '_LC3_B13', type is buried 
_LC3_B13 = DFFE( _EQ061,  _LC3_B1,  VCC,  VCC,  VCC);
  _EQ061 =  _LC4_B7 &  _LC7_B18
         #  INBUS3 & !_LC4_B7;

-- Node name is '|LS273:5|:20' 
-- Equation name is '_LC5_B16', type is buried 
_LC5_B16 = DFFE( _EQ062,  _LC3_B1,  VCC,  VCC,  VCC);
  _EQ062 =  _LC4_B7 &  _LC8_B24
         #  INBUS2 & !_LC4_B7;

-- Node name is '|LS273:5|:22' 
-- Equation name is '_LC2_B16', type is buried 
_LC2_B16 = DFFE( _LC1_B9,  _LC3_B1,  VCC,  VCC,  VCC);

-- Node name is '|LS273:5|:24' 
-- Equation name is '_LC6_B13', type is buried 
_LC6_B13 = DFFE( _EQ063,  _LC3_B1,  VCC,  VCC,  VCC);
  _EQ063 =  _LC2_B20 &  _LC4_B7
         #  INBUS0 & !_LC4_B7;

-- Node name is '|LS273:6|:10' 
-- Equation name is '_LC4_B6', type is buried 
_LC4_B6  = DFFE( _EQ064,  _LC5_B18,  VCC,  VCC,  VCC);
  _EQ064 =  _LC2_B6 &  _LC4_B7
         #  INBUS7 & !_LC4_B7;

-- Node name is '|LS273:6|:12' 
-- Equation name is '_LC3_B10', type is buried 
_LC3_B10 = DFFE( _EQ065,  _LC5_B18,  VCC,  VCC,  VCC);
  _EQ065 =  _LC2_B10 &  _LC4_B7
         #  INBUS6 & !_LC4_B7;

-- Node name is '|LS273:6|:14' 
-- Equation name is '_LC3_B15', type is buried 
_LC3_B15 = DFFE( _EQ066,  _LC5_B18,  VCC,  VCC,  VCC);
  _EQ066 =  _LC4_B7 &  _LC4_B15
         #  INBUS5 & !_LC4_B7;

-- Node name is '|LS273:6|:16' 
-- Equation name is '_LC5_B22', type is buried 
_LC5_B22 = DFFE( _EQ067,  _LC5_B18,  VCC,  VCC,  VCC);
  _EQ067 =  _LC4_B7 &  _LC8_B16
         #  INBUS4 & !_LC4_B7;

-- Node name is '|LS273:6|:18' 
-- Equation name is '_LC1_B18', type is buried 
_LC1_B18 = DFFE( _EQ068,  _LC5_B18,  VCC,  VCC,  VCC);
  _EQ068 =  _LC4_B7 &  _LC7_B18
         #  INBUS3 & !_LC4_B7;

-- Node name is '|LS273:6|:20' 
-- Equation name is '_LC3_B24', type is buried 
_LC3_B24 = DFFE( _EQ069,  _LC5_B18,  VCC,  VCC,  VCC);
  _EQ069 =  _LC4_B7 &  _LC8_B24
         #  INBUS2 & !_LC4_B7;

-- Node name is '|LS273:6|:22' 
-- Equation name is '_LC1_B19', type is buried 
_LC1_B19 = DFFE( _LC1_B9,  _LC5_B18,  VCC,  VCC,  VCC);

-- Node name is '|LS273:6|:24' 
-- Equation name is '_LC3_B20', type is buried 
_LC3_B20 = DFFE( _EQ070,  _LC5_B18,  VCC,  VCC,  VCC);
  _EQ070 =  _LC2_B20 &  _LC4_B7
         #  INBUS0 & !_LC4_B7;

-- Node name is '|LS273:7|:10' 
-- Equation name is '_LC5_B6', type is buried 
_LC5_B6  = DFFE( _EQ071,  _LC3_B18,  VCC,  VCC,  VCC);
  _EQ071 =  _LC2_B6 &  _LC4_B7
         #  INBUS7 & !_LC4_B7;

-- Node name is '|LS273:7|:12' 
-- Equation name is '_LC5_B10', type is buried 
_LC5_B10 = DFFE( _EQ072,  _LC3_B18,  VCC,  VCC,  VCC);
  _EQ072 =  _LC2_B10 &  _LC4_B7
         #  INBUS6 & !_LC4_B7;

-- Node name is '|LS273:7|:14' 
-- Equation name is '_LC5_B15', type is buried 
_LC5_B15 = DFFE( _EQ073,  _LC3_B18,  VCC,  VCC,  VCC);
  _EQ073 =  _LC4_B7 &  _LC4_B15
         #  INBUS5 & !_LC4_B7;

-- Node name is '|LS273:7|:16' 
-- Equation name is '_LC7_B16', type is buried 
_LC7_B16 = DFFE( _EQ074,  _LC3_B18,  VCC,  VCC,  VCC);
  _EQ074 =  _LC4_B7 &  _LC8_B16
         #  INBUS4 & !_LC4_B7;

-- Node name is '|LS273:7|:18' 
-- Equation name is '_LC2_B18', type is buried 
_LC2_B18 = DFFE( _EQ075,  _LC3_B18,  VCC,  VCC,  VCC);
  _EQ075 =  _LC4_B7 &  _LC7_B18
         #  INBUS3 & !_LC4_B7;

-- Node name is '|LS273:7|:20' 
-- Equation name is '_LC4_B24', type is buried 
_LC4_B24 = DFFE( _EQ076,  _LC3_B18,  VCC,  VCC,  VCC);
  _EQ076 =  _LC4_B7 &  _LC8_B24
         #  INBUS2 & !_LC4_B7;

-- Node name is '|LS273:7|:22' 
-- Equation name is '_LC4_B11', type is buried 
_LC4_B11 = DFFE( _LC1_B9,  _LC3_B18,  VCC,  VCC,  VCC);

-- Node name is '|LS273:7|:24' 
-- Equation name is '_LC6_B20', type is buried 
_LC6_B20 = DFFE( _EQ077,  _LC3_B18,  VCC,  VCC,  VCC);
  _EQ077 =  _LC2_B20 &  _LC4_B7
         #  INBUS0 & !_LC4_B7;

-- Node name is '|MUX3_2:34|:273' 
-- Equation name is '_LC2_B24', type is buried 
_LC2_B24 = LCELL( _EQ078);
  _EQ078 = !_LC4_B7 &  _LC7_B24
         # !_LC3_B7 &  _LC4_B7 &  _LC4_B12;

-- Node name is '|MUX3_2:34|:285' 
-- Equation name is '_LC5_B9', type is buried 
_LC5_B9  = LCELL( _EQ079);
  _EQ079 = !_LC4_B7 &  _LC7_B9
         #  _LC1_B8 & !_LC3_B7 &  _LC4_B7;

-- Node name is '|MUX3_2:34|:297' 
-- Equation name is '_LC1_B20', type is buried 
_LC1_B20 = LCELL( _EQ080);
  _EQ080 = !_LC4_B7 &  _LC8_B20
         # !_LC3_B7 &  _LC4_B7 &  _LC6_B8;

-- Node name is '|MUX3:24|:178' 
-- Equation name is '_LC3_B6', type is buried 
_LC3_B6  = LCELL( _EQ081);
  _EQ081 =  _LC2_B6 &  _LC4_B7
         #  INBUS7 & !_LC4_B7;

-- Node name is '|MUX3:24|:205' 
-- Equation name is '_LC3_B16', type is buried 
_LC3_B16 = LCELL( _EQ082);
  _EQ082 =  _LC4_B7 &  _LC8_B16
         #  INBUS4 & !_LC4_B7;

-- Node name is '|MUX3:24|:232' 
-- Equation name is '_LC1_B9', type is buried 
_LC1_B9  = LCELL( _EQ083);
  _EQ083 =  _LC4_B7 &  _LC6_B9
         #  INBUS1 & !_LC4_B7;

-- Node name is '|MUX4:9|:246' 
-- Equation name is '_LC5_B4', type is buried 
_LC5_B4  = LCELL( _EQ084);
  _EQ084 =  _LC1_B6
         # !_LC1_B12 &  _LC4_B4 &  _LC7_B3;

-- Node name is '|MUX4:9|:248' 
-- Equation name is '_LC1_B6', type is buried 
_LC1_B6  = LCELL( _EQ085);
  _EQ085 =  _LC1_B12 &  _LC4_B6 & !_LC7_B3
         # !_LC1_B12 &  _LC5_B6 & !_LC7_B3
         #  _LC1_B12 &  _LC5_B6 &  _LC7_B3;

-- Node name is '|MUX4:9|:261' 
-- Equation name is '_LC7_B10', type is buried 
_LC7_B10 = LCELL( _EQ086);
  _EQ086 =  _LC6_B10
         # !_LC1_B12 &  _LC1_B16 &  _LC7_B3;

-- Node name is '|MUX4:9|:263' 
-- Equation name is '_LC6_B10', type is buried 
_LC6_B10 = LCELL( _EQ087);
  _EQ087 =  _LC1_B12 &  _LC3_B10 & !_LC7_B3
         # !_LC1_B12 &  _LC5_B10 & !_LC7_B3
         #  _LC1_B12 &  _LC5_B10 &  _LC7_B3;

-- Node name is '|MUX4:9|:273' 
-- Equation name is '_LC7_B15', type is buried 
_LC7_B15 = LCELL( _EQ088);
  _EQ088 =  _LC6_B15
         # !_LC1_B12 &  _LC4_B16 &  _LC7_B3;

-- Node name is '|MUX4:9|:275' 
-- Equation name is '_LC6_B15', type is buried 
_LC6_B15 = LCELL( _EQ089);
  _EQ089 =  _LC1_B12 &  _LC3_B15 & !_LC7_B3
         # !_LC1_B12 &  _LC5_B15 & !_LC7_B3
         #  _LC1_B12 &  _LC5_B15 &  _LC7_B3;

-- Node name is '|MUX4:9|:285' 
-- Equation name is '_LC7_B22', type is buried 
_LC7_B22 = LCELL( _EQ090);
  _EQ090 =  _LC6_B22
         # !_LC1_B12 &  _LC6_B16 &  _LC7_B3;

-- Node name is '|MUX4:9|:287' 
-- Equation name is '_LC6_B22', type is buried 
_LC6_B22 = LCELL( _EQ091);
  _EQ091 =  _LC1_B12 &  _LC5_B22 & !_LC7_B3
         # !_LC1_B12 & !_LC7_B3 &  _LC7_B16
         #  _LC1_B12 &  _LC7_B3 &  _LC7_B16;

-- Node name is '|MUX4:9|:297' 
-- Equation name is '_LC8_B18', type is buried 
_LC8_B18 = LCELL( _EQ092);
  _EQ092 =  _LC4_B18
         # !_LC1_B12 &  _LC3_B13 &  _LC7_B3;

-- Node name is '|MUX4:9|:299' 
-- Equation name is '_LC4_B18', type is buried 
_LC4_B18 = LCELL( _EQ093);
  _EQ093 =  _LC1_B12 &  _LC1_B18 & !_LC7_B3
         # !_LC1_B12 &  _LC2_B18 & !_LC7_B3
         #  _LC1_B12 &  _LC2_B18 &  _LC7_B3;

-- Node name is '|MUX4:9|:309' 
-- Equation name is '_LC6_B24', type is buried 
_LC6_B24 = LCELL( _EQ094);
  _EQ094 =  _LC5_B24
         # !_LC1_B12 &  _LC5_B16 &  _LC7_B3;

-- Node name is '|MUX4:9|:311' 
-- Equation name is '_LC5_B24', type is buried 
_LC5_B24 = LCELL( _EQ095);
  _EQ095 =  _LC1_B12 &  _LC3_B24 & !_LC7_B3
         # !_LC1_B12 &  _LC4_B24 & !_LC7_B3
         #  _LC1_B12 &  _LC4_B24 &  _LC7_B3;

-- Node name is '|MUX4:9|:321' 
-- Equation name is '_LC4_B19', type is buried 
_LC4_B19 = LCELL( _EQ096);
  _EQ096 =  _LC3_B19
         # !_LC1_B12 &  _LC2_B16 &  _LC7_B3;

-- Node name is '|MUX4:9|:323' 
-- Equation name is '_LC3_B19', type is buried 
_LC3_B19 = LCELL( _EQ097);
  _EQ097 =  _LC1_B12 &  _LC1_B19 & !_LC7_B3
         # !_LC1_B12 &  _LC4_B11 & !_LC7_B3
         #  _LC1_B12 &  _LC4_B11 &  _LC7_B3;

-- Node name is '|MUX4:9|:333' 
-- Equation name is '_LC7_B13', type is buried 
_LC7_B13 = LCELL( _EQ098);
  _EQ098 =  _LC4_B20
         # !_LC1_B12 &  _LC6_B13 &  _LC7_B3;

-- Node name is '|MUX4:9|:335' 
-- Equation name is '_LC4_B20', type is buried 
_LC4_B20 = LCELL( _EQ099);
  _EQ099 =  _LC1_B12 &  _LC3_B20 & !_LC7_B3
         # !_LC1_B12 &  _LC6_B20 & !_LC7_B3
         #  _LC1_B12 &  _LC6_B20 &  _LC7_B3;

-- Node name is '|PC:12|LPM_ADD_SUB:132|addcore:adder|:129' from file "addcore.tdf" line 312, column 64
-- Equation name is '_LC2_B12', type is buried 
_LC2_B12 = LCELL( _EQ100);
  _EQ100 =  _LC1_B1 &  _LC2_B1 &  _LC6_B12 &  _LC8_B12;

-- Node name is '|PC:12|LPM_ADD_SUB:132|addcore:adder|:141' from file "addcore.tdf" line 312, column 64
-- Equation name is '_LC2_B5', type is buried 
_LC2_B5  = LCELL( _EQ101);
  _EQ101 =  _LC1_B5 &  _LC2_B12 &  _LC5_B5 &  _LC7_B5;

-- Node name is '|PC:12|LPM_ADD_SUB:132|addcore:adder|:150' from file "addcore.tdf" line 316, column 45
-- Equation name is '_LC7_B12', type is buried 
_LC7_B12 = LCELL( _EQ102);
  _EQ102 = !_LC6_B12 &  _LC8_B12
         # !_LC2_B1 &  _LC8_B12
         #  _LC2_B1 &  _LC6_B12 & !_LC8_B12;

-- Node name is '|PC:12|LPM_ADD_SUB:132|addcore:adder|:151' from file "addcore.tdf" line 316, column 45
-- Equation name is '_LC3_B12', type is buried 
_LC3_B12 = LCELL( _EQ103);
  _EQ103 =  _LC1_B1 & !_LC8_B12
         #  _LC1_B1 & !_LC6_B12
         #  _LC1_B1 & !_LC2_B1
         # !_LC1_B1 &  _LC2_B1 &  _LC6_B12 &  _LC8_B12;

-- Node name is '|PC:12|LPM_ADD_SUB:132|addcore:adder|:153' from file "addcore.tdf" line 316, column 45
-- Equation name is '_LC6_B5', type is buried 
_LC6_B5  = LCELL( _EQ104);
  _EQ104 = !_LC1_B5 &  _LC7_B5
         # !_LC2_B12 &  _LC7_B5
         #  _LC1_B5 &  _LC2_B12 & !_LC7_B5;

-- Node name is '|PC:12|LPM_ADD_SUB:132|addcore:adder|:154' from file "addcore.tdf" line 316, column 45
-- Equation name is '_LC4_B5', type is buried 
_LC4_B5  = LCELL( _EQ105);
  _EQ105 =  _LC5_B5 & !_LC7_B5
         # !_LC1_B5 &  _LC5_B5
         # !_LC2_B12 &  _LC5_B5
         #  _LC1_B5 &  _LC2_B12 & !_LC5_B5 &  _LC7_B5;

-- Node name is '|PC:12|:27' = '|PC:12|QOUT0' 
-- Equation name is '_LC2_B1', type is buried 
_LC2_B1  = DFFE( _EQ106,  _LC7_B1, GLOBAL( CLR),  VCC,  VCC);
  _EQ106 =  INBUS0 & !_LC4_B7
         # !_LC2_B1 &  _LC4_B7;

-- Node name is '|PC:12|:26' = '|PC:12|QOUT1' 
-- Equation name is '_LC6_B12', type is buried 
_LC6_B12 = DFFE( _EQ107,  _LC7_B1, GLOBAL( CLR),  VCC,  VCC);
  _EQ107 =  _LC1_B9 & !_LC4_B7
         # !_LC2_B1 &  _LC4_B7 &  _LC6_B12
         #  _LC2_B1 &  _LC4_B7 & !_LC6_B12;

-- Node name is '|PC:12|:25' = '|PC:12|QOUT2' 
-- Equation name is '_LC8_B12', type is buried 
_LC8_B12 = DFFE( _EQ108,  _LC7_B1, GLOBAL( CLR),  VCC,  VCC);
  _EQ108 =  INBUS2 & !_LC4_B7
         #  _LC4_B7 &  _LC7_B12;

-- Node name is '|PC:12|:24' = '|PC:12|QOUT3' 
-- Equation name is '_LC1_B1', type is buried 
_LC1_B1  = DFFE( _EQ109,  _LC7_B1, GLOBAL( CLR),  VCC,  VCC);
  _EQ109 =  INBUS3 & !_LC4_B7
         #  _LC3_B12 &  _LC4_B7;

-- Node name is '|PC:12|:23' = '|PC:12|QOUT4' 
-- Equation name is '_LC1_B5', type is buried 
_LC1_B5  = DFFE( _EQ110,  _LC7_B1, GLOBAL( CLR),  VCC,  VCC);
  _EQ110 =  _LC3_B16 & !_LC4_B7
         #  _LC1_B5 & !_LC2_B12 &  _LC4_B7
         # !_LC1_B5 &  _LC2_B12 &  _LC4_B7;

-- Node name is '|PC:12|:22' = '|PC:12|QOUT5' 
-- Equation name is '_LC7_B5', type is buried 
_LC7_B5  = DFFE( _EQ111,  _LC7_B1, GLOBAL( CLR),  VCC,  VCC);
  _EQ111 =  INBUS5 & !_LC4_B7
         #  _LC4_B7 &  _LC6_B5;

-- Node name is '|PC:12|:21' = '|PC:12|QOUT6' 
-- Equation name is '_LC5_B5', type is buried 
_LC5_B5  = DFFE( _EQ112,  _LC7_B1, GLOBAL( CLR),  VCC,  VCC);
  _EQ112 =  INBUS6 & !_LC4_B7
         #  _LC4_B5 &  _LC4_B7;

-- Node name is '|PC:12|:20' = '|PC:12|QOUT7' 
-- Equation name is '_LC3_B5', type is buried 
_LC3_B5  = DFFE( _EQ113,  _LC7_B1, GLOBAL( CLR),  VCC,  VCC);
  _EQ113 =  _LC3_B6 & !_LC4_B7
         # !_LC2_B5 &  _LC3_B5 &  _LC4_B7
         #  _LC2_B5 & !_LC3_B5 &  _LC4_B7;

-- Node name is '|ROM:14|~59~1' 
-- Equation name is '_LC8_B5', type is buried 
-- synthesized logic cell 
_LC8_B5  = LCELL( _EQ114);
  _EQ114 = !_LC3_B5 & !_LC5_B5 & !_LC7_B5 & !_LC8_B7;

-- Node name is '|ROM:14|~59~2' 
-- Equation name is '_LC5_B12', type is buried 
-- synthesized logic cell 
_LC5_B12 = LCELL( _EQ115);
  _EQ115 = !_LC1_B1 & !_LC1_B5 &  _LC8_B5 & !_LC8_B12;

-- Node name is ':17' 
-- Equation name is '_LC3_B1', type is buried 
_LC3_B1  = LCELL( _EQ116);
  _EQ116 = !_LC1_B12 &  _LC2_B7 &  _LC7_B3 &  _LC8_B7;

-- Node name is ':18' 
-- Equation name is '_LC3_B18', type is buried 
_LC3_B18 = LCELL( _EQ117);
  _EQ117 =  _LC1_B12 &  _LC2_B7 & !_LC7_B3 &  _LC8_B7;

-- Node name is ':19' 
-- Equation name is '_LC5_B18', type is buried 
_LC5_B18 = LCELL( _EQ118);
  _EQ118 =  _LC1_B12 &  _LC2_B7 &  _LC7_B3 &  _LC8_B7;

-- Node name is ':20' 
-- Equation name is '_LC5_B1', type is buried 
_LC5_B1  = LCELL( _EQ119);
  _EQ119 = !_LC1_B12 &  _LC2_B7 & !_LC7_B3 &  _LC8_B7;



Project Informationc:\users\administrator\onedrive - mytccd.edu\experimentreport\computerorganization\curriculumdesign\dingel-cpu\top.rpt

** COMPILATION SETTINGS & TIMES **

Processing Menu Commands
------------------------

Design Doctor                             = off

Logic Synthesis:

   Synthesis Type Used                    = Multi-Level

   Default Synthesis Style                = NORMAL

      Logic option settings in 'NORMAL' style for 'ACEX1K' family

      CARRY_CHAIN                         = ignore
      CARRY_CHAIN_LENGTH                  = 32
      CASCADE_CHAIN                       = ignore
      CASCADE_CHAIN_LENGTH                = 2
      DECOMPOSE_GATES                     = on
      DUPLICATE_LOGIC_EXTRACTION          = on
      MINIMIZATION                        = full
      MULTI_LEVEL_FACTORING               = on
      NOT_GATE_PUSH_BACK                  = on
      REDUCE_LOGIC                        = on
      REFACTORIZATION                     = on
      REGISTER_OPTIMIZATION               = on
      RESYNTHESIZE_NETWORK                = on
      SLOW_SLEW_RATE                      = off
      SUBFACTOR_EXTRACTION                = on
      IGNORE_SOFT_BUFFERS                 = on
      USE_LPM_FOR_AHDL_OPERATORS          = off

   Other logic synthesis settings:

      Automatic Global Clock              = on
      Automatic Global Clear              = on
      Automatic Global Preset             = on
      Automatic Global Output Enable      = on
      Automatic Fast I/O                  = off
      Automatic Register Packing          = off
      Automatic Open-Drain Pins           = on
      Automatic Implement in EAB          = off
      Optimize                            = 5

Default Timing Specifications: None

Cut All Bidir Feedback Timing Paths       = on
Cut All Clear & Preset Timing Paths       = on

Ignore Timing Assignments                 = off

Functional SNF Extractor                  = off

Linked SNF Extractor                      = off
Timing SNF Extractor                      = on
Optimize Timing SNF                       = off
Generate AHDL TDO File                    = off
Fitter Settings                           = NORMAL
Use Quartus Fitter                        = on
Smart Recompile                           = off
Total Recompile                           = off

Interfaces Menu Commands
------------------------

EDIF Netlist Writer                       = off
Verilog Netlist Writer                    = off
VHDL Netlist Writer                       = off

Compilation Times
-----------------

   Compiler Netlist Extractor             00:00:00
   Database Builder                       00:00:01
   Logic Synthesizer                      00:00:00
   Partitioner                            00:00:00
   Fitter                                 00:00:01
   Timing SNF Extractor                   00:00:00
   Assembler                              00:00:00
   --------------------------             --------
   Total Time                             00:00:02


Memory Allocated
-----------------

Peak memory allocated during compilation  = 47,076K
