Project Informationc:\users\administrator\onedrive - mytccd.edu\experimentreport\computerorganization\curriculumdesign\dingel-cpu\controm.rpt

MAX+plus II Compiler Report File
Version 10.0 9/14/2000
Compiled: 09/10/2020 19:24:21

Copyright (C) 1988-2000 Altera Corporation
Any megafunction design, and related net list (encrypted or decrypted),
support information, device programming or simulation file, and any other
associated documentation or information provided by Altera or a partner
under Altera's Megafunction Partnership Program may be used only to
program PLD devices (but not masked PLD devices) from Altera.  Any other
use of such megafunction design, net list, support information, device
programming or simulation file, or any other related documentation or
information is prohibited for any other purpose, including, but not
limited to modification, reverse engineering, de-compiling, or use with
any other silicon devices, unless such use is explicitly licensed under
a separate agreement with Altera or a megafunction partner.  Title to
the intellectual property, including patents, copyrights, trademarks,
trade secrets, or maskworks, embodied in any such megafunction design,
net list, support information, device programming or simulation file, or
any other related documentation or information provided by Altera or a
megafunction partner, remains with Altera, the megafunction partner, or
their respective licensors.  No other licenses, including any licenses
needed under any third party's intellectual property, are provided herein.



***** Project compilation was successful


CONTROM


** DEVICE SUMMARY **

Chip/                     Input Output Bidir  Memory  Memory  			 LCs
POF       Device          Pins  Pins   Pins   Bits % Utilized  LCs  % Utilized

controm   EP1K10TC100-1    6      26     0    0         0  %    61       10 %

User Pins:                 6      26     0  



Project Informationc:\users\administrator\onedrive - mytccd.edu\experimentreport\computerorganization\curriculumdesign\dingel-cpu\controm.rpt

** PROJECT TIMING MESSAGES **

Warning: Timing characteristics of device EP1K10TC100-1 are preliminary


Device-Specific Information:c:\users\administrator\onedrive - mytccd.edu\experimentreport\computerorganization\curriculumdesign\dingel-cpu\controm.rpt
controm

***** Logic for device 'controm' compiled without errors.




Device: EP1K10TC100-1

ACEX 1K Configuration Scheme: Passive Serial

Device Options:
    User-Supplied Start-Up Clock               = OFF
    Auto-Restart Configuration on Frame Error  = OFF
    Release Clears Before Tri-States           = OFF
    Enable Chip_Wide Reset                     = OFF
    Enable Chip-Wide Output Enable             = OFF
    Enable INIT_DONE Output                    = OFF
    JTAG User Code                             = 7f
    MultiVolt I/O                              = OFF
    Enable Lock Output                         = OFF

                                                                   
                                                                   
                  R R R R   R                 R           R   R    
                  E E E E   E                 E           E   E    
                  S S S S   S   V             S           S   S ^  
                  E E E E   E   C A A A       E   V       E   E D  
                # R R R R   R   C D D D       R   C       R   R A  
                T V V V V G V   I D D D G O O V   C       V U V T  
                C E E E E N E O N R R R N 1 1 E O I O O O E A E A  
                K D D D D D D 5 T 0 4 3 D 9 0 D 9 O 1 0 3 D 1 D 0  
              ----------------------------------------------------_ 
             / 100  98  96  94  92  90  88  86  84  82  80  78  76   |_ 
            /     99  97  95  93  91  89  87  85  83  81  79  77    | 
^CONF_DONE |  1                                                    75 | ^DCLK 
     ^nCEO |  2                                                    74 | ^nCE 
      #TDO |  3                                                    73 | #TDI 
     VCCIO |  4                                                    72 | VCCINT 
  RESERVED |  5                                                    71 | RESERVED 
  RESERVED |  6                                                    70 | UA4 
  RESERVED |  7                                                    69 | UA5 
  RESERVED |  8                                                    68 | RESERVED 
  RESERVED |  9                                                    67 | VCCIO 
  RESERVED | 10                                                    66 | GND 
       GND | 11                                                    65 | RESERVED 
    VCCINT | 12                                                    64 | RESERVED 
  RESERVED | 13                   EP1K10TC100-1                    63 | O16 
  RESERVED | 14                                                    62 | RESERVED 
  RESERVED | 15                                                    61 | RESERVED 
  RESERVED | 16                                                    60 | VCCINT 
     VCCIO | 17                                                    59 | GND 
       GND | 18                                                    58 | O11 
        O8 | 19                                                    57 | RESERVED 
       O17 | 20                                                    56 | O13 
       O12 | 21                                                    55 | O6 
       UA2 | 22                                                    54 | ^MSEL0 
       O18 | 23                                                    53 | ^MSEL1 
      #TMS | 24                                                    52 | VCCINT 
  ^nSTATUS | 25                                                    51 | ^nCONFIG 
           |      27  29  31  33  35  37  39  41  43  45  47  49  _| 
            \   26  28  30  32  34  36  38  40  42  44  46  48  50   | 
             \----------------------------------------------------- 
                R R O U U R R R R V G V A A A G G R V O O R O O R  
                E E 7 A A E E E E C N C D D D N N E C 2 1 E 4 1 E  
                S S   3 0 S S S S C D C D D D D D S C   4 S   5 S  
                E E       E E E E I   _ R R R _   E I     E     E  
                R R       R R R R N   C 2 5 1 C   R O     R     R  
                V V       V V V V T   K       K   V       V     V  
                E E       E E E E     L       L   E       E     E  
                D D       D D D D     K       K   D       D     D  
                                                                   
                                                                   


N.C. = No Connect. This pin has no internal connection to the device.
VCCINT = Dedicated power pin, which MUST be connected to VCC (2.5 volts).
VCCIO = Dedicated power pin, which MUST be connected to VCC (2.5 volts).
GND = Dedicated ground pin or unused dedicated input, which MUST be connected to GND.
RESERVED = Unused I/O pin, which MUST be left unconnected.

^ = Dedicated configuration pin.
+ = Reserved configuration pin, which is tri-stated during user mode.
* = Reserved configuration pin, which drives out in user mode.
PDn = Power Down pin. 
@ = Special-purpose pin. 
# = JTAG Boundary-Scan Testing/In-System Programming or Configuration Pin. The JTAG inputs TMS and TDI should be tied to VCC and TCK should be tied to GND when not in use.
& = JTAG pin used for I/O. When used as user I/O, JTAG pins must be kept stable before and during configuration.  JTAG pin stability prevents accidental loading of JTAG instructions.
$ = Pin has PCI I/O option enabled. Pin is neither '5.0 V'- nor '3.3 V'-tolerant. 


Device-Specific Information:c:\users\administrator\onedrive - mytccd.edu\experimentreport\computerorganization\curriculumdesign\dingel-cpu\controm.rpt
controm

** RESOURCE USAGE **

Logic                Column       Row                                   
Array                Interconnect Interconnect         Clears/     External  
Block   Logic Cells  Driven       Driven       Clocks  Presets   Interconnect
C2       5/ 8( 62%)   1/ 8( 12%)   4/ 8( 50%)    0/2    0/2       6/22( 27%)   
C4       8/ 8(100%)   4/ 8( 50%)   2/ 8( 25%)    0/2    0/2       9/22( 40%)   
C5       8/ 8(100%)   0/ 8(  0%)   5/ 8( 62%)    0/2    0/2       9/22( 40%)   
C6       8/ 8(100%)   2/ 8( 25%)   5/ 8( 62%)    0/2    0/2      11/22( 50%)   
C8       8/ 8(100%)   1/ 8( 12%)   7/ 8( 87%)    0/2    0/2       5/22( 22%)   
C10      8/ 8(100%)   2/ 8( 25%)   3/ 8( 37%)    0/2    0/2      11/22( 50%)   
C11      8/ 8(100%)   2/ 8( 25%)   1/ 8( 12%)    0/2    0/2      14/22( 63%)   
C20      8/ 8(100%)   2/ 8( 25%)   5/ 8( 62%)    0/2    0/2       6/22( 27%)   


Embedded             Column       Row                                   
Array     Embedded   Interconnect Interconnect         Read/      External  
Block     Cells      Driven       Driven       Clocks  Write    Interconnect


Total dedicated input pins used:                 6/6      (100%)
Total I/O pins used:                            26/60     ( 43%)
Total logic cells used:                         61/576    ( 10%)
Total embedded cells used:                       0/48     (  0%)
Total EABs used:                                 0/3      (  0%)
Average fan-in:                                 3.45/4    ( 86%)
Total fan-in:                                 211/2304    (  9%)

Total input pins required:                       6
Total input I/O cell registers required:         0
Total output pins required:                     26
Total output I/O cell registers required:        0
Total buried I/O cell registers required:        0
Total bidirectional pins required:               0
Total reserved pins required                     0
Total logic cells required:                     61
Total flipflops required:                        0
Total packed registers required:                 0
Total logic cells in carry chains:               0
Total number of carry chains:                    0
Total logic cells in cascade chains:             0
Total number of cascade chains:                  0
Total single-pin Clock Enables required:         0
Total single-pin Output Enables required:        0

Synthesized logic cells:                        17/ 576   (  2%)

Logic Cell and Embedded Cell Counts

Column:  01  02  03  04  05  06  07  08  09  10  11  12  EA  13  14  15  16  17  18  19  20  21  22  23  24  Total(LC/EC)
 A:      0   0   0   0   0   0   0   0   0   0   0   0   0   0   0   0   0   0   0   0   0   0   0   0   0      0/0  
 B:      0   0   0   0   0   0   0   0   0   0   0   0   0   0   0   0   0   0   0   0   0   0   0   0   0      0/0  
 C:      0   5   0   8   8   8   0   8   0   8   8   0   0   0   0   0   0   0   0   0   8   0   0   0   0     61/0  

Total:   0   5   0   8   8   8   0   8   0   8   8   0   0   0   0   0   0   0   0   0   8   0   0   0   0     61/0  



Device-Specific Information:c:\users\administrator\onedrive - mytccd.edu\experimentreport\computerorganization\curriculumdesign\dingel-cpu\controm.rpt
controm

** INPUTS **

                                                    Fan-In    Fan-Out
 Pin     LC     EC   Row  Col  Primitive    Code      INP  FBK  OUT  FBK  Name
  91      -     -    -    --      INPUT             ^    0    0    0    4  ADDR0
  40      -     -    -    --      INPUT             ^    0    0    0   18  ADDR1
  38      -     -    -    --      INPUT             ^    0    0    0   18  ADDR2
  89      -     -    -    --      INPUT             ^    0    0    0   19  ADDR3
  90      -     -    -    --      INPUT             ^    0    0    0    3  ADDR4
  39      -     -    -    --      INPUT             ^    0    0    0    3  ADDR5


Code:

s = Synthesized pin or logic cell
+ = Synchronous flipflop
/ = Slow slew-rate output
! = NOT gate push-back
r = Fitter-inserted logic cell
^ = Increased input delay
* = PCI I/O is enabled
@ = Uses single-pin Clock Enable
& = Uses single-pin Output Enable


Device-Specific Information:c:\users\administrator\onedrive - mytccd.edu\experimentreport\computerorganization\curriculumdesign\dingel-cpu\controm.rpt
controm

** OUTPUTS **

       Fed By Fed By                                Fan-In    Fan-Out
 Pin     LC     EC   Row  Col  Primitive    Code      INP  FBK  OUT  FBK  Name
  81      -     -    -    03     OUTPUT                 0    1    0    0  O0
  82      -     -    -    04     OUTPUT                 0    1    0    0  O1
  45      -     -    -    11     OUTPUT                 0    1    0    0  O2
  80      -     -    -    03     OUTPUT                 0    1    0    0  O3
  48      -     -    -    07     OUTPUT                 0    1    0    0  O4
  93      -     -    -    13     OUTPUT                 0    0    0    0  O5
  55      -     -    C    --     OUTPUT                 0    1    0    0  O6
  28      -     -    -    20     OUTPUT                 0    1    0    0  O7
  19      -     -    C    --     OUTPUT                 0    1    0    0  O8
  84      -     -    -    05     OUTPUT                 0    1    0    0  O9
  86      -     -    -    09     OUTPUT                 0    1    0    0  O10
  58      -     -    C    --     OUTPUT                 0    1    0    0  O11
  21      -     -    C    --     OUTPUT                 0    1    0    0  O12
  56      -     -    C    --     OUTPUT                 0    1    0    0  O13
  46      -     -    -    10     OUTPUT                 0    1    0    0  O14
  49      -     -    -    06     OUTPUT                 0    1    0    0  O15
  63      -     -    B    --     OUTPUT                 0    1    0    0  O16
  20      -     -    C    --     OUTPUT                 0    1    0    0  O17
  23      -     -    C    --     OUTPUT                 0    1    0    0  O18
  87      -     -    -    12     OUTPUT                 0    1    0    0  O19
  30      -     -    -    18     OUTPUT                 0    0    0    0  UA0
  78      -     -    -    01     OUTPUT                 0    1    0    0  UA1
  22      -     -    C    --     OUTPUT                 0    1    0    0  UA2
  29      -     -    -    19     OUTPUT                 0    1    0    0  UA3
  70      -     -    A    --     OUTPUT                 0    0    0    0  UA4
  69      -     -    A    --     OUTPUT                 0    0    0    0  UA5


Code:

s = Synthesized pin or logic cell
+ = Synchronous flipflop
/ = Slow slew-rate output
! = NOT gate push-back
r = Fitter-inserted logic cell
^ = Increased input delay
* = PCI I/O is enabled
@ = Uses single-pin Clock Enable
& = Uses single-pin Output Enable


Device-Specific Information:c:\users\administrator\onedrive - mytccd.edu\experimentreport\computerorganization\curriculumdesign\dingel-cpu\controm.rpt
controm

** BURIED LOGIC **

                                                    Fan-In    Fan-Out
 IOC     LC     EC   Row  Col  Primitive    Code      INP  FBK  OUT  FBK  Name
   -      4     -    C    20        OR2        !       3    1    0    3  :1728
   -      4     -    C    11        OR2    s           4    0    0    2  ~1733~1
   -      5     -    C    11        OR2                2    1    0    1  :1733
   -      6     -    C    08       AND2                3    1    1    2  :1744
   -      4     -    C    02       AND2    s           3    1    1    0  ~1760~1
   -      3     -    C    20       AND2                3    1    1    5  :1760
   -      3     -    C    02        OR2    s   !       3    0    0    8  ~1776~1
   -      4     -    C    08        OR2        !       3    1    0    3  :1776
   -      8     -    C    20        OR2        !       3    1    0    4  :1792
   -      1     -    C    20        OR2        !       3    1    1    4  :1808
   -      8     -    C    06        OR2        !       3    1    0    6  :1824
   -      5     -    C    10        OR2        !       3    1    0    4  :1840
   -      6     -    C    11        OR2                2    2    0    1  :1843
   -      2     -    C    02        OR2    s           3    0    0    9  ~1856~1
   -      1     -    C    02        OR2        !       3    1    0    4  :1856
   -      5     -    C    06       AND2                3    1    0    5  :1872
   -      7     -    C    02       AND2                3    1    0    5  :1888
   -      3     -    C    06        OR2        !       3    1    0    2  :1904
   -      7     -    C    06        OR2        !       3    1    0    4  :1920
   -      1     -    C    08        OR2        !       3    1    1    3  :1936
   -      5     -    C    08        OR2        !       3    1    0    4  :1952
   -      7     -    C    08        OR2        !       3    1    0    9  :1968
   -      1     -    C    11        OR2                0    4    1    0  :1971
   -      1     -    C    05       AND2                0    4    0    3  :2009
   -      6     -    C    04        OR2                0    4    1    0  :2028
   -      8     -    C    04        OR2    s   !       0    4    0    3  ~2030~1
   -      4     -    C    04        OR2                0    3    1    0  :2142
   -      3     -    C    05       AND2        !       0    2    0    2  :2163
   -      4     -    C    10        OR2    s   !       0    3    0    3  ~2192~1
   -      6     -    C    05        OR2                0    4    0    1  :2192
   -      4     -    C    06        OR2                0    4    1    0  :2201
   -      7     -    C    10        OR2                0    3    0    1  :2232
   -      1     -    C    04        OR2    s   !       0    3    0    4  ~2246~1
   -      3     -    C    08       AND2    s           0    2    0    6  ~2258~1
   -      3     -    C    10        OR2                0    4    1    0  :2258
   -      7     -    C    20       AND2    s           0    2    0    4  ~2288~1
   -      4     -    C    05       AND2                0    2    0    1  :2288
   -      6     -    C    10        OR2    s           0    2    0    1  ~2313~1
   -      5     -    C    05        OR2                0    3    1    0  :2313
   -      2     -    C    05       AND2                0    3    0    1  :2420
   -      1     -    C    06        OR2                0    3    1    0  :2429
   -      2     -    C    10       AND2        !       0    2    0    2  :2460
   -      8     -    C    10        OR2                0    4    1    0  :2486
   -      7     -    C    05        OR2                0    4    0    2  :2511
   -      8     -    C    05        OR2                0    3    0    1  :2529
   -      2     -    C    08       AND2    s   !       0    2    0    4  ~2541~1
   -      2     -    C    06        OR2                0    3    1    0  :2541
   -      8     -    C    08        OR2                0    4    1    0  :2826
   -      2     -    C    04        OR2                0    3    1    0  :2885
   -      6     -    C    06       AND2    s   !       0    2    0    8  ~2934~1
   -      8     -    C    11        OR2    s           0    4    0    2  ~2934~2
   -      3     -    C    11        OR2                0    4    1    0  :2940
   -      2     -    C    11       AND2                0    3    0    3  :2981
   -      3     -    C    04        OR2                0    4    1    0  :2997
   -      5     -    C    04       AND2    s           0    3    0    1  ~2999~1
   -      7     -    C    11        OR2                0    2    0    1  :3039
   -      7     -    C    04        OR2                0    4    1    0  :3056
   -      1     -    C    10        OR2    s   !       0    4    0    4  ~3227~1
   -      5     -    C    20        OR2    s           0    4    1    0  ~3227~2
   -      6     -    C    20        OR2    s           0    4    1    0  ~3227~3
   -      2     -    C    20        OR2                0    4    1    0  :3227


Code:

s = Synthesized pin or logic cell
+ = Synchronous flipflop
/ = Slow slew-rate output
! = NOT gate push-back
r = Fitter-inserted logic cell
^ = Increased input delay
* = PCI I/O is enabled
p = Packed register


Device-Specific Information:c:\users\administrator\onedrive - mytccd.edu\experimentreport\computerorganization\curriculumdesign\dingel-cpu\controm.rpt
controm

** FASTTRACK INTERCONNECT UTILIZATION **

Row FastTrack Interconnect:

          Global         Left Half-      Right Half-
         FastTrack       FastTrack       FastTrack 
Row     Interconnect    Interconnect    Interconnect    Input Pins     Output Pins     Bidir Pins
A:       0/ 96(  0%)     0/ 48(  0%)     0/ 48(  0%)    0/16(  0%)      2/16( 12%)     0/16(  0%)
B:       0/ 96(  0%)     1/ 48(  2%)     0/ 48(  0%)    0/16(  0%)      1/16(  6%)     0/16(  0%)
C:      11/ 96( 11%)    19/ 48( 39%)     3/ 48(  6%)    0/16(  0%)      8/16( 50%)     0/16(  0%)


Column FastTrack Interconnect:

         FastTrack                                 
Column  Interconnect    Input Pins     Output Pins     Bidir Pins
01:      1/24(  4%)     0/4(  0%)      1/4( 25%)       0/4(  0%)
02:      0/24(  0%)     0/4(  0%)      0/4(  0%)       0/4(  0%)
03:      2/24(  8%)     0/4(  0%)      2/4( 50%)       0/4(  0%)
04:      2/24(  8%)     0/4(  0%)      1/4( 25%)       0/4(  0%)
05:      1/24(  4%)     0/4(  0%)      1/4( 25%)       0/4(  0%)
06:      1/24(  4%)     0/4(  0%)      1/4( 25%)       0/4(  0%)
07:      1/24(  4%)     0/4(  0%)      1/4( 25%)       0/4(  0%)
08:      0/24(  0%)     0/4(  0%)      0/4(  0%)       0/4(  0%)
09:      1/24(  4%)     0/4(  0%)      1/4( 25%)       0/4(  0%)
10:      1/24(  4%)     0/4(  0%)      1/4( 25%)       0/4(  0%)
11:      1/24(  4%)     0/4(  0%)      1/4( 25%)       0/4(  0%)
12:      1/24(  4%)     0/4(  0%)      1/4( 25%)       0/4(  0%)
13:      0/24(  0%)     0/4(  0%)      1/4( 25%)       0/4(  0%)
14:      0/24(  0%)     0/4(  0%)      0/4(  0%)       0/4(  0%)
15:      0/24(  0%)     0/4(  0%)      0/4(  0%)       0/4(  0%)
16:      0/24(  0%)     0/4(  0%)      0/4(  0%)       0/4(  0%)
17:      0/24(  0%)     0/4(  0%)      0/4(  0%)       0/4(  0%)
18:      0/24(  0%)     0/4(  0%)      1/4( 25%)       0/4(  0%)
19:      1/24(  4%)     0/4(  0%)      1/4( 25%)       0/4(  0%)
20:      1/24(  4%)     0/4(  0%)      1/4( 25%)       0/4(  0%)
21:      0/24(  0%)     0/4(  0%)      0/4(  0%)       0/4(  0%)
22:      0/24(  0%)     0/4(  0%)      0/4(  0%)       0/4(  0%)
23:      0/24(  0%)     0/4(  0%)      0/4(  0%)       0/4(  0%)
24:      0/24(  0%)     0/4(  0%)      0/4(  0%)       0/4(  0%)
EA:      0/24(  0%)     0/4(  0%)      0/4(  0%)       0/4(  0%)


Device-Specific Information:c:\users\administrator\onedrive - mytccd.edu\experimentreport\computerorganization\curriculumdesign\dingel-cpu\controm.rpt
controm

** EQUATIONS **

ADDR0    : INPUT;
ADDR1    : INPUT;
ADDR2    : INPUT;
ADDR3    : INPUT;
ADDR4    : INPUT;
ADDR5    : INPUT;

-- Node name is 'O0' 
-- Equation name is 'O0', type is output 
O0       =  _LC7_C4;

-- Node name is 'O1' 
-- Equation name is 'O1', type is output 
O1       =  _LC3_C4;

-- Node name is 'O2' 
-- Equation name is 'O2', type is output 
O2       =  _LC3_C11;

-- Node name is 'O3' 
-- Equation name is 'O3', type is output 
O3       =  _LC2_C4;

-- Node name is 'O4' 
-- Equation name is 'O4', type is output 
O4       =  _LC8_C8;

-- Node name is 'O5' 
-- Equation name is 'O5', type is output 
O5       =  VCC;

-- Node name is 'O6' 
-- Equation name is 'O6', type is output 
O6       = !_LC6_C8;

-- Node name is 'O7' 
-- Equation name is 'O7', type is output 
O7       = !_LC1_C20;

-- Node name is 'O8' 
-- Equation name is 'O8', type is output 
O8       = !_LC1_C8;

-- Node name is 'O9' 
-- Equation name is 'O9', type is output 
O9       =  _LC2_C6;

-- Node name is 'O10' 
-- Equation name is 'O10', type is output 
O10      =  _LC8_C10;

-- Node name is 'O11' 
-- Equation name is 'O11', type is output 
O11      =  _LC1_C6;

-- Node name is 'O12' 
-- Equation name is 'O12', type is output 
O12      =  _LC3_C20;

-- Node name is 'O13' 
-- Equation name is 'O13', type is output 
O13      =  _LC5_C5;

-- Node name is 'O14' 
-- Equation name is 'O14', type is output 
O14      =  _LC3_C10;

-- Node name is 'O15' 
-- Equation name is 'O15', type is output 
O15      =  _LC4_C6;

-- Node name is 'O16' 
-- Equation name is 'O16', type is output 
O16      =  _LC4_C4;

-- Node name is 'O17' 
-- Equation name is 'O17', type is output 
O17      =  _LC2_C20;

-- Node name is 'O18' 
-- Equation name is 'O18', type is output 
O18      =  _LC6_C4;

-- Node name is 'O19' 
-- Equation name is 'O19', type is output 
O19      =  _LC1_C11;

-- Node name is 'UA0' 
-- Equation name is 'UA0', type is output 
UA0      =  GND;

-- Node name is 'UA1' 
-- Equation name is 'UA1', type is output 
UA1      =  _LC4_C2;

-- Node name is 'UA2' 
-- Equation name is 'UA2', type is output 
UA2      =  _LC5_C20;

-- Node name is 'UA3' 
-- Equation name is 'UA3', type is output 
UA3      =  _LC6_C20;

-- Node name is 'UA4' 
-- Equation name is 'UA4', type is output 
UA4      =  GND;

-- Node name is 'UA5' 
-- Equation name is 'UA5', type is output 
UA5      =  GND;

-- Node name is ':1728' 
-- Equation name is '_LC4_C20', type is buried 
!_LC4_C20 = _LC4_C20~NOT;
_LC4_C20~NOT = LCELL( _EQ001);
  _EQ001 = !ADDR2
         # !ADDR1
         # !ADDR3
         #  _LC2_C2;

-- Node name is '~1733~1' 
-- Equation name is '~1733~1', location is LC4_C11, type is buried.
-- synthesized logic cell 
_LC4_C11 = LCELL( _EQ002);
  _EQ002 = !ADDR2 &  ADDR4
         # !ADDR1 &  ADDR4
         #  ADDR4 &  ADDR5
         #  ADDR2 & !ADDR4
         #  ADDR1 & !ADDR4
         # !ADDR4 & !ADDR5;

-- Node name is ':1733' 
-- Equation name is '_LC5_C11', type is buried 
_LC5_C11 = LCELL( _EQ003);
  _EQ003 =  _LC4_C11
         #  ADDR0
         #  ADDR3;

-- Node name is ':1744' 
-- Equation name is '_LC6_C8', type is buried 
_LC6_C8  = LCELL( _EQ004);
  _EQ004 =  ADDR1 &  ADDR2 &  ADDR3 &  _LC3_C2;

-- Node name is '~1760~1' 
-- Equation name is '~1760~1', location is LC4_C2, type is buried.
-- synthesized logic cell 
_LC4_C2  = LCELL( _EQ005);
  _EQ005 = !ADDR1 &  ADDR2 &  ADDR3 & !_LC2_C2;

-- Node name is ':1760' 
-- Equation name is '_LC3_C20', type is buried 
_LC3_C20 = LCELL( _EQ006);
  _EQ006 = !ADDR1 &  ADDR2 &  ADDR3 & !_LC2_C2;

-- Node name is '~1776~1' 
-- Equation name is '~1776~1', location is LC3_C2, type is buried.
-- synthesized logic cell 
!_LC3_C2 = _LC3_C2~NOT;
_LC3_C2~NOT = LCELL( _EQ007);
  _EQ007 =  ADDR0
         #  ADDR5
         #  ADDR4;

-- Node name is ':1776' 
-- Equation name is '_LC4_C8', type is buried 
!_LC4_C8 = _LC4_C8~NOT;
_LC4_C8~NOT = LCELL( _EQ008);
  _EQ008 = !ADDR2
         #  ADDR1
         # !_LC3_C2
         # !ADDR3;

-- Node name is ':1792' 
-- Equation name is '_LC8_C20', type is buried 
!_LC8_C20 = _LC8_C20~NOT;
_LC8_C20~NOT = LCELL( _EQ009);
  _EQ009 =  ADDR2
         # !ADDR1
         #  _LC2_C2
         # !ADDR3;

-- Node name is ':1808' 
-- Equation name is '_LC1_C20', type is buried 
!_LC1_C20 = _LC1_C20~NOT;
_LC1_C20~NOT = LCELL( _EQ010);
  _EQ010 =  ADDR2
         # !ADDR1
         # !_LC3_C2
         # !ADDR3;

-- Node name is ':1824' 
-- Equation name is '_LC8_C6', type is buried 
!_LC8_C6 = _LC8_C6~NOT;
_LC8_C6~NOT = LCELL( _EQ011);
  _EQ011 =  ADDR2
         #  ADDR1
         # !ADDR3
         #  _LC2_C2;

-- Node name is ':1840' 
-- Equation name is '_LC5_C10', type is buried 
!_LC5_C10 = _LC5_C10~NOT;
_LC5_C10~NOT = LCELL( _EQ012);
  _EQ012 =  ADDR2
         #  ADDR1
         # !ADDR3
         # !_LC3_C2;

-- Node name is ':1843' 
-- Equation name is '_LC6_C11', type is buried 
_LC6_C11 = LCELL( _EQ013);
  _EQ013 =  _LC4_C11
         #  ADDR0
         #  ADDR3
         # !_LC1_C5;

-- Node name is '~1856~1' 
-- Equation name is '~1856~1', location is LC2_C2, type is buried.
-- synthesized logic cell 
_LC2_C2  = LCELL( _EQ014);
  _EQ014 =  ADDR5
         #  ADDR4
         # !ADDR0;

-- Node name is ':1856' 
-- Equation name is '_LC1_C2', type is buried 
!_LC1_C2 = _LC1_C2~NOT;
_LC1_C2~NOT = LCELL( _EQ015);
  _EQ015 = !ADDR2
         # !ADDR1
         #  ADDR3
         #  _LC2_C2;

-- Node name is ':1872' 
-- Equation name is '_LC5_C6', type is buried 
_LC5_C6  = LCELL( _EQ016);
  _EQ016 =  ADDR1 &  ADDR2 & !ADDR3 &  _LC3_C2;

-- Node name is ':1888' 
-- Equation name is '_LC7_C2', type is buried 
_LC7_C2  = LCELL( _EQ017);
  _EQ017 = !ADDR1 &  ADDR2 & !ADDR3 & !_LC2_C2;

-- Node name is ':1904' 
-- Equation name is '_LC3_C6', type is buried 
!_LC3_C6 = _LC3_C6~NOT;
_LC3_C6~NOT = LCELL( _EQ018);
  _EQ018 =  ADDR3
         # !_LC3_C2
         # !ADDR2
         #  ADDR1;

-- Node name is ':1920' 
-- Equation name is '_LC7_C6', type is buried 
!_LC7_C6 = _LC7_C6~NOT;
_LC7_C6~NOT = LCELL( _EQ019);
  _EQ019 =  _LC2_C2
         #  ADDR2
         # !ADDR1
         #  ADDR3;

-- Node name is ':1936' 
-- Equation name is '_LC1_C8', type is buried 
!_LC1_C8 = _LC1_C8~NOT;
_LC1_C8~NOT = LCELL( _EQ020);
  _EQ020 =  ADDR2
         # !ADDR1
         # !_LC3_C2
         #  ADDR3;

-- Node name is ':1952' 
-- Equation name is '_LC5_C8', type is buried 
!_LC5_C8 = _LC5_C8~NOT;
_LC5_C8~NOT = LCELL( _EQ021);
  _EQ021 =  ADDR2
         #  ADDR1
         #  ADDR3
         #  _LC2_C2;

-- Node name is ':1968' 
-- Equation name is '_LC7_C8', type is buried 
!_LC7_C8 = _LC7_C8~NOT;
_LC7_C8~NOT = LCELL( _EQ022);
  _EQ022 =  ADDR2
         #  ADDR1
         #  ADDR3
         # !_LC3_C2;

-- Node name is ':1971' 
-- Equation name is '_LC1_C11', type is buried 
_LC1_C11 = LCELL( _EQ023);
  _EQ023 =  _LC7_C8
         #  _LC5_C8
         #  _LC8_C11
         #  _LC6_C6;

-- Node name is ':2009' 
-- Equation name is '_LC1_C5', type is buried 
_LC1_C5  = LCELL( _EQ024);
  _EQ024 = !_LC2_C10 & !_LC3_C5 &  _LC4_C5 & !_LC8_C6;

-- Node name is ':2028' 
-- Equation name is '_LC6_C4', type is buried 
_LC6_C4  = LCELL( _EQ025);
  _EQ025 =  _LC1_C5 &  _LC8_C4
         #  _LC1_C2 &  _LC8_C4
         #  _LC7_C8;

-- Node name is '~2030~1' 
-- Equation name is '~2030~1', location is LC8_C4, type is buried.
-- synthesized logic cell 
!_LC8_C4 = _LC8_C4~NOT;
_LC8_C4~NOT = LCELL( _EQ026);
  _EQ026 =  _LC5_C6
         #  _LC7_C2
         #  _LC2_C8
         #  _LC6_C6;

-- Node name is ':2142' 
-- Equation name is '_LC4_C4', type is buried 
_LC4_C4  = LCELL( _EQ027);
  _EQ027 =  _LC2_C11 &  _LC8_C4
         #  _LC7_C8;

-- Node name is ':2163' 
-- Equation name is '_LC3_C5', type is buried 
!_LC3_C5 = _LC3_C5~NOT;
_LC3_C5~NOT = LCELL( _EQ028);
  _EQ028 = !_LC4_C8 & !_LC4_C20;

-- Node name is '~2192~1' 
-- Equation name is '~2192~1', location is LC4_C10, type is buried.
-- synthesized logic cell 
!_LC4_C10 = _LC4_C10~NOT;
_LC4_C10~NOT = LCELL( _EQ029);
  _EQ029 = !_LC1_C4
         #  _LC5_C10
         #  _LC3_C6;

-- Node name is ':2192' 
-- Equation name is '_LC6_C5', type is buried 
_LC6_C5  = LCELL( _EQ030);
  _EQ030 =  _LC3_C5 &  _LC4_C10 &  _LC7_C20
         #  _LC4_C10 &  _LC8_C6;

-- Node name is ':2201' 
-- Equation name is '_LC4_C6', type is buried 
_LC4_C6  = LCELL( _EQ031);
  _EQ031 =  _LC6_C5 & !_LC7_C8
         #  _LC2_C8 & !_LC7_C8
         #  _LC7_C6 & !_LC7_C8;

-- Node name is ':2232' 
-- Equation name is '_LC7_C10', type is buried 
_LC7_C10 = LCELL( _EQ032);
  _EQ032 =  _LC8_C6
         #  _LC5_C10
         #  _LC4_C20;

-- Node name is '~2246~1' 
-- Equation name is '~2246~1', location is LC1_C4, type is buried.
-- synthesized logic cell 
!_LC1_C4 = _LC1_C4~NOT;
_LC1_C4~NOT = LCELL( _EQ033);
  _EQ033 =  _LC5_C6
         #  _LC7_C2
         #  _LC1_C2;

-- Node name is '~2258~1' 
-- Equation name is '~2258~1', location is LC3_C8, type is buried.
-- synthesized logic cell 
_LC3_C8  = LCELL( _EQ034);
  _EQ034 = !_LC2_C8 & !_LC7_C8;

-- Node name is ':2258' 
-- Equation name is '_LC3_C10', type is buried 
_LC3_C10 = LCELL( _EQ035);
  _EQ035 =  _LC1_C4 &  _LC3_C8 &  _LC7_C10
         #  _LC3_C8 &  _LC6_C6;

-- Node name is '~2288~1' 
-- Equation name is '~2288~1', location is LC7_C20, type is buried.
-- synthesized logic cell 
_LC7_C20 = LCELL( _EQ036);
  _EQ036 = !_LC1_C20 & !_LC8_C20;

-- Node name is ':2288' 
-- Equation name is '_LC4_C5', type is buried 
_LC4_C5  = LCELL( _EQ037);
  _EQ037 = !_LC6_C8 &  _LC7_C20;

-- Node name is '~2313~1' 
-- Equation name is '~2313~1', location is LC6_C10, type is buried.
-- synthesized logic cell 
_LC6_C10 = LCELL( _EQ038);
  _EQ038 = !_LC3_C8
         #  _LC6_C6;

-- Node name is ':2313' 
-- Equation name is '_LC5_C5', type is buried 
_LC5_C5  = LCELL( _EQ039);
  _EQ039 = !_LC1_C10
         # !_LC6_C8 &  _LC7_C20;

-- Node name is ':2420' 
-- Equation name is '_LC2_C5', type is buried 
_LC2_C5  = LCELL( _EQ040);
  _EQ040 =  _LC4_C10 & !_LC7_C5 & !_LC8_C6;

-- Node name is ':2429' 
-- Equation name is '_LC1_C6', type is buried 
_LC1_C6  = LCELL( _EQ041);
  _EQ041 =  _LC2_C5 &  _LC3_C8
         #  _LC3_C8 &  _LC7_C6;

-- Node name is ':2460' 
-- Equation name is '_LC2_C10', type is buried 
!_LC2_C10 = _LC2_C10~NOT;
_LC2_C10~NOT = LCELL( _EQ042);
  _EQ042 = !_LC3_C20 & !_LC5_C10;

-- Node name is ':2486' 
-- Equation name is '_LC8_C10', type is buried 
_LC8_C10 = LCELL( _EQ043);
  _EQ043 =  _LC1_C4 &  _LC2_C10 &  _LC3_C8
         #  _LC3_C8 &  _LC6_C6;

-- Node name is ':2511' 
-- Equation name is '_LC7_C5', type is buried 
_LC7_C5  = LCELL( _EQ044);
  _EQ044 = !_LC3_C20 & !_LC4_C20
         #  _LC4_C8
         # !_LC7_C20;

-- Node name is ':2529' 
-- Equation name is '_LC8_C5', type is buried 
_LC8_C5  = LCELL( _EQ045);
  _EQ045 = !_LC4_C10
         #  _LC7_C5 & !_LC8_C6;

-- Node name is '~2541~1' 
-- Equation name is '~2541~1', location is LC2_C8, type is buried.
-- synthesized logic cell 
!_LC2_C8 = _LC2_C8~NOT;
_LC2_C8~NOT = LCELL( _EQ046);
  _EQ046 = !_LC1_C8 & !_LC5_C8;

-- Node name is ':2541' 
-- Equation name is '_LC2_C6', type is buried 
_LC2_C6  = LCELL( _EQ047);
  _EQ047 = !_LC7_C6 &  _LC8_C5
         # !_LC3_C8;

-- Node name is ':2826' 
-- Equation name is '_LC8_C8', type is buried 
_LC8_C8  = LCELL( _EQ048);
  _EQ048 =  _LC7_C8
         #  _LC5_C8
         # !_LC1_C8 & !_LC4_C8;

-- Node name is ':2885' 
-- Equation name is '_LC2_C4', type is buried 
_LC2_C4  = LCELL( _EQ049);
  _EQ049 = !_LC7_C8 & !_LC8_C4
         # !_LC2_C11 & !_LC7_C8;

-- Node name is '~2934~1' 
-- Equation name is '~2934~1', location is LC6_C6, type is buried.
-- synthesized logic cell 
!_LC6_C6 = _LC6_C6~NOT;
_LC6_C6~NOT = LCELL( _EQ050);
  _EQ050 = !_LC3_C6 & !_LC7_C6;

-- Node name is '~2934~2' 
-- Equation name is '~2934~2', location is LC8_C11, type is buried.
-- synthesized logic cell 
_LC8_C11 = LCELL( _EQ051);
  _EQ051 = !_LC1_C2 &  _LC6_C11
         #  _LC7_C11
         #  _LC1_C8;

-- Node name is ':2940' 
-- Equation name is '_LC3_C11', type is buried 
_LC3_C11 = LCELL( _EQ052);
  _EQ052 = !_LC5_C8 &  _LC8_C11
         # !_LC5_C8 &  _LC6_C6
         #  _LC7_C8;

-- Node name is ':2981' 
-- Equation name is '_LC2_C11', type is buried 
_LC2_C11 = LCELL( _EQ053);
  _EQ053 = !_LC1_C2 &  _LC1_C5 &  _LC5_C11;

-- Node name is ':2997' 
-- Equation name is '_LC3_C4', type is buried 
_LC3_C4  = LCELL( _EQ054);
  _EQ054 =  _LC2_C11 &  _LC5_C4
         #  _LC5_C4 &  _LC5_C6
         #  _LC7_C8;

-- Node name is '~2999~1' 
-- Equation name is '~2999~1', location is LC5_C4, type is buried.
-- synthesized logic cell 
_LC5_C4  = LCELL( _EQ055);
  _EQ055 = !_LC2_C8 & !_LC6_C6 & !_LC7_C2;

-- Node name is ':3039' 
-- Equation name is '_LC7_C11', type is buried 
_LC7_C11 = LCELL( _EQ056);
  _EQ056 =  _LC5_C6
         #  _LC7_C2;

-- Node name is ':3056' 
-- Equation name is '_LC7_C4', type is buried 
_LC7_C4  = LCELL( _EQ057);
  _EQ057 =  _LC3_C8 &  _LC5_C6 & !_LC6_C6
         #  _LC3_C8 & !_LC6_C6 &  _LC7_C2;

-- Node name is '~3227~1' 
-- Equation name is '~3227~1', location is LC1_C10, type is buried.
-- synthesized logic cell 
!_LC1_C10 = _LC1_C10~NOT;
_LC1_C10~NOT = LCELL( _EQ058);
  _EQ058 =  _LC8_C6
         #  _LC5_C10
         # !_LC1_C4
         #  _LC6_C10;

-- Node name is '~3227~2' 
-- Equation name is '~3227~2', location is LC5_C20, type is buried.
-- synthesized logic cell 
_LC5_C20 = LCELL( _EQ059);
  _EQ059 =  _LC1_C10 & !_LC1_C20 &  _LC8_C20
         #  _LC1_C10 & !_LC1_C20 &  _LC3_C20;

-- Node name is '~3227~3' 
-- Equation name is '~3227~3', location is LC6_C20, type is buried.
-- synthesized logic cell 
_LC6_C20 = LCELL( _EQ060);
  _EQ060 =  _LC1_C10 & !_LC1_C20 &  _LC8_C20
         #  _LC1_C10 & !_LC1_C20 &  _LC3_C20;

-- Node name is ':3227' 
-- Equation name is '_LC2_C20', type is buried 
_LC2_C20 = LCELL( _EQ061);
  _EQ061 =  _LC1_C10 & !_LC1_C20 &  _LC8_C20
         #  _LC1_C10 & !_LC1_C20 &  _LC3_C20;



Project Informationc:\users\administrator\onedrive - mytccd.edu\experimentreport\computerorganization\curriculumdesign\dingel-cpu\controm.rpt

** COMPILATION SETTINGS & TIMES **

Processing Menu Commands
------------------------

Design Doctor                             = off

Logic Synthesis:

   Synthesis Type Used                    = Multi-Level

   Default Synthesis Style                = NORMAL

      Logic option settings in 'NORMAL' style for 'ACEX1K' family

      CARRY_CHAIN                         = ignore
      CARRY_CHAIN_LENGTH                  = 32
      CASCADE_CHAIN                       = ignore
      CASCADE_CHAIN_LENGTH                = 2
      DECOMPOSE_GATES                     = on
      DUPLICATE_LOGIC_EXTRACTION          = on
      MINIMIZATION                        = full
      MULTI_LEVEL_FACTORING               = on
      NOT_GATE_PUSH_BACK                  = on
      REDUCE_LOGIC                        = on
      REFACTORIZATION                     = on
      REGISTER_OPTIMIZATION               = on
      RESYNTHESIZE_NETWORK                = on
      SLOW_SLEW_RATE                      = off
      SUBFACTOR_EXTRACTION                = on
      IGNORE_SOFT_BUFFERS                 = on
      USE_LPM_FOR_AHDL_OPERATORS          = off

   Other logic synthesis settings:

      Automatic Global Clock              = on
      Automatic Global Clear              = on
      Automatic Global Preset             = on
      Automatic Global Output Enable      = on
      Automatic Fast I/O                  = off
      Automatic Register Packing          = off
      Automatic Open-Drain Pins           = on
      Automatic Implement in EAB          = off
      Optimize                            = 5

Default Timing Specifications: None

Cut All Bidir Feedback Timing Paths       = on
Cut All Clear & Preset Timing Paths       = on

Ignore Timing Assignments                 = off

Functional SNF Extractor                  = off

Linked SNF Extractor                      = off
Timing SNF Extractor                      = on
Optimize Timing SNF                       = off
Generate AHDL TDO File                    = off
Fitter Settings                           = NORMAL
Use Quartus Fitter                        = on
Smart Recompile                           = off
Total Recompile                           = off

Interfaces Menu Commands
------------------------

EDIF Netlist Writer                       = off
Verilog Netlist Writer                    = off
VHDL Netlist Writer                       = off

Compilation Times
-----------------

   Compiler Netlist Extractor             00:00:00
   Database Builder                       00:00:00
   Logic Synthesizer                      00:00:00
   Partitioner                            00:00:00
   Fitter                                 00:00:00
   Timing SNF Extractor                   00:00:00
   Assembler                              00:00:00
   --------------------------             --------
   Total Time                             00:00:00


Memory Allocated
-----------------

Peak memory allocated during compilation  = 19,190K
