Project Informationc:\users\administrator\onedrive - mytccd.edu\experimentreport\computerorganization\curriculumdesign\dingel-cpu\ir.rpt

MAX+plus II Compiler Report File
Version 10.0 9/14/2000
Compiled: 08/29/2020 21:35:23

Copyright (C) 1988-2000 Altera Corporation
Any megafunction design, and related net list (encrypted or decrypted),
support information, device programming or simulation file, and any other
associated documentation or information provided by Altera or a partner
under Altera's Megafunction Partnership Program may be used only to
program PLD devices (but not masked PLD devices) from Altera.  Any other
use of such megafunction design, net list, support information, device
programming or simulation file, or any other related documentation or
information is prohibited for any other purpose, including, but not
limited to modification, reverse engineering, de-compiling, or use with
any other silicon devices, unless such use is explicitly licensed under
a separate agreement with Altera or a megafunction partner.  Title to
the intellectual property, including patents, copyrights, trademarks,
trade secrets, or maskworks, embodied in any such megafunction design,
net list, support information, device programming or simulation file, or
any other related documentation or information provided by Altera or a
megafunction partner, remains with Altera, the megafunction partner, or
their respective licensors.  No other licenses, including any licenses
needed under any third party's intellectual property, are provided herein.



***** Project compilation was successful


IR


** DEVICE SUMMARY **

Chip/                     Input Output Bidir  Memory  Memory  			 LCs
POF       Device          Pins  Pins   Pins   Bits % Utilized  LCs  % Utilized

ir        EP1K10TC100-1    17     16     0    0         0  %    16       2  %

User Pins:                 17     16     0  



Project Informationc:\users\administrator\onedrive - mytccd.edu\experimentreport\computerorganization\curriculumdesign\dingel-cpu\ir.rpt

** PROJECT TIMING MESSAGES **

Warning: Timing characteristics of device EP1K10TC100-1 are preliminary


Device-Specific Information:c:\users\administrator\onedrive - mytccd.edu\experimentreport\computerorganization\curriculumdesign\dingel-cpu\ir.rpt
ir

***** Logic for device 'ir' compiled without errors.




Device: EP1K10TC100-1

ACEX 1K Configuration Scheme: Passive Serial

Device Options:
    User-Supplied Start-Up Clock               = OFF
    Auto-Restart Configuration on Frame Error  = OFF
    Release Clears Before Tri-States           = OFF
    Enable Chip_Wide Reset                     = OFF
    Enable Chip-Wide Output Enable             = OFF
    Enable INIT_DONE Output                    = OFF
    JTAG User Code                             = 7f
    MultiVolt I/O                              = OFF
    Enable Lock Output                         = OFF

                                                                   
                                                                   
                  R R R R   R R           R R R R   R R R R R R    
                  E E E E   E E           E E E E   E E E E E E    
                  S S S S   S S V         S S S S   S S S S S S ^  
                  E E E E   E E C         E E E E V E E E E E E D  
                # R R R R   R R C         R R R R C R R R R R R A  
                T V V V V G V V I       G V V V V C V V V V V V T  
                C E E E E N E E N D D D N E E E E I E E E E E E A  
                K D D D D D D D T 3 4 2 D D D D D O D D D D D D 0  
              ----------------------------------------------------_ 
             / 100  98  96  94  92  90  88  86  84  82  80  78  76   |_ 
            /     99  97  95  93  91  89  87  85  83  81  79  77    | 
^CONF_DONE |  1                                                    75 | ^DCLK 
     ^nCEO |  2                                                    74 | ^nCE 
      #TDO |  3                                                    73 | #TDI 
     VCCIO |  4                                                    72 | VCCINT 
       Q15 |  5                                                    71 | Q7 
       D15 |  6                                                    70 | D5 
       D11 |  7                                                    69 | Q1 
        Q5 |  8                                                    68 | D7 
        Q4 |  9                                                    67 | VCCIO 
       Q11 | 10                                                    66 | GND 
       GND | 11                                                    65 | D10 
    VCCINT | 12                                                    64 | Q8 
  RESERVED | 13                   EP1K10TC100-1                    63 | Q0 
       Q13 | 14                                                    62 | Q3 
        D8 | 15                                                    61 | Q10 
       D13 | 16                                                    60 | VCCINT 
     VCCIO | 17                                                    59 | GND 
       GND | 18                                                    58 | D12 
       Q14 | 19                                                    57 | Q9 
        Q2 | 20                                                    56 | Q6 
        D6 | 21                                                    55 | D9 
       D14 | 22                                                    54 | ^MSEL0 
       Q12 | 23                                                    53 | ^MSEL1 
      #TMS | 24                                                    52 | VCCINT 
  ^nSTATUS | 25                                                    51 | ^nCONFIG 
           |      27  29  31  33  35  37  39  41  43  45  47  49  _| 
            \   26  28  30  32  34  36  38  40  42  44  46  48  50   | 
             \----------------------------------------------------- 
                R R R R R R R R R V G V D C D G G R V R R R R R R  
                E E E E E E E E E C N C 0 L 1 N N E C E E E E E E  
                S S S S S S S S S C D C   K   D D S C S S S S S S  
                E E E E E E E E E I   _       _   E I E E E E E E  
                R R R R R R R R R N   C       C   R O R R R R R R  
                V V V V V V V V V T   K       K   V   V V V V V V  
                E E E E E E E E E     L       L   E   E E E E E E  
                D D D D D D D D D     K       K   D   D D D D D D  
                                                                   
                                                                   


N.C. = No Connect. This pin has no internal connection to the device.
VCCINT = Dedicated power pin, which MUST be connected to VCC (2.5 volts).
VCCIO = Dedicated power pin, which MUST be connected to VCC (2.5 volts).
GND = Dedicated ground pin or unused dedicated input, which MUST be connected to GND.
RESERVED = Unused I/O pin, which MUST be left unconnected.

^ = Dedicated configuration pin.
+ = Reserved configuration pin, which is tri-stated during user mode.
* = Reserved configuration pin, which drives out in user mode.
PDn = Power Down pin. 
@ = Special-purpose pin. 
# = JTAG Boundary-Scan Testing/In-System Programming or Configuration Pin. The JTAG inputs TMS and TDI should be tied to VCC and TCK should be tied to GND when not in use.
& = JTAG pin used for I/O. When used as user I/O, JTAG pins must be kept stable before and during configuration.  JTAG pin stability prevents accidental loading of JTAG instructions.
$ = Pin has PCI I/O option enabled. Pin is neither '5.0 V'- nor '3.3 V'-tolerant. 


Device-Specific Information:c:\users\administrator\onedrive - mytccd.edu\experimentreport\computerorganization\curriculumdesign\dingel-cpu\ir.rpt
ir

** RESOURCE USAGE **

Logic                Column       Row                                   
Array                Interconnect Interconnect         Clears/     External  
Block   Logic Cells  Driven       Driven       Clocks  Presets   Interconnect
A2       1/ 8( 12%)   0/ 8(  0%)   1/ 8( 12%)    1/2    0/2       1/22(  4%)   
A3       1/ 8( 12%)   0/ 8(  0%)   1/ 8( 12%)    1/2    0/2       1/22(  4%)   
A16      1/ 8( 12%)   0/ 8(  0%)   1/ 8( 12%)    1/2    0/2       1/22(  4%)   
A21      1/ 8( 12%)   0/ 8(  0%)   1/ 8( 12%)    1/2    0/2       1/22(  4%)   
A23      1/ 8( 12%)   0/ 8(  0%)   1/ 8( 12%)    1/2    0/2       1/22(  4%)   
A24      1/ 8( 12%)   0/ 8(  0%)   1/ 8( 12%)    1/2    0/2       1/22(  4%)   
B2       1/ 8( 12%)   0/ 8(  0%)   1/ 8( 12%)    1/2    0/2       1/22(  4%)   
B3       1/ 8( 12%)   0/ 8(  0%)   1/ 8( 12%)    1/2    0/2       1/22(  4%)   
B7       1/ 8( 12%)   0/ 8(  0%)   1/ 8( 12%)    1/2    0/2       1/22(  4%)   
B8       1/ 8( 12%)   0/ 8(  0%)   1/ 8( 12%)    1/2    0/2       1/22(  4%)   
B19      1/ 8( 12%)   0/ 8(  0%)   1/ 8( 12%)    1/2    0/2       1/22(  4%)   
C6       1/ 8( 12%)   0/ 8(  0%)   1/ 8( 12%)    1/2    0/2       1/22(  4%)   
C9       1/ 8( 12%)   0/ 8(  0%)   1/ 8( 12%)    1/2    0/2       1/22(  4%)   
C13      1/ 8( 12%)   0/ 8(  0%)   1/ 8( 12%)    1/2    0/2       1/22(  4%)   
C15      1/ 8( 12%)   0/ 8(  0%)   1/ 8( 12%)    1/2    0/2       1/22(  4%)   
C16      1/ 8( 12%)   0/ 8(  0%)   1/ 8( 12%)    1/2    0/2       1/22(  4%)   


Embedded             Column       Row                                   
Array     Embedded   Interconnect Interconnect         Read/      External  
Block     Cells      Driven       Driven       Clocks  Write    Interconnect


Total dedicated input pins used:                 6/6      (100%)
Total I/O pins used:                            27/60     ( 45%)
Total logic cells used:                         16/576    (  2%)
Total embedded cells used:                       0/48     (  0%)
Total EABs used:                                 0/3      (  0%)
Average fan-in:                                 1.00/4    ( 25%)
Total fan-in:                                  16/2304    (  0%)

Total input pins required:                      17
Total input I/O cell registers required:         0
Total output pins required:                     16
Total output I/O cell registers required:        0
Total buried I/O cell registers required:        0
Total bidirectional pins required:               0
Total reserved pins required                     0
Total logic cells required:                     16
Total flipflops required:                       16
Total packed registers required:                 0
Total logic cells in carry chains:               0
Total number of carry chains:                    0
Total logic cells in cascade chains:             0
Total number of cascade chains:                  0
Total single-pin Clock Enables required:         0
Total single-pin Output Enables required:        0

Synthesized logic cells:                         0/ 576   (  0%)

Logic Cell and Embedded Cell Counts

Column:  01  02  03  04  05  06  07  08  09  10  11  12  EA  13  14  15  16  17  18  19  20  21  22  23  24  Total(LC/EC)
 A:      0   1   1   0   0   0   0   0   0   0   0   0   0   0   0   0   1   0   0   0   0   1   0   1   1      6/0  
 B:      0   1   1   0   0   0   1   1   0   0   0   0   0   0   0   0   0   0   0   1   0   0   0   0   0      5/0  
 C:      0   0   0   0   0   1   0   0   1   0   0   0   0   1   0   1   1   0   0   0   0   0   0   0   0      5/0  

Total:   0   2   2   0   0   1   1   1   1   0   0   0   0   1   0   1   2   0   0   1   0   1   0   1   1     16/0  



Device-Specific Information:c:\users\administrator\onedrive - mytccd.edu\experimentreport\computerorganization\curriculumdesign\dingel-cpu\ir.rpt
ir

** INPUTS **

                                                    Fan-In    Fan-Out
 Pin     LC     EC   Row  Col  Primitive    Code      INP  FBK  OUT  FBK  Name
  39      -     -    -    --      INPUT  G          ^    0    0    0    0  CLK
  38      -     -    -    --      INPUT             ^    0    0    0    1  D0
  40      -     -    -    --      INPUT             ^    0    0    0    1  D1
  89      -     -    -    --      INPUT             ^    0    0    0    1  D2
  91      -     -    -    --      INPUT             ^    0    0    0    1  D3
  90      -     -    -    --      INPUT             ^    0    0    0    1  D4
  70      -     -    A    --      INPUT             ^    0    0    0    1  D5
  21      -     -    C    --      INPUT             ^    0    0    0    1  D6
  68      -     -    A    --      INPUT             ^    0    0    0    1  D7
  15      -     -    B    --      INPUT             ^    0    0    0    1  D8
  55      -     -    C    --      INPUT             ^    0    0    0    1  D9
  65      -     -    B    --      INPUT             ^    0    0    0    1  D10
   7      -     -    A    --      INPUT             ^    0    0    0    1  D11
  58      -     -    C    --      INPUT             ^    0    0    0    1  D12
  16      -     -    B    --      INPUT             ^    0    0    0    1  D13
  22      -     -    C    --      INPUT             ^    0    0    0    1  D14
   6      -     -    A    --      INPUT             ^    0    0    0    1  D15


Code:

s = Synthesized pin or logic cell
+ = Synchronous flipflop
/ = Slow slew-rate output
! = NOT gate push-back
r = Fitter-inserted logic cell
^ = Increased input delay
* = PCI I/O is enabled
@ = Uses single-pin Clock Enable
& = Uses single-pin Output Enable
G = Global Source. Fan-out destinations counted here do not include destinations
that are driven using global routing resources. Refer to the Auto Global Signals,
Clock Signals, Clear Signals, Synchronous Load Signals, and Synchronous Clear Signals
Sections of this Report File for information on which signals' fan-outs are used as
Clock, Clear, Preset, Output Enable, and synchronous Load signals.


Device-Specific Information:c:\users\administrator\onedrive - mytccd.edu\experimentreport\computerorganization\curriculumdesign\dingel-cpu\ir.rpt
ir

** OUTPUTS **

       Fed By Fed By                                Fan-In    Fan-Out
 Pin     LC     EC   Row  Col  Primitive    Code      INP  FBK  OUT  FBK  Name
  63      -     -    B    --     OUTPUT                 0    1    0    0  Q0
  69      -     -    A    --     OUTPUT                 0    1    0    0  Q1
  20      -     -    C    --     OUTPUT                 0    1    0    0  Q2
  62      -     -    B    --     OUTPUT                 0    1    0    0  Q3
   9      -     -    A    --     OUTPUT                 0    1    0    0  Q4
   8      -     -    A    --     OUTPUT                 0    1    0    0  Q5
  56      -     -    C    --     OUTPUT                 0    1    0    0  Q6
  71      -     -    A    --     OUTPUT                 0    1    0    0  Q7
  64      -     -    B    --     OUTPUT                 0    1    0    0  Q8
  57      -     -    C    --     OUTPUT                 0    1    0    0  Q9
  61      -     -    B    --     OUTPUT                 0    1    0    0  Q10
  10      -     -    A    --     OUTPUT                 0    1    0    0  Q11
  23      -     -    C    --     OUTPUT                 0    1    0    0  Q12
  14      -     -    B    --     OUTPUT                 0    1    0    0  Q13
  19      -     -    C    --     OUTPUT                 0    1    0    0  Q14
   5      -     -    A    --     OUTPUT                 0    1    0    0  Q15


Code:

s = Synthesized pin or logic cell
+ = Synchronous flipflop
/ = Slow slew-rate output
! = NOT gate push-back
r = Fitter-inserted logic cell
^ = Increased input delay
* = PCI I/O is enabled
@ = Uses single-pin Clock Enable
& = Uses single-pin Output Enable


Device-Specific Information:c:\users\administrator\onedrive - mytccd.edu\experimentreport\computerorganization\curriculumdesign\dingel-cpu\ir.rpt
ir

** BURIED LOGIC **

                                                    Fan-In    Fan-Out
 IOC     LC     EC   Row  Col  Primitive    Code      INP  FBK  OUT  FBK  Name
   -      1     -    A    16       DFFE   +            1    0    1    0  :18
   -      1     -    C    15       DFFE   +            1    0    1    0  :20
   -      3     -    B    19       DFFE   +            1    0    1    0  :22
   -      7     -    C    16       DFFE   +            1    0    1    0  :24
   -      8     -    A    21       DFFE   +            1    0    1    0  :26
   -      8     -    B    07       DFFE   +            1    0    1    0  :28
   -      2     -    C    06       DFFE   +            1    0    1    0  :30
   -      2     -    B    03       DFFE   +            1    0    1    0  :32
   -      1     -    A    02       DFFE   +            1    0    1    0  :34
   -      5     -    C    09       DFFE   +            1    0    1    0  :36
   -      5     -    A    23       DFFE   +            1    0    1    0  :38
   -      7     -    A    24       DFFE   +            1    0    1    0  :40
   -      5     -    B    02       DFFE   +            1    0    1    0  :42
   -      2     -    C    13       DFFE   +            1    0    1    0  :44
   -      5     -    A    03       DFFE   +            1    0    1    0  :46
   -      4     -    B    08       DFFE   +            1    0    1    0  :48


Code:

s = Synthesized pin or logic cell
+ = Synchronous flipflop
/ = Slow slew-rate output
! = NOT gate push-back
r = Fitter-inserted logic cell
^ = Increased input delay
* = PCI I/O is enabled
p = Packed register


Device-Specific Information:c:\users\administrator\onedrive - mytccd.edu\experimentreport\computerorganization\curriculumdesign\dingel-cpu\ir.rpt
ir

** FASTTRACK INTERCONNECT UTILIZATION **

Row FastTrack Interconnect:

          Global         Left Half-      Right Half-
         FastTrack       FastTrack       FastTrack 
Row     Interconnect    Interconnect    Interconnect    Input Pins     Output Pins     Bidir Pins
A:       5/ 96(  5%)     2/ 48(  4%)     3/ 48(  6%)    4/16( 25%)      6/16( 37%)     0/16(  0%)
B:       5/ 96(  5%)     3/ 48(  6%)     0/ 48(  0%)    3/16( 18%)      5/16( 31%)     0/16(  0%)
C:       6/ 96(  6%)     2/ 48(  4%)     1/ 48(  2%)    4/16( 25%)      5/16( 31%)     0/16(  0%)


Column FastTrack Interconnect:

         FastTrack                                 
Column  Interconnect    Input Pins     Output Pins     Bidir Pins
01:      0/24(  0%)     0/4(  0%)      0/4(  0%)       0/4(  0%)
02:      0/24(  0%)     0/4(  0%)      0/4(  0%)       0/4(  0%)
03:      0/24(  0%)     0/4(  0%)      0/4(  0%)       0/4(  0%)
04:      0/24(  0%)     0/4(  0%)      0/4(  0%)       0/4(  0%)
05:      0/24(  0%)     0/4(  0%)      0/4(  0%)       0/4(  0%)
06:      0/24(  0%)     0/4(  0%)      0/4(  0%)       0/4(  0%)
07:      0/24(  0%)     0/4(  0%)      0/4(  0%)       0/4(  0%)
08:      0/24(  0%)     0/4(  0%)      0/4(  0%)       0/4(  0%)
09:      0/24(  0%)     0/4(  0%)      0/4(  0%)       0/4(  0%)
10:      0/24(  0%)     0/4(  0%)      0/4(  0%)       0/4(  0%)
11:      0/24(  0%)     0/4(  0%)      0/4(  0%)       0/4(  0%)
12:      0/24(  0%)     0/4(  0%)      0/4(  0%)       0/4(  0%)
13:      0/24(  0%)     0/4(  0%)      0/4(  0%)       0/4(  0%)
14:      0/24(  0%)     0/4(  0%)      0/4(  0%)       0/4(  0%)
15:      0/24(  0%)     0/4(  0%)      0/4(  0%)       0/4(  0%)
16:      0/24(  0%)     0/4(  0%)      0/4(  0%)       0/4(  0%)
17:      0/24(  0%)     0/4(  0%)      0/4(  0%)       0/4(  0%)
18:      0/24(  0%)     0/4(  0%)      0/4(  0%)       0/4(  0%)
19:      0/24(  0%)     0/4(  0%)      0/4(  0%)       0/4(  0%)
20:      0/24(  0%)     0/4(  0%)      0/4(  0%)       0/4(  0%)
21:      0/24(  0%)     0/4(  0%)      0/4(  0%)       0/4(  0%)
22:      0/24(  0%)     0/4(  0%)      0/4(  0%)       0/4(  0%)
23:      0/24(  0%)     0/4(  0%)      0/4(  0%)       0/4(  0%)
24:      0/24(  0%)     0/4(  0%)      0/4(  0%)       0/4(  0%)
EA:      0/24(  0%)     0/4(  0%)      0/4(  0%)       0/4(  0%)


Device-Specific Information:c:\users\administrator\onedrive - mytccd.edu\experimentreport\computerorganization\curriculumdesign\dingel-cpu\ir.rpt
ir

** CLOCK SIGNALS **

Type     Fan-out       Name
INPUT       16         CLK


Device-Specific Information:c:\users\administrator\onedrive - mytccd.edu\experimentreport\computerorganization\curriculumdesign\dingel-cpu\ir.rpt
ir

** EQUATIONS **

CLK      : INPUT;
D0       : INPUT;
D1       : INPUT;
D2       : INPUT;
D3       : INPUT;
D4       : INPUT;
D5       : INPUT;
D6       : INPUT;
D7       : INPUT;
D8       : INPUT;
D9       : INPUT;
D10      : INPUT;
D11      : INPUT;
D12      : INPUT;
D13      : INPUT;
D14      : INPUT;
D15      : INPUT;

-- Node name is 'Q0' 
-- Equation name is 'Q0', type is output 
Q0       =  _LC4_B8;

-- Node name is 'Q1' 
-- Equation name is 'Q1', type is output 
Q1       =  _LC5_A3;

-- Node name is 'Q2' 
-- Equation name is 'Q2', type is output 
Q2       =  _LC2_C13;

-- Node name is 'Q3' 
-- Equation name is 'Q3', type is output 
Q3       =  _LC5_B2;

-- Node name is 'Q4' 
-- Equation name is 'Q4', type is output 
Q4       =  _LC7_A24;

-- Node name is 'Q5' 
-- Equation name is 'Q5', type is output 
Q5       =  _LC5_A23;

-- Node name is 'Q6' 
-- Equation name is 'Q6', type is output 
Q6       =  _LC5_C9;

-- Node name is 'Q7' 
-- Equation name is 'Q7', type is output 
Q7       =  _LC1_A2;

-- Node name is 'Q8' 
-- Equation name is 'Q8', type is output 
Q8       =  _LC2_B3;

-- Node name is 'Q9' 
-- Equation name is 'Q9', type is output 
Q9       =  _LC2_C6;

-- Node name is 'Q10' 
-- Equation name is 'Q10', type is output 
Q10      =  _LC8_B7;

-- Node name is 'Q11' 
-- Equation name is 'Q11', type is output 
Q11      =  _LC8_A21;

-- Node name is 'Q12' 
-- Equation name is 'Q12', type is output 
Q12      =  _LC7_C16;

-- Node name is 'Q13' 
-- Equation name is 'Q13', type is output 
Q13      =  _LC3_B19;

-- Node name is 'Q14' 
-- Equation name is 'Q14', type is output 
Q14      =  _LC1_C15;

-- Node name is 'Q15' 
-- Equation name is 'Q15', type is output 
Q15      =  _LC1_A16;

-- Node name is ':18' 
-- Equation name is '_LC1_A16', type is buried 
_LC1_A16 = DFFE( D15, GLOBAL( CLK),  VCC,  VCC,  VCC);

-- Node name is ':20' 
-- Equation name is '_LC1_C15', type is buried 
_LC1_C15 = DFFE( D14, GLOBAL( CLK),  VCC,  VCC,  VCC);

-- Node name is ':22' 
-- Equation name is '_LC3_B19', type is buried 
_LC3_B19 = DFFE( D13, GLOBAL( CLK),  VCC,  VCC,  VCC);

-- Node name is ':24' 
-- Equation name is '_LC7_C16', type is buried 
_LC7_C16 = DFFE( D12, GLOBAL( CLK),  VCC,  VCC,  VCC);

-- Node name is ':26' 
-- Equation name is '_LC8_A21', type is buried 
_LC8_A21 = DFFE( D11, GLOBAL( CLK),  VCC,  VCC,  VCC);

-- Node name is ':28' 
-- Equation name is '_LC8_B7', type is buried 
_LC8_B7  = DFFE( D10, GLOBAL( CLK),  VCC,  VCC,  VCC);

-- Node name is ':30' 
-- Equation name is '_LC2_C6', type is buried 
_LC2_C6  = DFFE( D9, GLOBAL( CLK),  VCC,  VCC,  VCC);

-- Node name is ':32' 
-- Equation name is '_LC2_B3', type is buried 
_LC2_B3  = DFFE( D8, GLOBAL( CLK),  VCC,  VCC,  VCC);

-- Node name is ':34' 
-- Equation name is '_LC1_A2', type is buried 
_LC1_A2  = DFFE( D7, GLOBAL( CLK),  VCC,  VCC,  VCC);

-- Node name is ':36' 
-- Equation name is '_LC5_C9', type is buried 
_LC5_C9  = DFFE( D6, GLOBAL( CLK),  VCC,  VCC,  VCC);

-- Node name is ':38' 
-- Equation name is '_LC5_A23', type is buried 
_LC5_A23 = DFFE( D5, GLOBAL( CLK),  VCC,  VCC,  VCC);

-- Node name is ':40' 
-- Equation name is '_LC7_A24', type is buried 
_LC7_A24 = DFFE( D4, GLOBAL( CLK),  VCC,  VCC,  VCC);

-- Node name is ':42' 
-- Equation name is '_LC5_B2', type is buried 
_LC5_B2  = DFFE( D3, GLOBAL( CLK),  VCC,  VCC,  VCC);

-- Node name is ':44' 
-- Equation name is '_LC2_C13', type is buried 
_LC2_C13 = DFFE( D2, GLOBAL( CLK),  VCC,  VCC,  VCC);

-- Node name is ':46' 
-- Equation name is '_LC5_A3', type is buried 
_LC5_A3  = DFFE( D1, GLOBAL( CLK),  VCC,  VCC,  VCC);

-- Node name is ':48' 
-- Equation name is '_LC4_B8', type is buried 
_LC4_B8  = DFFE( D0, GLOBAL( CLK),  VCC,  VCC,  VCC);



Project Informationc:\users\administrator\onedrive - mytccd.edu\experimentreport\computerorganization\curriculumdesign\dingel-cpu\ir.rpt

** COMPILATION SETTINGS & TIMES **

Processing Menu Commands
------------------------

Design Doctor                             = off

Logic Synthesis:

   Synthesis Type Used                    = Multi-Level

   Default Synthesis Style                = NORMAL

      Logic option settings in 'NORMAL' style for 'ACEX1K' family

      CARRY_CHAIN                         = ignore
      CARRY_CHAIN_LENGTH                  = 32
      CASCADE_CHAIN                       = ignore
      CASCADE_CHAIN_LENGTH                = 2
      DECOMPOSE_GATES                     = on
      DUPLICATE_LOGIC_EXTRACTION          = on
      MINIMIZATION                        = full
      MULTI_LEVEL_FACTORING               = on
      NOT_GATE_PUSH_BACK                  = on
      REDUCE_LOGIC                        = on
      REFACTORIZATION                     = on
      REGISTER_OPTIMIZATION               = on
      RESYNTHESIZE_NETWORK                = on
      SLOW_SLEW_RATE                      = off
      SUBFACTOR_EXTRACTION                = on
      IGNORE_SOFT_BUFFERS                 = on
      USE_LPM_FOR_AHDL_OPERATORS          = off

   Other logic synthesis settings:

      Automatic Global Clock              = on
      Automatic Global Clear              = on
      Automatic Global Preset             = on
      Automatic Global Output Enable      = on
      Automatic Fast I/O                  = off
      Automatic Register Packing          = off
      Automatic Open-Drain Pins           = on
      Automatic Implement in EAB          = off
      Optimize                            = 5

Default Timing Specifications: None

Cut All Bidir Feedback Timing Paths       = on
Cut All Clear & Preset Timing Paths       = on

Ignore Timing Assignments                 = off

Functional SNF Extractor                  = off

Linked SNF Extractor                      = off
Timing SNF Extractor                      = on
Optimize Timing SNF                       = off
Generate AHDL TDO File                    = off
Fitter Settings                           = NORMAL
Use Quartus Fitter                        = on
Smart Recompile                           = off
Total Recompile                           = off

Interfaces Menu Commands
------------------------

EDIF Netlist Writer                       = off
Verilog Netlist Writer                    = off
VHDL Netlist Writer                       = off

Compilation Times
-----------------

   Compiler Netlist Extractor             00:00:00
   Database Builder                       00:00:00
   Logic Synthesizer                      00:00:00
   Partitioner                            00:00:00
   Fitter                                 00:00:00
   Timing SNF Extractor                   00:00:00
   Assembler                              00:00:00
   --------------------------             --------
   Total Time                             00:00:00


Memory Allocated
-----------------

Peak memory allocated during compilation  = 17,818K
