Project Informationc:\users\administrator\onedrive - mytccd.edu\experimentreport\computerorganization\curriculumdesign\dingel-cpu\mcommand.rpt

MAX+plus II Compiler Report File
Version 10.0 9/14/2000
Compiled: 09/10/2020 09:21:27

Copyright (C) 1988-2000 Altera Corporation
Any megafunction design, and related net list (encrypted or decrypted),
support information, device programming or simulation file, and any other
associated documentation or information provided by Altera or a partner
under Altera's Megafunction Partnership Program may be used only to
program PLD devices (but not masked PLD devices) from Altera.  Any other
use of such megafunction design, net list, support information, device
programming or simulation file, or any other related documentation or
information is prohibited for any other purpose, including, but not
limited to modification, reverse engineering, de-compiling, or use with
any other silicon devices, unless such use is explicitly licensed under
a separate agreement with Altera or a megafunction partner.  Title to
the intellectual property, including patents, copyrights, trademarks,
trade secrets, or maskworks, embodied in any such megafunction design,
net list, support information, device programming or simulation file, or
any other related documentation or information provided by Altera or a
megafunction partner, remains with Altera, the megafunction partner, or
their respective licensors.  No other licenses, including any licenses
needed under any third party's intellectual property, are provided herein.



***** Project compilation was successful


MCOMMAND


** DEVICE SUMMARY **

Chip/                     Input Output Bidir  Memory  Memory  			 LCs
POF       Device          Pins  Pins   Pins   Bits % Utilized  LCs  % Utilized

mcommand  EP1K10TC100-1    23     20     0    0         0  %    26       4  %

User Pins:                 23     20     0  



Project Informationc:\users\administrator\onedrive - mytccd.edu\experimentreport\computerorganization\curriculumdesign\dingel-cpu\mcommand.rpt

** PROJECT TIMING MESSAGES **

Warning: Timing characteristics of device EP1K10TC100-1 are preliminary


Device-Specific Information:c:\users\administrator\onedrive - mytccd.edu\experimentreport\computerorganization\curriculumdesign\dingel-cpu\mcommand.rpt
mcommand

***** Logic for device 'mcommand' compiled without errors.




Device: EP1K10TC100-1

ACEX 1K Configuration Scheme: Passive Serial

Device Options:
    User-Supplied Start-Up Clock               = OFF
    Auto-Restart Configuration on Frame Error  = OFF
    Release Clears Before Tri-States           = OFF
    Enable Chip_Wide Reset                     = OFF
    Enable Chip-Wide Output Enable             = OFF
    Enable INIT_DONE Output                    = OFF
    JTAG User Code                             = 7f
    MultiVolt I/O                              = OFF
    Enable Lock Output                         = OFF

                                                                   
                                                                   
                  R R R                   R R R R   R R R R R      
                  E E E                   E E E E   E E E E E      
                  S S S         V         S S S S   S S S S S   ^  
                  E E E         C         E E E E V E E E E E   D  
                # R R R         C         R R R R C R R R R R   A  
                T V V V D G D   I       G V V V V C V V V V V D T  
                C E E E 1 N 1 S N D D D N E E E E I E E E E E 1 A  
                K D D D 6 D 8 2 T 3 4 2 D D D D D O D D D D D 0 0  
              ----------------------------------------------------_ 
             / 100  98  96  94  92  90  88  86  84  82  80  78  76   |_ 
            /     99  97  95  93  91  89  87  85  83  81  79  77    | 
^CONF_DONE |  1                                                    75 | ^DCLK 
     ^nCEO |  2                                                    74 | ^nCE 
      #TDO |  3                                                    73 | #TDI 
     VCCIO |  4                                                    72 | VCCINT 
      CS_I |  5                                                    71 | SW_B 
      LDRI |  6                                                    70 | D8 
     LED_B |  7                                                    69 | RAM_B 
      LDPC |  8                                                    68 | D11 
       D15 |  9                                                    67 | VCCIO 
        S1 | 10                                                    66 | GND 
       GND | 11                                                    65 | D6 
    VCCINT | 12                                                    64 | P2 
      LOAD | 13                   EP1K10TC100-1                    63 | D13 
        P1 | 14                                                    62 | RS_B 
      RD_D | 15                                                    61 | S0 
       D19 | 16                                                    60 | VCCINT 
     VCCIO | 17                                                    59 | GND 
       GND | 18                                                    58 | D9 
     ALU_B | 19                                                    57 | D5 
      LDAR | 20                                                    56 | D17 
    ADDR_B | 21                                                    55 | T3 
      CS_D | 22                                                    54 | ^MSEL0 
     LDPSW | 23                                                    53 | ^MSEL1 
      #TMS | 24                                                    52 | VCCINT 
  ^nSTATUS | 25                                                    51 | ^nCONFIG 
           |      27  29  31  33  35  37  39  41  43  45  47  49  _| 
            \   26  28  30  32  34  36  38  40  42  44  46  48  50   | 
             \----------------------------------------------------- 
                D D R L T R D R R V G V D T D G G R V R R R R R R  
                7 1 E D 4 E 1 E E C N C 0 2 1 N N E C E E E E E E  
                  2 S I   S 4 S S C D C       D D S C S S S S S S  
                    E R   E   E E I   _       _   E I E E E E E E  
                    R     R   R R N   C       C   R O R R R R R R  
                    V     V   V V T   K       K   V   V V V V V V  
                    E     E   E E     L       L   E   E E E E E E  
                    D     D   D D     K       K   D   D D D D D D  
                                                                   
                                                                   


N.C. = No Connect. This pin has no internal connection to the device.
VCCINT = Dedicated power pin, which MUST be connected to VCC (2.5 volts).
VCCIO = Dedicated power pin, which MUST be connected to VCC (2.5 volts).
GND = Dedicated ground pin or unused dedicated input, which MUST be connected to GND.
RESERVED = Unused I/O pin, which MUST be left unconnected.

^ = Dedicated configuration pin.
+ = Reserved configuration pin, which is tri-stated during user mode.
* = Reserved configuration pin, which drives out in user mode.
PDn = Power Down pin. 
@ = Special-purpose pin. 
# = JTAG Boundary-Scan Testing/In-System Programming or Configuration Pin. The JTAG inputs TMS and TDI should be tied to VCC and TCK should be tied to GND when not in use.
& = JTAG pin used for I/O. When used as user I/O, JTAG pins must be kept stable before and during configuration.  JTAG pin stability prevents accidental loading of JTAG instructions.
$ = Pin has PCI I/O option enabled. Pin is neither '5.0 V'- nor '3.3 V'-tolerant. 


Device-Specific Information:c:\users\administrator\onedrive - mytccd.edu\experimentreport\computerorganization\curriculumdesign\dingel-cpu\mcommand.rpt
mcommand

** RESOURCE USAGE **

Logic                Column       Row                                   
Array                Interconnect Interconnect         Clears/     External  
Block   Logic Cells  Driven       Driven       Clocks  Presets   Interconnect
A7       1/ 8( 12%)   0/ 8(  0%)   1/ 8( 12%)    1/2    0/2       1/22(  4%)   
A11      1/ 8( 12%)   0/ 8(  0%)   1/ 8( 12%)    1/2    0/2       1/22(  4%)   
A13      1/ 8( 12%)   0/ 8(  0%)   1/ 8( 12%)    1/2    0/2       1/22(  4%)   
A14      1/ 8( 12%)   1/ 8( 12%)   0/ 8(  0%)    1/2    0/2       1/22(  4%)   
A15      5/ 8( 62%)   0/ 8(  0%)   3/ 8( 37%)    1/2    0/2       4/22( 18%)   
A17      1/ 8( 12%)   0/ 8(  0%)   1/ 8( 12%)    1/2    0/2       1/22(  4%)   
B1       1/ 8( 12%)   0/ 8(  0%)   1/ 8( 12%)    1/2    0/2       1/22(  4%)   
B2       1/ 8( 12%)   0/ 8(  0%)   1/ 8( 12%)    1/2    0/2       1/22(  4%)   
B3       1/ 8( 12%)   0/ 8(  0%)   1/ 8( 12%)    1/2    0/2       1/22(  4%)   
B16      1/ 8( 12%)   0/ 8(  0%)   1/ 8( 12%)    1/2    0/2       1/22(  4%)   
B20      1/ 8( 12%)   0/ 8(  0%)   1/ 8( 12%)    1/2    0/2       1/22(  4%)   
B22      1/ 8( 12%)   0/ 8(  0%)   1/ 8( 12%)    1/2    0/2       1/22(  4%)   
C13      1/ 8( 12%)   0/ 8(  0%)   1/ 8( 12%)    1/2    0/2       1/22(  4%)   
C17      1/ 8( 12%)   0/ 8(  0%)   1/ 8( 12%)    1/2    0/2       1/22(  4%)   
C20      8/ 8(100%)   1/ 8( 12%)   3/ 8( 37%)    1/2    0/2       5/22( 22%)   


Embedded             Column       Row                                   
Array     Embedded   Interconnect Interconnect         Read/      External  
Block     Cells      Driven       Driven       Clocks  Write    Interconnect


Total dedicated input pins used:                 6/6      (100%)
Total I/O pins used:                            37/60     ( 61%)
Total logic cells used:                         26/576    (  4%)
Total embedded cells used:                       0/48     (  0%)
Total EABs used:                                 0/3      (  0%)
Average fan-in:                                 1.23/4    ( 30%)
Total fan-in:                                  32/2304    (  1%)

Total input pins required:                      23
Total input I/O cell registers required:         0
Total output pins required:                     20
Total output I/O cell registers required:        0
Total buried I/O cell registers required:        0
Total bidirectional pins required:               0
Total reserved pins required                     0
Total logic cells required:                     26
Total flipflops required:                       20
Total packed registers required:                 0
Total logic cells in carry chains:               0
Total number of carry chains:                    0
Total logic cells in cascade chains:             0
Total number of cascade chains:                  0
Total single-pin Clock Enables required:         0
Total single-pin Output Enables required:        0

Synthesized logic cells:                         0/ 576   (  0%)

Logic Cell and Embedded Cell Counts

Column:  01  02  03  04  05  06  07  08  09  10  11  12  EA  13  14  15  16  17  18  19  20  21  22  23  24  Total(LC/EC)
 A:      0   0   0   0   0   0   1   0   0   0   1   0   0   1   1   5   0   1   0   0   0   0   0   0   0     10/0  
 B:      1   1   1   0   0   0   0   0   0   0   0   0   0   0   0   0   1   0   0   0   1   0   1   0   0      6/0  
 C:      0   0   0   0   0   0   0   0   0   0   0   0   0   1   0   0   0   1   0   0   8   0   0   0   0     10/0  

Total:   1   1   1   0   0   0   1   0   0   0   1   0   0   2   1   5   1   2   0   0   9   0   1   0   0     26/0  



Device-Specific Information:c:\users\administrator\onedrive - mytccd.edu\experimentreport\computerorganization\curriculumdesign\dingel-cpu\mcommand.rpt
mcommand

** INPUTS **

                                                    Fan-In    Fan-Out
 Pin     LC     EC   Row  Col  Primitive    Code      INP  FBK  OUT  FBK  Name
  38      -     -    -    --      INPUT             ^    0    0    0    1  D0
  40      -     -    -    --      INPUT             ^    0    0    0    1  D1
  89      -     -    -    --      INPUT             ^    0    0    0    1  D2
  91      -     -    -    --      INPUT             ^    0    0    0    1  D3
  90      -     -    -    --      INPUT             ^    0    0    0    1  D4
  57      -     -    C    --      INPUT             ^    0    0    0    1  D5
  65      -     -    B    --      INPUT             ^    0    0    0    1  D6
  26      -     -    -    23      INPUT             ^    0    0    0    1  D7
  70      -     -    A    --      INPUT             ^    0    0    0    1  D8
  58      -     -    C    --      INPUT             ^    0    0    0    1  D9
  77      -     -    -    01      INPUT             ^    0    0    0    1  D10
  68      -     -    A    --      INPUT             ^    0    0    0    1  D11
  27      -     -    -    21      INPUT             ^    0    0    0    1  D12
  63      -     -    B    --      INPUT             ^    0    0    0    1  D13
  32      -     -    -    16      INPUT             ^    0    0    0    1  D14
   9      -     -    A    --      INPUT             ^    0    0    0    1  D15
  96      -     -    -    22      INPUT             ^    0    0    0    1  D16
  56      -     -    C    --      INPUT             ^    0    0    0    1  D17
  94      -     -    -    19      INPUT             ^    0    0    0    1  D18
  16      -     -    B    --      INPUT             ^    0    0    0    1  D19
  39      -     -    -    --      INPUT  G          ^    0    0    0    0  T2
  55      -     -    C    --      INPUT             ^    0    0    0    4  T3
  30      -     -    -    18      INPUT             ^    0    0    0    2  T4


Code:

s = Synthesized pin or logic cell
+ = Synchronous flipflop
/ = Slow slew-rate output
! = NOT gate push-back
r = Fitter-inserted logic cell
^ = Increased input delay
* = PCI I/O is enabled
@ = Uses single-pin Clock Enable
& = Uses single-pin Output Enable
G = Global Source. Fan-out destinations counted here do not include destinations
that are driven using global routing resources. Refer to the Auto Global Signals,
Clock Signals, Clear Signals, Synchronous Load Signals, and Synchronous Clear Signals
Sections of this Report File for information on which signals' fan-outs are used as
Clock, Clear, Preset, Output Enable, and synchronous Load signals.


Device-Specific Information:c:\users\administrator\onedrive - mytccd.edu\experimentreport\computerorganization\curriculumdesign\dingel-cpu\mcommand.rpt
mcommand

** OUTPUTS **

       Fed By Fed By                                Fan-In    Fan-Out
 Pin     LC     EC   Row  Col  Primitive    Code      INP  FBK  OUT  FBK  Name
  21      -     -    C    --     OUTPUT                 0    1    0    0  ADDR_B
  19      -     -    C    --     OUTPUT                 0    1    0    0  ALU_B
  22      -     -    C    --     OUTPUT                 0    1    0    0  CS_D
   5      -     -    A    --     OUTPUT                 0    1    0    0  CS_I
  20      -     -    C    --     OUTPUT                 0    1    0    0  LDAR
  29      -     -    -    19     OUTPUT                 0    1    0    0  LDIR
   8      -     -    A    --     OUTPUT                 0    1    0    0  LDPC
  23      -     -    C    --     OUTPUT                 0    1    0    0  LDPSW
   6      -     -    A    --     OUTPUT                 0    1    0    0  LDRI
   7      -     -    A    --     OUTPUT                 0    1    0    0  LED_B
  13      -     -    B    --     OUTPUT                 0    1    0    0  LOAD
  14      -     -    B    --     OUTPUT                 0    1    0    0  P1
  64      -     -    B    --     OUTPUT                 0    1    0    0  P2
  69      -     -    A    --     OUTPUT                 0    1    0    0  RAM_B
  15      -     -    B    --     OUTPUT                 0    1    0    0  RD_D
  62      -     -    B    --     OUTPUT                 0    1    0    0  RS_B
  71      -     -    A    --     OUTPUT                 0    1    0    0  SW_B
  61      -     -    B    --     OUTPUT                 0    1    0    0  S0
  10      -     -    A    --     OUTPUT                 0    1    0    0  S1
  93      -     -    -    13     OUTPUT                 0    1    0    0  S2


Code:

s = Synthesized pin or logic cell
+ = Synchronous flipflop
/ = Slow slew-rate output
! = NOT gate push-back
r = Fitter-inserted logic cell
^ = Increased input delay
* = PCI I/O is enabled
@ = Uses single-pin Clock Enable
& = Uses single-pin Output Enable


Device-Specific Information:c:\users\administrator\onedrive - mytccd.edu\experimentreport\computerorganization\curriculumdesign\dingel-cpu\mcommand.rpt
mcommand

** BURIED LOGIC **

                                                    Fan-In    Fan-Out
 IOC     LC     EC   Row  Col  Primitive    Code      INP  FBK  OUT  FBK  Name
   -      1     -    B    20       DFFE   +            1    0    1    0  DATAOUT19 (:44)
   -      4     -    A    15       DFFE   +            1    0    0    1  DATAOUT18 (:45)
   -      8     -    C    20       DFFE   +            1    0    0    1  DATAOUT17 (:46)
   -      7     -    C    20       DFFE   +            1    0    0    1  DATAOUT16 (:47)
   -      3     -    A    15       DFFE   +            1    0    0    1  DATAOUT15 (:48)
   -      4     -    C    20       DFFE   +            1    0    0    1  DATAOUT14 (:49)
   -      6     -    B    01       DFFE   +            1    0    1    0  DATAOUT13 (:50)
   -      4     -    A    14       DFFE   +            1    0    1    0  DATAOUT12 (:51)
   -      8     -    A    17       DFFE   +            1    0    1    0  DATAOUT11 (:52)
   -      8     -    B    03       DFFE   +            1    0    1    0  DATAOUT10 (:53)
   -      1     -    C    17       DFFE   +            1    0    1    0  DATAOUT9 (:54)
   -      1     -    A    11       DFFE   +            1    0    1    0  DATAOUT8 (:55)
   -      3     -    A    13       DFFE   +            1    0    1    0  DATAOUT7 (:56)
   -      8     -    B    16       DFFE   +            1    0    1    0  DATAOUT6 (:57)
   -      1     -    C    20       DFFE   +            1    0    0    1  DATAOUT5 (:58)
   -      5     -    A    07       DFFE   +            1    0    1    0  DATAOUT4 (:59)
   -      1     -    A    15       DFFE   +            1    0    1    0  DATAOUT3 (:60)
   -      4     -    C    13       DFFE   +            1    0    1    0  DATAOUT2 (:61)
   -      2     -    B    22       DFFE   +            1    0    1    0  DATAOUT1 (:62)
   -      2     -    B    02       DFFE   +            1    0    1    0  DATAOUT0 (:63)
   -      5     -    A    15       AND2                1    1    1    0  :866
   -      2     -    C    20       AND2                1    1    1    0  :890
   -      3     -    C    20       AND2                1    1    1    0  :914
   -      2     -    A    15       AND2                1    1    1    0  :938
   -      6     -    C    20       AND2                1    1    1    0  :962
   -      5     -    C    20       AND2                1    1    1    0  :1162


Code:

s = Synthesized pin or logic cell
+ = Synchronous flipflop
/ = Slow slew-rate output
! = NOT gate push-back
r = Fitter-inserted logic cell
^ = Increased input delay
* = PCI I/O is enabled
p = Packed register


Device-Specific Information:c:\users\administrator\onedrive - mytccd.edu\experimentreport\computerorganization\curriculumdesign\dingel-cpu\mcommand.rpt
mcommand

** FASTTRACK INTERCONNECT UTILIZATION **

Row FastTrack Interconnect:

          Global         Left Half-      Right Half-
         FastTrack       FastTrack       FastTrack 
Row     Interconnect    Interconnect    Interconnect    Input Pins     Output Pins     Bidir Pins
A:       6/ 96(  6%)     1/ 48(  2%)     7/ 48( 14%)    3/16( 18%)      7/16( 43%)     0/16(  0%)
B:       5/ 96(  5%)     2/ 48(  4%)     3/ 48(  6%)    3/16( 18%)      6/16( 37%)     0/16(  0%)
C:       6/ 96(  6%)     0/ 48(  0%)     5/ 48( 10%)    4/16( 25%)      5/16( 31%)     0/16(  0%)


Column FastTrack Interconnect:

         FastTrack                                 
Column  Interconnect    Input Pins     Output Pins     Bidir Pins
01:      1/24(  4%)     1/4( 25%)      0/4(  0%)       0/4(  0%)
02:      0/24(  0%)     0/4(  0%)      0/4(  0%)       0/4(  0%)
03:      0/24(  0%)     0/4(  0%)      0/4(  0%)       0/4(  0%)
04:      0/24(  0%)     0/4(  0%)      0/4(  0%)       0/4(  0%)
05:      0/24(  0%)     0/4(  0%)      0/4(  0%)       0/4(  0%)
06:      0/24(  0%)     0/4(  0%)      0/4(  0%)       0/4(  0%)
07:      0/24(  0%)     0/4(  0%)      0/4(  0%)       0/4(  0%)
08:      0/24(  0%)     0/4(  0%)      0/4(  0%)       0/4(  0%)
09:      0/24(  0%)     0/4(  0%)      0/4(  0%)       0/4(  0%)
10:      0/24(  0%)     0/4(  0%)      0/4(  0%)       0/4(  0%)
11:      0/24(  0%)     0/4(  0%)      0/4(  0%)       0/4(  0%)
12:      0/24(  0%)     0/4(  0%)      0/4(  0%)       0/4(  0%)
13:      1/24(  4%)     0/4(  0%)      1/4( 25%)       0/4(  0%)
14:      0/24(  0%)     0/4(  0%)      0/4(  0%)       0/4(  0%)
15:      0/24(  0%)     0/4(  0%)      0/4(  0%)       0/4(  0%)
16:      1/24(  4%)     1/4( 25%)      0/4(  0%)       0/4(  0%)
17:      0/24(  0%)     0/4(  0%)      0/4(  0%)       0/4(  0%)
18:      1/24(  4%)     1/4( 25%)      0/4(  0%)       0/4(  0%)
19:      2/24(  8%)     1/4( 25%)      1/4( 25%)       0/4(  0%)
20:      0/24(  0%)     0/4(  0%)      0/4(  0%)       0/4(  0%)
21:      1/24(  4%)     1/4( 25%)      0/4(  0%)       0/4(  0%)
22:      1/24(  4%)     1/4( 25%)      0/4(  0%)       0/4(  0%)
23:      1/24(  4%)     1/4( 25%)      0/4(  0%)       0/4(  0%)
24:      0/24(  0%)     0/4(  0%)      0/4(  0%)       0/4(  0%)
EA:      0/24(  0%)     0/4(  0%)      0/4(  0%)       0/4(  0%)


Device-Specific Information:c:\users\administrator\onedrive - mytccd.edu\experimentreport\computerorganization\curriculumdesign\dingel-cpu\mcommand.rpt
mcommand

** CLOCK SIGNALS **

Type     Fan-out       Name
INPUT       20         T2


Device-Specific Information:c:\users\administrator\onedrive - mytccd.edu\experimentreport\computerorganization\curriculumdesign\dingel-cpu\mcommand.rpt
mcommand

** EQUATIONS **

D0       : INPUT;
D1       : INPUT;
D2       : INPUT;
D3       : INPUT;
D4       : INPUT;
D5       : INPUT;
D6       : INPUT;
D7       : INPUT;
D8       : INPUT;
D9       : INPUT;
D10      : INPUT;
D11      : INPUT;
D12      : INPUT;
D13      : INPUT;
D14      : INPUT;
D15      : INPUT;
D16      : INPUT;
D17      : INPUT;
D18      : INPUT;
D19      : INPUT;
T2       : INPUT;
T3       : INPUT;
T4       : INPUT;

-- Node name is 'ADDR_B' 
-- Equation name is 'ADDR_B', type is output 
ADDR_B   =  DATAOUT2;

-- Node name is 'ALU_B' 
-- Equation name is 'ALU_B', type is output 
ALU_B    =  DATAOUT9;

-- Node name is 'CS_D' 
-- Equation name is 'CS_D', type is output 
CS_D     =  _LC5_C20;

-- Node name is 'CS_I' 
-- Equation name is 'CS_I', type is output 
CS_I     =  DATAOUT3;

-- Node name is ':63' = 'DATAOUT0' 
-- Equation name is 'DATAOUT0', location is LC2_B2, type is buried.
DATAOUT0 = DFFE( D0, GLOBAL( T2),  VCC,  VCC,  VCC);

-- Node name is ':62' = 'DATAOUT1' 
-- Equation name is 'DATAOUT1', location is LC2_B22, type is buried.
DATAOUT1 = DFFE( D1, GLOBAL( T2),  VCC,  VCC,  VCC);

-- Node name is ':61' = 'DATAOUT2' 
-- Equation name is 'DATAOUT2', location is LC4_C13, type is buried.
DATAOUT2 = DFFE( D2, GLOBAL( T2),  VCC,  VCC,  VCC);

-- Node name is ':60' = 'DATAOUT3' 
-- Equation name is 'DATAOUT3', location is LC1_A15, type is buried.
DATAOUT3 = DFFE( D3, GLOBAL( T2),  VCC,  VCC,  VCC);

-- Node name is ':59' = 'DATAOUT4' 
-- Equation name is 'DATAOUT4', location is LC5_A7, type is buried.
DATAOUT4 = DFFE( D4, GLOBAL( T2),  VCC,  VCC,  VCC);

-- Node name is ':58' = 'DATAOUT5' 
-- Equation name is 'DATAOUT5', location is LC1_C20, type is buried.
DATAOUT5 = DFFE( D5, GLOBAL( T2),  VCC,  VCC,  VCC);

-- Node name is ':57' = 'DATAOUT6' 
-- Equation name is 'DATAOUT6', location is LC8_B16, type is buried.
DATAOUT6 = DFFE( D6, GLOBAL( T2),  VCC,  VCC,  VCC);

-- Node name is ':56' = 'DATAOUT7' 
-- Equation name is 'DATAOUT7', location is LC3_A13, type is buried.
DATAOUT7 = DFFE( D7, GLOBAL( T2),  VCC,  VCC,  VCC);

-- Node name is ':55' = 'DATAOUT8' 
-- Equation name is 'DATAOUT8', location is LC1_A11, type is buried.
DATAOUT8 = DFFE( D8, GLOBAL( T2),  VCC,  VCC,  VCC);

-- Node name is ':54' = 'DATAOUT9' 
-- Equation name is 'DATAOUT9', location is LC1_C17, type is buried.
DATAOUT9 = DFFE( D9, GLOBAL( T2),  VCC,  VCC,  VCC);

-- Node name is ':53' = 'DATAOUT10' 
-- Equation name is 'DATAOUT10', location is LC8_B3, type is buried.
DATAOUT10 = DFFE( D10, GLOBAL( T2),  VCC,  VCC,  VCC);

-- Node name is ':52' = 'DATAOUT11' 
-- Equation name is 'DATAOUT11', location is LC8_A17, type is buried.
DATAOUT11 = DFFE( D11, GLOBAL( T2),  VCC,  VCC,  VCC);

-- Node name is ':51' = 'DATAOUT12' 
-- Equation name is 'DATAOUT12', location is LC4_A14, type is buried.
DATAOUT12 = DFFE( D12, GLOBAL( T2),  VCC,  VCC,  VCC);

-- Node name is ':50' = 'DATAOUT13' 
-- Equation name is 'DATAOUT13', location is LC6_B1, type is buried.
DATAOUT13 = DFFE( D13, GLOBAL( T2),  VCC,  VCC,  VCC);

-- Node name is ':49' = 'DATAOUT14' 
-- Equation name is 'DATAOUT14', location is LC4_C20, type is buried.
DATAOUT14 = DFFE( D14, GLOBAL( T2),  VCC,  VCC,  VCC);

-- Node name is ':48' = 'DATAOUT15' 
-- Equation name is 'DATAOUT15', location is LC3_A15, type is buried.
DATAOUT15 = DFFE( D15, GLOBAL( T2),  VCC,  VCC,  VCC);

-- Node name is ':47' = 'DATAOUT16' 
-- Equation name is 'DATAOUT16', location is LC7_C20, type is buried.
DATAOUT16 = DFFE( D16, GLOBAL( T2),  VCC,  VCC,  VCC);

-- Node name is ':46' = 'DATAOUT17' 
-- Equation name is 'DATAOUT17', location is LC8_C20, type is buried.
DATAOUT17 = DFFE( D17, GLOBAL( T2),  VCC,  VCC,  VCC);

-- Node name is ':45' = 'DATAOUT18' 
-- Equation name is 'DATAOUT18', location is LC4_A15, type is buried.
DATAOUT18 = DFFE( D18, GLOBAL( T2),  VCC,  VCC,  VCC);

-- Node name is ':44' = 'DATAOUT19' 
-- Equation name is 'DATAOUT19', location is LC1_B20, type is buried.
DATAOUT19 = DFFE( D19, GLOBAL( T2),  VCC,  VCC,  VCC);

-- Node name is 'LDAR' 
-- Equation name is 'LDAR', type is output 
LDAR     =  _LC2_C20;

-- Node name is 'LDIR' 
-- Equation name is 'LDIR', type is output 
LDIR     =  _LC3_C20;

-- Node name is 'LDPC' 
-- Equation name is 'LDPC', type is output 
LDPC     =  _LC5_A15;

-- Node name is 'LDPSW' 
-- Equation name is 'LDPSW', type is output 
LDPSW    =  _LC6_C20;

-- Node name is 'LDRI' 
-- Equation name is 'LDRI', type is output 
LDRI     =  _LC2_A15;

-- Node name is 'LED_B' 
-- Equation name is 'LED_B', type is output 
LED_B    =  DATAOUT7;

-- Node name is 'LOAD' 
-- Equation name is 'LOAD', type is output 
LOAD     =  DATAOUT19;

-- Node name is 'P1' 
-- Equation name is 'P1', type is output 
P1       =  DATAOUT1;

-- Node name is 'P2' 
-- Equation name is 'P2', type is output 
P2       =  DATAOUT0;

-- Node name is 'RAM_B' 
-- Equation name is 'RAM_B', type is output 
RAM_B    =  DATAOUT4;

-- Node name is 'RD_D' 
-- Equation name is 'RD_D', type is output 
RD_D     =  DATAOUT6;

-- Node name is 'RS_B' 
-- Equation name is 'RS_B', type is output 
RS_B     =  DATAOUT13;

-- Node name is 'SW_B' 
-- Equation name is 'SW_B', type is output 
SW_B     =  DATAOUT8;

-- Node name is 'S0' 
-- Equation name is 'S0', type is output 
S0       =  DATAOUT10;

-- Node name is 'S1' 
-- Equation name is 'S1', type is output 
S1       =  DATAOUT11;

-- Node name is 'S2' 
-- Equation name is 'S2', type is output 
S2       =  DATAOUT12;

-- Node name is ':866' 
-- Equation name is '_LC5_A15', type is buried 
_LC5_A15 = LCELL( _EQ001);
  _EQ001 =  DATAOUT18 &  T4;

-- Node name is ':890' 
-- Equation name is '_LC2_C20', type is buried 
_LC2_C20 = LCELL( _EQ002);
  _EQ002 =  DATAOUT17 &  T3;

-- Node name is ':914' 
-- Equation name is '_LC3_C20', type is buried 
_LC3_C20 = LCELL( _EQ003);
  _EQ003 =  DATAOUT16 &  T3;

-- Node name is ':938' 
-- Equation name is '_LC2_A15', type is buried 
_LC2_A15 = LCELL( _EQ004);
  _EQ004 =  DATAOUT15 &  T4;

-- Node name is ':962' 
-- Equation name is '_LC6_C20', type is buried 
_LC6_C20 = LCELL( _EQ005);
  _EQ005 =  DATAOUT14 &  T3;

-- Node name is ':1162' 
-- Equation name is '_LC5_C20', type is buried 
_LC5_C20 = LCELL( _EQ006);
  _EQ006 =  DATAOUT5 &  T3;



Project Informationc:\users\administrator\onedrive - mytccd.edu\experimentreport\computerorganization\curriculumdesign\dingel-cpu\mcommand.rpt

** COMPILATION SETTINGS & TIMES **

Processing Menu Commands
------------------------

Design Doctor                             = off

Logic Synthesis:

   Synthesis Type Used                    = Multi-Level

   Default Synthesis Style                = NORMAL

      Logic option settings in 'NORMAL' style for 'ACEX1K' family

      CARRY_CHAIN                         = ignore
      CARRY_CHAIN_LENGTH                  = 32
      CASCADE_CHAIN                       = ignore
      CASCADE_CHAIN_LENGTH                = 2
      DECOMPOSE_GATES                     = on
      DUPLICATE_LOGIC_EXTRACTION          = on
      MINIMIZATION                        = full
      MULTI_LEVEL_FACTORING               = on
      NOT_GATE_PUSH_BACK                  = on
      REDUCE_LOGIC                        = on
      REFACTORIZATION                     = on
      REGISTER_OPTIMIZATION               = on
      RESYNTHESIZE_NETWORK                = on
      SLOW_SLEW_RATE                      = off
      SUBFACTOR_EXTRACTION                = on
      IGNORE_SOFT_BUFFERS                 = on
      USE_LPM_FOR_AHDL_OPERATORS          = off

   Other logic synthesis settings:

      Automatic Global Clock              = on
      Automatic Global Clear              = on
      Automatic Global Preset             = on
      Automatic Global Output Enable      = on
      Automatic Fast I/O                  = off
      Automatic Register Packing          = off
      Automatic Open-Drain Pins           = on
      Automatic Implement in EAB          = off
      Optimize                            = 5

Default Timing Specifications: None

Cut All Bidir Feedback Timing Paths       = on
Cut All Clear & Preset Timing Paths       = on

Ignore Timing Assignments                 = off

Functional SNF Extractor                  = off

Linked SNF Extractor                      = off
Timing SNF Extractor                      = on
Optimize Timing SNF                       = off
Generate AHDL TDO File                    = off
Fitter Settings                           = NORMAL
Use Quartus Fitter                        = on
Smart Recompile                           = off
Total Recompile                           = off

Interfaces Menu Commands
------------------------

EDIF Netlist Writer                       = off
Verilog Netlist Writer                    = off
VHDL Netlist Writer                       = off

Compilation Times
-----------------

   Compiler Netlist Extractor             00:00:00
   Database Builder                       00:00:01
   Logic Synthesizer                      00:00:00
   Partitioner                            00:00:00
   Fitter                                 00:00:00
   Timing SNF Extractor                   00:00:00
   Assembler                              00:00:00
   --------------------------             --------
   Total Time                             00:00:01


Memory Allocated
-----------------

Peak memory allocated during compilation  = 17,824K
