Project Informationc:\users\administrator\onedrive - mytccd.edu\experimentreport\computerorganization\curriculumdesign\dingel-cpu\mux3_2.rpt

MAX+plus II Compiler Report File
Version 10.0 9/14/2000
Compiled: 09/08/2020 19:09:59

Copyright (C) 1988-2000 Altera Corporation
Any megafunction design, and related net list (encrypted or decrypted),
support information, device programming or simulation file, and any other
associated documentation or information provided by Altera or a partner
under Altera's Megafunction Partnership Program may be used only to
program PLD devices (but not masked PLD devices) from Altera.  Any other
use of such megafunction design, net list, support information, device
programming or simulation file, or any other related documentation or
information is prohibited for any other purpose, including, but not
limited to modification, reverse engineering, de-compiling, or use with
any other silicon devices, unless such use is explicitly licensed under
a separate agreement with Altera or a megafunction partner.  Title to
the intellectual property, including patents, copyrights, trademarks,
trade secrets, or maskworks, embodied in any such megafunction design,
net list, support information, device programming or simulation file, or
any other related documentation or information provided by Altera or a
megafunction partner, remains with Altera, the megafunction partner, or
their respective licensors.  No other licenses, including any licenses
needed under any third party's intellectual property, are provided herein.



***** Project compilation was successful


MUX3_2


** DEVICE SUMMARY **

Chip/                     Input Output Bidir  Memory  Memory  			 LCs
POF       Device          Pins  Pins   Pins   Bits % Utilized  LCs  % Utilized

mux3_2    EP1K10TC100-1    27     8      0    0         0  %    16       2  %

User Pins:                 27     8      0  



Project Informationc:\users\administrator\onedrive - mytccd.edu\experimentreport\computerorganization\curriculumdesign\dingel-cpu\mux3_2.rpt

** PROJECT TIMING MESSAGES **

Warning: Timing characteristics of device EP1K10TC100-1 are preliminary


Device-Specific Information:c:\users\administrator\onedrive - mytccd.edu\experimentreport\computerorganization\curriculumdesign\dingel-cpu\mux3_2.rpt
mux3_2

***** Logic for device 'mux3_2' compiled without errors.




Device: EP1K10TC100-1

ACEX 1K Configuration Scheme: Passive Serial

Device Options:
    User-Supplied Start-Up Clock               = OFF
    Auto-Restart Configuration on Frame Error  = OFF
    Release Clears Before Tri-States           = OFF
    Enable Chip_Wide Reset                     = OFF
    Enable Chip-Wide Output Enable             = OFF
    Enable INIT_DONE Output                    = OFF
    JTAG User Code                             = 7f
    MultiVolt I/O                              = OFF
    Enable Lock Output                         = OFF

                                                                   
                                                                   
                  R R R R   R R                     R R R R        
                  E E E E   E E     A               E E E E        
                  S S S S   S S V R L       R       S S S S R   ^  
                  E E E E   E E C S U A   A S D A V E E E E S A D  
                # R R R R   R R C O O L   O O B O C R R R R O O A  
                T V V V V G V V I U U U G U U U U C V V V V U U T  
                C E E E E N E E N T T _ N T T S T I E E E E T T A  
                K D D D D D D D T 0 0 B D 3 5 5 5 O D D D D 7 7 0  
              ----------------------------------------------------_ 
             / 100  98  96  94  92  90  88  86  84  82  80  78  76   |_ 
            /     99  97  95  93  91  89  87  85  83  81  79  77    | 
^CONF_DONE |  1                                                    75 | ^DCLK 
     ^nCEO |  2                                                    74 | ^nCE 
      #TDO |  3                                                    73 | #TDI 
     VCCIO |  4                                                    72 | VCCINT 
     DBUS2 |  5                                                    71 | RSOUT1 
     DBUS1 |  6                                                    70 | ALUOUT1 
     DBUS0 |  7                                                    69 | ALUOUT2 
     AOUT4 |  8                                                    68 | RSOUT2 
     AOUT2 |  9                                                    67 | VCCIO 
     DBUS4 | 10                                                    66 | GND 
       GND | 11                                                    65 | DBUS3 
    VCCINT | 12                                                    64 | ALUOUT7 
   ALUOUT5 | 13                   EP1K10TC100-1                    63 | ALUOUT6 
     DBUS7 | 14                                                    62 | RSOUT3 
   ALUOUT3 | 15                                                    61 | DBUS6 
     AOUT6 | 16                                                    60 | VCCINT 
     VCCIO | 17                                                    59 | GND 
       GND | 18                                                    58 | RESERVED 
  RESERVED | 19                                                    57 | RESERVED 
  RESERVED | 20                                                    56 | RESERVED 
  RESERVED | 21                                                    55 | RESERVED 
  RESERVED | 22                                                    54 | ^MSEL0 
  RESERVED | 23                                                    53 | ^MSEL1 
      #TMS | 24                                                    52 | VCCINT 
  ^nSTATUS | 25                                                    51 | ^nCONFIG 
           |      27  29  31  33  35  37  39  41  43  45  47  49  _| 
            \   26  28  30  32  34  36  38  40  42  44  46  48  50   | 
             \----------------------------------------------------- 
                A R R R A R R R R V G V R A A G G R V R R R R R R  
                O E E S L E E E E C N C S O D N N E C S E E E E E  
                U S S O U S S S S C D C _ U D D D S C O S S S S S  
                T E E U O E E E E I   _ B T R _   E I U E E E E E  
                1 R R T U R R R R N   C   0 _ C   R O T R R R R R  
                  V V 4 T V V V V T   K     B K   V   6 V V V V V  
                  E E   4 E E E E     L       L   E     E E E E E  
                  D D     D D D D     K       K   D     D D D D D  
                                                                   
                                                                   


N.C. = No Connect. This pin has no internal connection to the device.
VCCINT = Dedicated power pin, which MUST be connected to VCC (2.5 volts).
VCCIO = Dedicated power pin, which MUST be connected to VCC (2.5 volts).
GND = Dedicated ground pin or unused dedicated input, which MUST be connected to GND.
RESERVED = Unused I/O pin, which MUST be left unconnected.

^ = Dedicated configuration pin.
+ = Reserved configuration pin, which is tri-stated during user mode.
* = Reserved configuration pin, which drives out in user mode.
PDn = Power Down pin. 
@ = Special-purpose pin. 
# = JTAG Boundary-Scan Testing/In-System Programming or Configuration Pin. The JTAG inputs TMS and TDI should be tied to VCC and TCK should be tied to GND when not in use.
& = JTAG pin used for I/O. When used as user I/O, JTAG pins must be kept stable before and during configuration.  JTAG pin stability prevents accidental loading of JTAG instructions.
$ = Pin has PCI I/O option enabled. Pin is neither '5.0 V'- nor '3.3 V'-tolerant. 


Device-Specific Information:c:\users\administrator\onedrive - mytccd.edu\experimentreport\computerorganization\curriculumdesign\dingel-cpu\mux3_2.rpt
mux3_2

** RESOURCE USAGE **

Logic                Column       Row                                   
Array                Interconnect Interconnect         Clears/     External  
Block   Logic Cells  Driven       Driven       Clocks  Presets   Interconnect
A23      8/ 8(100%)   0/ 8(  0%)   4/ 8( 50%)    0/2    0/2      15/22( 68%)   
B8       8/ 8(100%)   1/ 8( 12%)   3/ 8( 37%)    0/2    0/2      15/22( 68%)   


Embedded             Column       Row                                   
Array     Embedded   Interconnect Interconnect         Read/      External  
Block     Cells      Driven       Driven       Clocks  Write    Interconnect


Total dedicated input pins used:                 6/6      (100%)
Total I/O pins used:                            29/60     ( 48%)
Total logic cells used:                         16/576    (  2%)
Total embedded cells used:                       0/48     (  0%)
Total EABs used:                                 0/3      (  0%)
Average fan-in:                                 3.50/4    ( 87%)
Total fan-in:                                  56/2304    (  2%)

Total input pins required:                      27
Total input I/O cell registers required:         0
Total output pins required:                      8
Total output I/O cell registers required:        0
Total buried I/O cell registers required:        0
Total bidirectional pins required:               0
Total reserved pins required                     0
Total logic cells required:                     16
Total flipflops required:                        0
Total packed registers required:                 0
Total logic cells in carry chains:               0
Total number of carry chains:                    0
Total logic cells in cascade chains:             0
Total number of cascade chains:                  0
Total single-pin Clock Enables required:         0
Total single-pin Output Enables required:        0

Synthesized logic cells:                         0/ 576   (  0%)

Logic Cell and Embedded Cell Counts

Column:  01  02  03  04  05  06  07  08  09  10  11  12  EA  13  14  15  16  17  18  19  20  21  22  23  24  Total(LC/EC)
 A:      0   0   0   0   0   0   0   0   0   0   0   0   0   0   0   0   0   0   0   0   0   0   0   8   0      8/0  
 B:      0   0   0   0   0   0   0   8   0   0   0   0   0   0   0   0   0   0   0   0   0   0   0   0   0      8/0  
 C:      0   0   0   0   0   0   0   0   0   0   0   0   0   0   0   0   0   0   0   0   0   0   0   0   0      0/0  

Total:   0   0   0   0   0   0   0   8   0   0   0   0   0   0   0   0   0   0   0   0   0   0   0   8   0     16/0  



Device-Specific Information:c:\users\administrator\onedrive - mytccd.edu\experimentreport\computerorganization\curriculumdesign\dingel-cpu\mux3_2.rpt
mux3_2

** INPUTS **

                                                    Fan-In    Fan-Out
 Pin     LC     EC   Row  Col  Primitive    Code      INP  FBK  OUT  FBK  Name
  40      -     -    -    --      INPUT             ^    0    0    0    8  ADDR_B
  89      -     -    -    --      INPUT             ^    0    0    0    8  ALU_B
  90      -     -    -    --      INPUT             ^    0    0    0    1  ALUOUT0
  70      -     -    A    --      INPUT             ^    0    0    0    1  ALUOUT1
  69      -     -    A    --      INPUT             ^    0    0    0    1  ALUOUT2
  15      -     -    B    --      INPUT             ^    0    0    0    1  ALUOUT3
  30      -     -    -    18      INPUT             ^    0    0    0    1  ALUOUT4
  13      -     -    B    --      INPUT             ^    0    0    0    1  ALUOUT5
  63      -     -    B    --      INPUT             ^    0    0    0    1  ALUOUT6
  64      -     -    B    --      INPUT             ^    0    0    0    1  ALUOUT7
  39      -     -    -    --      INPUT             ^    0    0    0    1  AOUT0
  26      -     -    -    23      INPUT             ^    0    0    0    1  AOUT1
   9      -     -    A    --      INPUT             ^    0    0    0    1  AOUT2
  87      -     -    -    12      INPUT             ^    0    0    0    1  AOUT3
   8      -     -    A    --      INPUT             ^    0    0    0    1  AOUT4
  84      -     -    -    05      INPUT             ^    0    0    0    1  AOUT5
  16      -     -    B    --      INPUT             ^    0    0    0    1  AOUT6
  77      -     -    -    01      INPUT             ^    0    0    0    1  AOUT7
  38      -     -    -    --      INPUT             ^    0    0    0    8  RS_B
  91      -     -    -    --      INPUT             ^    0    0    0    1  RSOUT0
  71      -     -    A    --      INPUT             ^    0    0    0    1  RSOUT1
  68      -     -    A    --      INPUT             ^    0    0    0    1  RSOUT2
  62      -     -    B    --      INPUT             ^    0    0    0    1  RSOUT3
  29      -     -    -    19      INPUT             ^    0    0    0    1  RSOUT4
  86      -     -    -    09      INPUT             ^    0    0    0    1  RSOUT5
  45      -     -    -    11      INPUT             ^    0    0    0    1  RSOUT6
  78      -     -    -    01      INPUT             ^    0    0    0    1  RSOUT7


Code:

s = Synthesized pin or logic cell
+ = Synchronous flipflop
/ = Slow slew-rate output
! = NOT gate push-back
r = Fitter-inserted logic cell
^ = Increased input delay
* = PCI I/O is enabled
@ = Uses single-pin Clock Enable
& = Uses single-pin Output Enable


Device-Specific Information:c:\users\administrator\onedrive - mytccd.edu\experimentreport\computerorganization\curriculumdesign\dingel-cpu\mux3_2.rpt
mux3_2

** OUTPUTS **

       Fed By Fed By                                Fan-In    Fan-Out
 Pin     LC     EC   Row  Col  Primitive    Code      INP  FBK  OUT  FBK  Name
   7      -     -    A    --     OUTPUT                 0    1    0    0  DBUS0
   6      -     -    A    --     OUTPUT                 0    1    0    0  DBUS1
   5      -     -    A    --     OUTPUT                 0    1    0    0  DBUS2
  65      -     -    B    --     OUTPUT                 0    1    0    0  DBUS3
  10      -     -    A    --     OUTPUT                 0    1    0    0  DBUS4
  85      -     -    -    08     OUTPUT                 0    1    0    0  DBUS5
  61      -     -    B    --     OUTPUT                 0    1    0    0  DBUS6
  14      -     -    B    --     OUTPUT                 0    1    0    0  DBUS7


Code:

s = Synthesized pin or logic cell
+ = Synchronous flipflop
/ = Slow slew-rate output
! = NOT gate push-back
r = Fitter-inserted logic cell
^ = Increased input delay
* = PCI I/O is enabled
@ = Uses single-pin Clock Enable
& = Uses single-pin Output Enable


Device-Specific Information:c:\users\administrator\onedrive - mytccd.edu\experimentreport\computerorganization\curriculumdesign\dingel-cpu\mux3_2.rpt
mux3_2

** BURIED LOGIC **

                                                    Fan-In    Fan-Out
 IOC     LC     EC   Row  Col  Primitive    Code      INP  FBK  OUT  FBK  Name
   -      7     -    B    08        OR2                4    0    0    1  :207
   -      3     -    B    08        OR2                2    1    1    0  :213
   -      5     -    B    08        OR2                4    0    0    1  :222
   -      8     -    B    08        OR2                2    1    1    0  :225
   -      4     -    B    08        OR2                4    0    0    1  :234
   -      6     -    B    08        OR2                2    1    1    0  :237
   -      7     -    A    23        OR2                4    0    0    1  :246
   -      8     -    A    23        OR2                2    1    1    0  :249
   -      2     -    B    08        OR2                4    0    0    1  :258
   -      1     -    B    08        OR2                2    1    1    0  :261
   -      6     -    A    23        OR2                4    0    0    1  :270
   -      1     -    A    23        OR2                2    1    1    0  :273
   -      5     -    A    23        OR2                4    0    0    1  :282
   -      2     -    A    23        OR2                2    1    1    0  :285
   -      4     -    A    23        OR2                4    0    0    1  :294
   -      3     -    A    23        OR2                2    1    1    0  :297


Code:

s = Synthesized pin or logic cell
+ = Synchronous flipflop
/ = Slow slew-rate output
! = NOT gate push-back
r = Fitter-inserted logic cell
^ = Increased input delay
* = PCI I/O is enabled
p = Packed register


Device-Specific Information:c:\users\administrator\onedrive - mytccd.edu\experimentreport\computerorganization\curriculumdesign\dingel-cpu\mux3_2.rpt
mux3_2

** FASTTRACK INTERCONNECT UTILIZATION **

Row FastTrack Interconnect:

          Global         Left Half-      Right Half-
         FastTrack       FastTrack       FastTrack 
Row     Interconnect    Interconnect    Interconnect    Input Pins     Output Pins     Bidir Pins
A:       7/ 96(  7%)     0/ 48(  0%)     6/ 48( 12%)    6/16( 37%)      4/16( 25%)     0/16(  0%)
B:       7/ 96(  7%)     8/ 48( 16%)     0/ 48(  0%)    6/16( 37%)      3/16( 18%)     0/16(  0%)
C:       0/ 96(  0%)     0/ 48(  0%)     0/ 48(  0%)    0/16(  0%)      0/16(  0%)     0/16(  0%)


Column FastTrack Interconnect:

         FastTrack                                 
Column  Interconnect    Input Pins     Output Pins     Bidir Pins
01:      2/24(  8%)     2/4( 50%)      0/4(  0%)       0/4(  0%)
02:      0/24(  0%)     0/4(  0%)      0/4(  0%)       0/4(  0%)
03:      0/24(  0%)     0/4(  0%)      0/4(  0%)       0/4(  0%)
04:      0/24(  0%)     0/4(  0%)      0/4(  0%)       0/4(  0%)
05:      1/24(  4%)     1/4( 25%)      0/4(  0%)       0/4(  0%)
06:      0/24(  0%)     0/4(  0%)      0/4(  0%)       0/4(  0%)
07:      0/24(  0%)     0/4(  0%)      0/4(  0%)       0/4(  0%)
08:      1/24(  4%)     0/4(  0%)      1/4( 25%)       0/4(  0%)
09:      1/24(  4%)     1/4( 25%)      0/4(  0%)       0/4(  0%)
10:      0/24(  0%)     0/4(  0%)      0/4(  0%)       0/4(  0%)
11:      1/24(  4%)     1/4( 25%)      0/4(  0%)       0/4(  0%)
12:      1/24(  4%)     1/4( 25%)      0/4(  0%)       0/4(  0%)
13:      0/24(  0%)     0/4(  0%)      0/4(  0%)       0/4(  0%)
14:      0/24(  0%)     0/4(  0%)      0/4(  0%)       0/4(  0%)
15:      0/24(  0%)     0/4(  0%)      0/4(  0%)       0/4(  0%)
16:      0/24(  0%)     0/4(  0%)      0/4(  0%)       0/4(  0%)
17:      0/24(  0%)     0/4(  0%)      0/4(  0%)       0/4(  0%)
18:      1/24(  4%)     1/4( 25%)      0/4(  0%)       0/4(  0%)
19:      1/24(  4%)     1/4( 25%)      0/4(  0%)       0/4(  0%)
20:      0/24(  0%)     0/4(  0%)      0/4(  0%)       0/4(  0%)
21:      0/24(  0%)     0/4(  0%)      0/4(  0%)       0/4(  0%)
22:      0/24(  0%)     0/4(  0%)      0/4(  0%)       0/4(  0%)
23:      1/24(  4%)     1/4( 25%)      0/4(  0%)       0/4(  0%)
24:      0/24(  0%)     0/4(  0%)      0/4(  0%)       0/4(  0%)
EA:      0/24(  0%)     0/4(  0%)      0/4(  0%)       0/4(  0%)


Device-Specific Information:c:\users\administrator\onedrive - mytccd.edu\experimentreport\computerorganization\curriculumdesign\dingel-cpu\mux3_2.rpt
mux3_2

** EQUATIONS **

ADDR_B   : INPUT;
ALU_B    : INPUT;
ALUOUT0  : INPUT;
ALUOUT1  : INPUT;
ALUOUT2  : INPUT;
ALUOUT3  : INPUT;
ALUOUT4  : INPUT;
ALUOUT5  : INPUT;
ALUOUT6  : INPUT;
ALUOUT7  : INPUT;
AOUT0    : INPUT;
AOUT1    : INPUT;
AOUT2    : INPUT;
AOUT3    : INPUT;
AOUT4    : INPUT;
AOUT5    : INPUT;
AOUT6    : INPUT;
AOUT7    : INPUT;
RS_B     : INPUT;
RSOUT0   : INPUT;
RSOUT1   : INPUT;
RSOUT2   : INPUT;
RSOUT3   : INPUT;
RSOUT4   : INPUT;
RSOUT5   : INPUT;
RSOUT6   : INPUT;
RSOUT7   : INPUT;

-- Node name is 'DBUS0' 
-- Equation name is 'DBUS0', type is output 
DBUS0    =  _LC3_A23;

-- Node name is 'DBUS1' 
-- Equation name is 'DBUS1', type is output 
DBUS1    =  _LC2_A23;

-- Node name is 'DBUS2' 
-- Equation name is 'DBUS2', type is output 
DBUS2    =  _LC1_A23;

-- Node name is 'DBUS3' 
-- Equation name is 'DBUS3', type is output 
DBUS3    =  _LC1_B8;

-- Node name is 'DBUS4' 
-- Equation name is 'DBUS4', type is output 
DBUS4    =  _LC8_A23;

-- Node name is 'DBUS5' 
-- Equation name is 'DBUS5', type is output 
DBUS5    =  _LC6_B8;

-- Node name is 'DBUS6' 
-- Equation name is 'DBUS6', type is output 
DBUS6    =  _LC8_B8;

-- Node name is 'DBUS7' 
-- Equation name is 'DBUS7', type is output 
DBUS7    =  _LC3_B8;

-- Node name is ':207' 
-- Equation name is '_LC7_B8', type is buried 
_LC7_B8  = LCELL( _EQ001);
  _EQ001 = !RS_B &  RSOUT7
         # !ADDR_B &  AOUT7 &  RS_B;

-- Node name is ':213' 
-- Equation name is '_LC3_B8', type is buried 
_LC3_B8  = LCELL( _EQ002);
  _EQ002 =  ALU_B &  _LC7_B8
         # !ALU_B &  ALUOUT7;

-- Node name is ':222' 
-- Equation name is '_LC5_B8', type is buried 
_LC5_B8  = LCELL( _EQ003);
  _EQ003 = !RS_B &  RSOUT6
         # !ADDR_B &  AOUT6 &  RS_B;

-- Node name is ':225' 
-- Equation name is '_LC8_B8', type is buried 
_LC8_B8  = LCELL( _EQ004);
  _EQ004 =  ALU_B &  _LC5_B8
         # !ALU_B &  ALUOUT6;

-- Node name is ':234' 
-- Equation name is '_LC4_B8', type is buried 
_LC4_B8  = LCELL( _EQ005);
  _EQ005 = !RS_B &  RSOUT5
         # !ADDR_B &  AOUT5 &  RS_B;

-- Node name is ':237' 
-- Equation name is '_LC6_B8', type is buried 
_LC6_B8  = LCELL( _EQ006);
  _EQ006 =  ALU_B &  _LC4_B8
         # !ALU_B &  ALUOUT5;

-- Node name is ':246' 
-- Equation name is '_LC7_A23', type is buried 
_LC7_A23 = LCELL( _EQ007);
  _EQ007 = !RS_B &  RSOUT4
         # !ADDR_B &  AOUT4 &  RS_B;

-- Node name is ':249' 
-- Equation name is '_LC8_A23', type is buried 
_LC8_A23 = LCELL( _EQ008);
  _EQ008 =  ALU_B &  _LC7_A23
         # !ALU_B &  ALUOUT4;

-- Node name is ':258' 
-- Equation name is '_LC2_B8', type is buried 
_LC2_B8  = LCELL( _EQ009);
  _EQ009 = !RS_B &  RSOUT3
         # !ADDR_B &  AOUT3 &  RS_B;

-- Node name is ':261' 
-- Equation name is '_LC1_B8', type is buried 
_LC1_B8  = LCELL( _EQ010);
  _EQ010 =  ALU_B &  _LC2_B8
         # !ALU_B &  ALUOUT3;

-- Node name is ':270' 
-- Equation name is '_LC6_A23', type is buried 
_LC6_A23 = LCELL( _EQ011);
  _EQ011 = !RS_B &  RSOUT2
         # !ADDR_B &  AOUT2 &  RS_B;

-- Node name is ':273' 
-- Equation name is '_LC1_A23', type is buried 
_LC1_A23 = LCELL( _EQ012);
  _EQ012 =  ALU_B &  _LC6_A23
         # !ALU_B &  ALUOUT2;

-- Node name is ':282' 
-- Equation name is '_LC5_A23', type is buried 
_LC5_A23 = LCELL( _EQ013);
  _EQ013 = !RS_B &  RSOUT1
         # !ADDR_B &  AOUT1 &  RS_B;

-- Node name is ':285' 
-- Equation name is '_LC2_A23', type is buried 
_LC2_A23 = LCELL( _EQ014);
  _EQ014 =  ALU_B &  _LC5_A23
         # !ALU_B &  ALUOUT1;

-- Node name is ':294' 
-- Equation name is '_LC4_A23', type is buried 
_LC4_A23 = LCELL( _EQ015);
  _EQ015 = !RS_B &  RSOUT0
         # !ADDR_B &  AOUT0 &  RS_B;

-- Node name is ':297' 
-- Equation name is '_LC3_A23', type is buried 
_LC3_A23 = LCELL( _EQ016);
  _EQ016 =  ALU_B &  _LC4_A23
         # !ALU_B &  ALUOUT0;



Project Informationc:\users\administrator\onedrive - mytccd.edu\experimentreport\computerorganization\curriculumdesign\dingel-cpu\mux3_2.rpt

** COMPILATION SETTINGS & TIMES **

Processing Menu Commands
------------------------

Design Doctor                             = off

Logic Synthesis:

   Synthesis Type Used                    = Multi-Level

   Default Synthesis Style                = NORMAL

      Logic option settings in 'NORMAL' style for 'ACEX1K' family

      CARRY_CHAIN                         = ignore
      CARRY_CHAIN_LENGTH                  = 32
      CASCADE_CHAIN                       = ignore
      CASCADE_CHAIN_LENGTH                = 2
      DECOMPOSE_GATES                     = on
      DUPLICATE_LOGIC_EXTRACTION          = on
      MINIMIZATION                        = full
      MULTI_LEVEL_FACTORING               = on
      NOT_GATE_PUSH_BACK                  = on
      REDUCE_LOGIC                        = on
      REFACTORIZATION                     = on
      REGISTER_OPTIMIZATION               = on
      RESYNTHESIZE_NETWORK                = on
      SLOW_SLEW_RATE                      = off
      SUBFACTOR_EXTRACTION                = on
      IGNORE_SOFT_BUFFERS                 = on
      USE_LPM_FOR_AHDL_OPERATORS          = off

   Other logic synthesis settings:

      Automatic Global Clock              = on
      Automatic Global Clear              = on
      Automatic Global Preset             = on
      Automatic Global Output Enable      = on
      Automatic Fast I/O                  = off
      Automatic Register Packing          = off
      Automatic Open-Drain Pins           = on
      Automatic Implement in EAB          = off
      Optimize                            = 5

Default Timing Specifications: None

Cut All Bidir Feedback Timing Paths       = on
Cut All Clear & Preset Timing Paths       = on

Ignore Timing Assignments                 = off

Functional SNF Extractor                  = off

Linked SNF Extractor                      = off
Timing SNF Extractor                      = on
Optimize Timing SNF                       = off
Generate AHDL TDO File                    = off
Fitter Settings                           = NORMAL
Use Quartus Fitter                        = on
Smart Recompile                           = off
Total Recompile                           = off

Interfaces Menu Commands
------------------------

EDIF Netlist Writer                       = off
Verilog Netlist Writer                    = off
VHDL Netlist Writer                       = off

Compilation Times
-----------------

   Compiler Netlist Extractor             00:00:00
   Database Builder                       00:00:00
   Logic Synthesizer                      00:00:00
   Partitioner                            00:00:00
   Fitter                                 00:00:01
   Timing SNF Extractor                   00:00:00
   Assembler                              00:00:00
   --------------------------             --------
   Total Time                             00:00:01


Memory Allocated
-----------------

Peak memory allocated during compilation  = 16,796K
